Analysis & Elaboration report for alu
Tue Mar 21 10:30:13 2023
Quartus Prime Version 22.1std.0 Build 915 10/25/2022 SC Lite Edition


---------------------
; Table of Contents ;
---------------------
  1. Legal Notice
  2. Analysis & Elaboration Summary
  3. Parallel Compilation
  4. Parameter Settings for User Entity Instance: Top-level Entity: |alu
  5. Parameter Settings for User Entity Instance: sumador_n:sum1
  6. Parameter Settings for User Entity Instance: restador_n:res1
  7. Parameter Settings for User Entity Instance: lsl_arithmetic:lsl1
  8. Parameter Settings for User Entity Instance: lrl_arithmetic:lrl1
  9. Parameter Settings for User Entity Instance: and_gate_n:and1
 10. Parameter Settings for User Entity Instance: or_gate_n:or1
 11. Parameter Settings for User Entity Instance: xor_gate_n:xor1
 12. Parameter Settings for User Entity Instance: lsl_logic:lsl2
 13. Parameter Settings for User Entity Instance: lrl_logic:lrl2
 14. Parameter Settings for User Entity Instance: n_not_gate:not1
 15. Parameter Settings for User Entity Instance: mux_:mux1
 16. Parameter Settings for User Entity Instance: zeroflag:zf
 17. Analysis & Elaboration Settings
 18. Port Connectivity Checks: "lrl_arithmetic:lrl1"
 19. Analysis & Elaboration Messages



----------------
; Legal Notice ;
----------------
Copyright (C) 2022  Intel Corporation. All rights reserved.
Your use of Intel Corporation's design tools, logic functions 
and other software and tools, and any partner logic 
functions, and any output files from any of the foregoing 
(including device programming or simulation files), and any 
associated documentation or information are expressly subject 
to the terms and conditions of the Intel Program License 
Subscription Agreement, the Intel Quartus Prime License Agreement,
the Intel FPGA IP License Agreement, or other applicable license
agreement, including, without limitation, that your use is for
the sole purpose of programming logic devices manufactured by
Intel and sold by Intel or its authorized distributors.  Please
refer to the applicable agreement for further details, at
https://fpgasoftware.intel.com/eula.



+--------------------------------------------------------------------------------+
; Analysis & Elaboration Summary                                                 ;
+-------------------------------+------------------------------------------------+
; Analysis & Elaboration Status ; Successful - Tue Mar 21 10:30:13 2023          ;
; Quartus Prime Version         ; 22.1std.0 Build 915 10/25/2022 SC Lite Edition ;
; Revision Name                 ; alu                                            ;
; Top-level Entity Name         ; alu                                            ;
; Family                        ; Cyclone V                                      ;
; Logic utilization (in ALMs)   ; N/A until Partition Merge                      ;
; Total registers               ; N/A until Partition Merge                      ;
; Total pins                    ; N/A until Partition Merge                      ;
; Total virtual pins            ; N/A until Partition Merge                      ;
; Total block memory bits       ; N/A until Partition Merge                      ;
; Total PLLs                    ; N/A until Partition Merge                      ;
; Total DLLs                    ; N/A until Partition Merge                      ;
+-------------------------------+------------------------------------------------+


+------------------------------------------+
; Parallel Compilation                     ;
+----------------------------+-------------+
; Processors                 ; Number      ;
+----------------------------+-------------+
; Number detected on machine ; 8           ;
; Maximum allowed            ; 4           ;
;                            ;             ;
; Average used               ; 1.00        ;
; Maximum used               ; 1           ;
;                            ;             ;
; Usage by Processor         ; % Time Used ;
;     Processor 1            ; 100.0%      ;
+----------------------------+-------------+


+---------------------------------------------------------------------+
; Parameter Settings for User Entity Instance: Top-level Entity: |alu ;
+----------------+-------+--------------------------------------------+
; Parameter Name ; Value ; Type                                       ;
+----------------+-------+--------------------------------------------+
; N              ; 4     ; Signed Integer                             ;
+----------------+-------+--------------------------------------------+
Note: In order to hide this table in the UI and the text report file, please set the "Show Parameter Settings in Synthesis Report" option in "Analysis and Synthesis Settings -> More Settings" to "Off".


+-------------------------------------------------------------+
; Parameter Settings for User Entity Instance: sumador_n:sum1 ;
+----------------+-------+------------------------------------+
; Parameter Name ; Value ; Type                               ;
+----------------+-------+------------------------------------+
; n              ; 4     ; Signed Integer                     ;
+----------------+-------+------------------------------------+
Note: In order to hide this table in the UI and the text report file, please set the "Show Parameter Settings in Synthesis Report" option in "Analysis and Synthesis Settings -> More Settings" to "Off".


+--------------------------------------------------------------+
; Parameter Settings for User Entity Instance: restador_n:res1 ;
+----------------+-------+-------------------------------------+
; Parameter Name ; Value ; Type                                ;
+----------------+-------+-------------------------------------+
; n              ; 4     ; Signed Integer                      ;
+----------------+-------+-------------------------------------+
Note: In order to hide this table in the UI and the text report file, please set the "Show Parameter Settings in Synthesis Report" option in "Analysis and Synthesis Settings -> More Settings" to "Off".


+------------------------------------------------------------------+
; Parameter Settings for User Entity Instance: lsl_arithmetic:lsl1 ;
+----------------+-------+-----------------------------------------+
; Parameter Name ; Value ; Type                                    ;
+----------------+-------+-----------------------------------------+
; N              ; 4     ; Signed Integer                          ;
+----------------+-------+-----------------------------------------+
Note: In order to hide this table in the UI and the text report file, please set the "Show Parameter Settings in Synthesis Report" option in "Analysis and Synthesis Settings -> More Settings" to "Off".


+------------------------------------------------------------------+
; Parameter Settings for User Entity Instance: lrl_arithmetic:lrl1 ;
+----------------+-------+-----------------------------------------+
; Parameter Name ; Value ; Type                                    ;
+----------------+-------+-----------------------------------------+
; N              ; 4     ; Signed Integer                          ;
+----------------+-------+-----------------------------------------+
Note: In order to hide this table in the UI and the text report file, please set the "Show Parameter Settings in Synthesis Report" option in "Analysis and Synthesis Settings -> More Settings" to "Off".


+--------------------------------------------------------------+
; Parameter Settings for User Entity Instance: and_gate_n:and1 ;
+----------------+-------+-------------------------------------+
; Parameter Name ; Value ; Type                                ;
+----------------+-------+-------------------------------------+
; N              ; 4     ; Signed Integer                      ;
+----------------+-------+-------------------------------------+
Note: In order to hide this table in the UI and the text report file, please set the "Show Parameter Settings in Synthesis Report" option in "Analysis and Synthesis Settings -> More Settings" to "Off".


+------------------------------------------------------------+
; Parameter Settings for User Entity Instance: or_gate_n:or1 ;
+----------------+-------+-----------------------------------+
; Parameter Name ; Value ; Type                              ;
+----------------+-------+-----------------------------------+
; N              ; 4     ; Signed Integer                    ;
+----------------+-------+-----------------------------------+
Note: In order to hide this table in the UI and the text report file, please set the "Show Parameter Settings in Synthesis Report" option in "Analysis and Synthesis Settings -> More Settings" to "Off".


+--------------------------------------------------------------+
; Parameter Settings for User Entity Instance: xor_gate_n:xor1 ;
+----------------+-------+-------------------------------------+
; Parameter Name ; Value ; Type                                ;
+----------------+-------+-------------------------------------+
; N              ; 4     ; Signed Integer                      ;
+----------------+-------+-------------------------------------+
Note: In order to hide this table in the UI and the text report file, please set the "Show Parameter Settings in Synthesis Report" option in "Analysis and Synthesis Settings -> More Settings" to "Off".


+-------------------------------------------------------------+
; Parameter Settings for User Entity Instance: lsl_logic:lsl2 ;
+----------------+-------+------------------------------------+
; Parameter Name ; Value ; Type                               ;
+----------------+-------+------------------------------------+
; N              ; 4     ; Signed Integer                     ;
+----------------+-------+------------------------------------+
Note: In order to hide this table in the UI and the text report file, please set the "Show Parameter Settings in Synthesis Report" option in "Analysis and Synthesis Settings -> More Settings" to "Off".


+-------------------------------------------------------------+
; Parameter Settings for User Entity Instance: lrl_logic:lrl2 ;
+----------------+-------+------------------------------------+
; Parameter Name ; Value ; Type                               ;
+----------------+-------+------------------------------------+
; N              ; 4     ; Signed Integer                     ;
+----------------+-------+------------------------------------+
Note: In order to hide this table in the UI and the text report file, please set the "Show Parameter Settings in Synthesis Report" option in "Analysis and Synthesis Settings -> More Settings" to "Off".


+--------------------------------------------------------------+
; Parameter Settings for User Entity Instance: n_not_gate:not1 ;
+----------------+-------+-------------------------------------+
; Parameter Name ; Value ; Type                                ;
+----------------+-------+-------------------------------------+
; N              ; 4     ; Signed Integer                      ;
+----------------+-------+-------------------------------------+
Note: In order to hide this table in the UI and the text report file, please set the "Show Parameter Settings in Synthesis Report" option in "Analysis and Synthesis Settings -> More Settings" to "Off".


+--------------------------------------------------------+
; Parameter Settings for User Entity Instance: mux_:mux1 ;
+----------------+-------+-------------------------------+
; Parameter Name ; Value ; Type                          ;
+----------------+-------+-------------------------------+
; N              ; 4     ; Signed Integer                ;
+----------------+-------+-------------------------------+
Note: In order to hide this table in the UI and the text report file, please set the "Show Parameter Settings in Synthesis Report" option in "Analysis and Synthesis Settings -> More Settings" to "Off".


+----------------------------------------------------------+
; Parameter Settings for User Entity Instance: zeroflag:zf ;
+----------------+-------+---------------------------------+
; Parameter Name ; Value ; Type                            ;
+----------------+-------+---------------------------------+
; N              ; 4     ; Signed Integer                  ;
+----------------+-------+---------------------------------+
Note: In order to hide this table in the UI and the text report file, please set the "Show Parameter Settings in Synthesis Report" option in "Analysis and Synthesis Settings -> More Settings" to "Off".


+---------------------------------------------------------------------------------------------------------------------------+
; Analysis & Elaboration Settings                                                                                           ;
+---------------------------------------------------------------------------------+--------------------+--------------------+
; Option                                                                          ; Setting            ; Default Value      ;
+---------------------------------------------------------------------------------+--------------------+--------------------+
; Device                                                                          ; 5CGXFC7C7F23C8     ;                    ;
; Top-level entity name                                                           ; alu                ; alu                ;
; Family name                                                                     ; Cyclone V          ; Cyclone V          ;
; Use smart compilation                                                           ; Off                ; Off                ;
; Enable parallel Assembler and Timing Analyzer during compilation                ; On                 ; On                 ;
; Enable compact report table                                                     ; Off                ; Off                ;
; Restructure Multiplexers                                                        ; Auto               ; Auto               ;
; MLAB Add Timing Constraints For Mixed-Port Feed-Through Mode Setting Don't Care ; Off                ; Off                ;
; Create Debugging Nodes for IP Cores                                             ; Off                ; Off                ;
; Preserve fewer node names                                                       ; On                 ; On                 ;
; Intel FPGA IP Evaluation Mode                                                   ; Enable             ; Enable             ;
; Verilog Version                                                                 ; Verilog_2001       ; Verilog_2001       ;
; VHDL Version                                                                    ; VHDL_1993          ; VHDL_1993          ;
; State Machine Processing                                                        ; Auto               ; Auto               ;
; Safe State Machine                                                              ; Off                ; Off                ;
; Extract Verilog State Machines                                                  ; On                 ; On                 ;
; Extract VHDL State Machines                                                     ; On                 ; On                 ;
; Ignore Verilog initial constructs                                               ; Off                ; Off                ;
; Iteration limit for constant Verilog loops                                      ; 5000               ; 5000               ;
; Iteration limit for non-constant Verilog loops                                  ; 250                ; 250                ;
; Add Pass-Through Logic to Inferred RAMs                                         ; On                 ; On                 ;
; Infer RAMs from Raw Logic                                                       ; On                 ; On                 ;
; Parallel Synthesis                                                              ; On                 ; On                 ;
; DSP Block Balancing                                                             ; Auto               ; Auto               ;
; NOT Gate Push-Back                                                              ; On                 ; On                 ;
; Power-Up Don't Care                                                             ; On                 ; On                 ;
; Remove Redundant Logic Cells                                                    ; Off                ; Off                ;
; Remove Duplicate Registers                                                      ; On                 ; On                 ;
; Ignore CARRY Buffers                                                            ; Off                ; Off                ;
; Ignore CASCADE Buffers                                                          ; Off                ; Off                ;
; Ignore GLOBAL Buffers                                                           ; Off                ; Off                ;
; Ignore ROW GLOBAL Buffers                                                       ; Off                ; Off                ;
; Ignore LCELL Buffers                                                            ; Off                ; Off                ;
; Ignore SOFT Buffers                                                             ; On                 ; On                 ;
; Limit AHDL Integers to 32 Bits                                                  ; Off                ; Off                ;
; Optimization Technique                                                          ; Balanced           ; Balanced           ;
; Carry Chain Length                                                              ; 70                 ; 70                 ;
; Auto Carry Chains                                                               ; On                 ; On                 ;
; Auto Open-Drain Pins                                                            ; On                 ; On                 ;
; Perform WYSIWYG Primitive Resynthesis                                           ; Off                ; Off                ;
; Auto ROM Replacement                                                            ; On                 ; On                 ;
; Auto RAM Replacement                                                            ; On                 ; On                 ;
; Auto DSP Block Replacement                                                      ; On                 ; On                 ;
; Auto Shift Register Replacement                                                 ; Auto               ; Auto               ;
; Allow Shift Register Merging across Hierarchies                                 ; Auto               ; Auto               ;
; Auto Clock Enable Replacement                                                   ; On                 ; On                 ;
; Strict RAM Replacement                                                          ; Off                ; Off                ;
; Allow Synchronous Control Signals                                               ; On                 ; On                 ;
; Force Use of Synchronous Clear Signals                                          ; Off                ; Off                ;
; Auto Resource Sharing                                                           ; Off                ; Off                ;
; Allow Any RAM Size For Recognition                                              ; Off                ; Off                ;
; Allow Any ROM Size For Recognition                                              ; Off                ; Off                ;
; Allow Any Shift Register Size For Recognition                                   ; Off                ; Off                ;
; Use LogicLock Constraints during Resource Balancing                             ; On                 ; On                 ;
; Ignore translate_off and synthesis_off directives                               ; Off                ; Off                ;
; Timing-Driven Synthesis                                                         ; On                 ; On                 ;
; Report Parameter Settings                                                       ; On                 ; On                 ;
; Report Source Assignments                                                       ; On                 ; On                 ;
; Report Connectivity Checks                                                      ; On                 ; On                 ;
; Ignore Maximum Fan-Out Assignments                                              ; Off                ; Off                ;
; Synchronization Register Chain Length                                           ; 3                  ; 3                  ;
; Power Optimization During Synthesis                                             ; Normal compilation ; Normal compilation ;
; HDL message level                                                               ; Level2             ; Level2             ;
; Suppress Register Optimization Related Messages                                 ; Off                ; Off                ;
; Number of Removed Registers Reported in Synthesis Report                        ; 5000               ; 5000               ;
; Number of Swept Nodes Reported in Synthesis Report                              ; 5000               ; 5000               ;
; Number of Inverted Registers Reported in Synthesis Report                       ; 100                ; 100                ;
; Clock MUX Protection                                                            ; On                 ; On                 ;
; Auto Gated Clock Conversion                                                     ; Off                ; Off                ;
; Block Design Naming                                                             ; Auto               ; Auto               ;
; SDC constraint protection                                                       ; Off                ; Off                ;
; Synthesis Effort                                                                ; Auto               ; Auto               ;
; Shift Register Replacement - Allow Asynchronous Clear Signal                    ; On                 ; On                 ;
; Pre-Mapping Resynthesis Optimization                                            ; Off                ; Off                ;
; Analysis & Synthesis Message Level                                              ; Medium             ; Medium             ;
; Disable Register Merging Across Hierarchies                                     ; Auto               ; Auto               ;
; Resource Aware Inference For Block RAM                                          ; On                 ; On                 ;
; Automatic Parallel Synthesis                                                    ; On                 ; On                 ;
; Partial Reconfiguration Bitstream ID                                            ; Off                ; Off                ;
+---------------------------------------------------------------------------------+--------------------+--------------------+


+----------------------------------------------------------------------------------------------------------------------------------------------------------------------------------------+
; Port Connectivity Checks: "lrl_arithmetic:lrl1"                                                                                                                                        ;
+--------------+-------+----------+------------------------------------------------------------------------------------------------------------------------------------------------------+
; Port         ; Type  ; Severity ; Details                                                                                                                                              ;
+--------------+-------+----------+------------------------------------------------------------------------------------------------------------------------------------------------------+
; shift_amount ; Input ; Warning  ; Input port expression (4 bits) is smaller than the input port (5 bits) it drives.  Extra input bit(s) "shift_amount[4..4]" will be connected to GND. ;
+--------------+-------+----------+------------------------------------------------------------------------------------------------------------------------------------------------------+


+---------------------------------+
; Analysis & Elaboration Messages ;
+---------------------------------+
Info: *******************************************************************
Info: Running Quartus Prime Analysis & Elaboration
    Info: Version 22.1std.0 Build 915 10/25/2022 SC Lite Edition
    Info: Processing started: Tue Mar 21 10:30:07 2023
Info: Command: quartus_map --read_settings_files=on --write_settings_files=off alu -c alu --analysis_and_elaboration
Warning (18236): Number of processors has not been specified which may cause overloading on shared machines.  Set the global assignment NUM_PARALLEL_PROCESSORS in your QSF to an appropriate value for best performance.
Info (20030): Parallel compilation is enabled and will use 4 of the 4 processors detected
Info (12021): Found 1 design units, including 1 entities, in source file /users/rachel/desktop/rpereira_digital_design_lab_2023/laboratorio 2/alu/operandos_logicos/xor_gate_n.sv
    Info (12023): Found entity 1: xor_gate_n File: C:/Users/Rachel/Desktop/rpereira_digital_design_lab_2023/Laboratorio 2/ALU/Operandos_logicos/xor_gate_n.sv Line: 1
Info (12021): Found 1 design units, including 1 entities, in source file /users/rachel/desktop/rpereira_digital_design_lab_2023/laboratorio 2/alu/operandos_logicos/xor_gate.sv
    Info (12023): Found entity 1: xor_gate File: C:/Users/Rachel/Desktop/rpereira_digital_design_lab_2023/Laboratorio 2/ALU/Operandos_logicos/xor_gate.sv Line: 1
Info (12021): Found 1 design units, including 1 entities, in source file /users/rachel/desktop/rpereira_digital_design_lab_2023/laboratorio 2/alu/operandos_logicos/testbench_alu.sv
    Info (12023): Found entity 1: testbench_alu File: C:/Users/Rachel/Desktop/rpereira_digital_design_lab_2023/Laboratorio 2/ALU/Operandos_logicos/testbench_alu.sv Line: 1
Info (12021): Found 1 design units, including 1 entities, in source file /users/rachel/desktop/rpereira_digital_design_lab_2023/laboratorio 2/alu/operandos_logicos/or_gate_n.sv
    Info (12023): Found entity 1: or_gate_n File: C:/Users/Rachel/Desktop/rpereira_digital_design_lab_2023/Laboratorio 2/ALU/Operandos_logicos/or_gate_n.sv Line: 1
Info (12021): Found 1 design units, including 1 entities, in source file /users/rachel/desktop/rpereira_digital_design_lab_2023/laboratorio 2/alu/operandos_logicos/or_gate.sv
    Info (12023): Found entity 1: or_gate File: C:/Users/Rachel/Desktop/rpereira_digital_design_lab_2023/Laboratorio 2/ALU/Operandos_logicos/or_gate.sv Line: 1
Info (12021): Found 1 design units, including 1 entities, in source file /users/rachel/desktop/rpereira_digital_design_lab_2023/laboratorio 2/alu/operandos_logicos/n_not_gate.sv
    Info (12023): Found entity 1: n_not_gate File: C:/Users/Rachel/Desktop/rpereira_digital_design_lab_2023/Laboratorio 2/ALU/Operandos_logicos/n_not_gate.sv Line: 1
Info (12021): Found 1 design units, including 1 entities, in source file /users/rachel/desktop/rpereira_digital_design_lab_2023/laboratorio 2/alu/operandos_logicos/lsl_logic.sv
    Info (12023): Found entity 1: lsl_logic File: C:/Users/Rachel/Desktop/rpereira_digital_design_lab_2023/Laboratorio 2/ALU/Operandos_logicos/lsl_logic.sv Line: 1
Info (12021): Found 1 design units, including 1 entities, in source file /users/rachel/desktop/rpereira_digital_design_lab_2023/laboratorio 2/alu/operandos_logicos/lsl_arithmetic.sv
    Info (12023): Found entity 1: lsl_arithmetic File: C:/Users/Rachel/Desktop/rpereira_digital_design_lab_2023/Laboratorio 2/ALU/Operandos_logicos/lsl_arithmetic.sv Line: 1
Info (12021): Found 1 design units, including 1 entities, in source file /users/rachel/desktop/rpereira_digital_design_lab_2023/laboratorio 2/alu/operandos_logicos/lrl_logic.sv
    Info (12023): Found entity 1: lrl_logic File: C:/Users/Rachel/Desktop/rpereira_digital_design_lab_2023/Laboratorio 2/ALU/Operandos_logicos/lrl_logic.sv Line: 1
Info (12021): Found 1 design units, including 1 entities, in source file /users/rachel/desktop/rpereira_digital_design_lab_2023/laboratorio 2/alu/operandos_logicos/lrl_arithmetic.sv
    Info (12023): Found entity 1: lrl_arithmetic File: C:/Users/Rachel/Desktop/rpereira_digital_design_lab_2023/Laboratorio 2/ALU/Operandos_logicos/lrl_arithmetic.sv Line: 1
Info (12021): Found 1 design units, including 1 entities, in source file /users/rachel/desktop/rpereira_digital_design_lab_2023/laboratorio 2/alu/operandos_logicos/and_gate_n.sv
    Info (12023): Found entity 1: and_gate_n File: C:/Users/Rachel/Desktop/rpereira_digital_design_lab_2023/Laboratorio 2/ALU/Operandos_logicos/and_gate_n.sv Line: 1
Info (12021): Found 1 design units, including 1 entities, in source file /users/rachel/desktop/rpereira_digital_design_lab_2023/laboratorio 2/alu/operandos_logicos/and_gate.sv
    Info (12023): Found entity 1: and_gate File: C:/Users/Rachel/Desktop/rpereira_digital_design_lab_2023/Laboratorio 2/ALU/Operandos_logicos/and_gate.sv Line: 1
Info (12021): Found 1 design units, including 1 entities, in source file /users/rachel/desktop/rpereira_digital_design_lab_2023/laboratorio 2/alu/operaciones aritmetricas/sumador/testbench_sumador_n.sv
    Info (12023): Found entity 1: testbench_sumador_n File: C:/Users/Rachel/Desktop/rpereira_digital_design_lab_2023/Laboratorio 2/ALU/Operaciones aritmetricas/Sumador/testbench_sumador_n.sv Line: 1
Info (12021): Found 1 design units, including 1 entities, in source file /users/rachel/desktop/rpereira_digital_design_lab_2023/laboratorio 2/alu/operaciones aritmetricas/sumador/testbench.sv
    Info (12023): Found entity 1: testbench_s File: C:/Users/Rachel/Desktop/rpereira_digital_design_lab_2023/Laboratorio 2/ALU/Operaciones aritmetricas/Sumador/testbench.sv Line: 1
Info (12021): Found 1 design units, including 1 entities, in source file /users/rachel/desktop/rpereira_digital_design_lab_2023/laboratorio 2/alu/operaciones aritmetricas/sumador/sumador_n.sv
    Info (12023): Found entity 1: sumador_n File: C:/Users/Rachel/Desktop/rpereira_digital_design_lab_2023/Laboratorio 2/ALU/Operaciones aritmetricas/Sumador/sumador_n.sv Line: 1
Info (12021): Found 1 design units, including 1 entities, in source file /users/rachel/desktop/rpereira_digital_design_lab_2023/laboratorio 2/alu/operaciones aritmetricas/sumador/sumador_1bit.sv
    Info (12023): Found entity 1: sumador_1bit File: C:/Users/Rachel/Desktop/rpereira_digital_design_lab_2023/Laboratorio 2/ALU/Operaciones aritmetricas/Sumador/sumador_1bit.sv Line: 1
Info (12021): Found 1 design units, including 1 entities, in source file /users/rachel/desktop/rpereira_digital_design_lab_2023/laboratorio 2/alu/operaciones aritmetricas/restador/tb_restador_n.sv
    Info (12023): Found entity 1: tb_restador_n File: C:/Users/Rachel/Desktop/rpereira_digital_design_lab_2023/Laboratorio 2/ALU/Operaciones aritmetricas/Restador/tb_restador_n.sv Line: 1
Info (12021): Found 1 design units, including 1 entities, in source file /users/rachel/desktop/rpereira_digital_design_lab_2023/laboratorio 2/alu/operaciones aritmetricas/restador/tb_restador.sv
    Info (12023): Found entity 1: tb_restador File: C:/Users/Rachel/Desktop/rpereira_digital_design_lab_2023/Laboratorio 2/ALU/Operaciones aritmetricas/Restador/tb_restador.sv Line: 1
Info (12021): Found 1 design units, including 1 entities, in source file /users/rachel/desktop/rpereira_digital_design_lab_2023/laboratorio 2/alu/operaciones aritmetricas/restador/restador_n.sv
    Info (12023): Found entity 1: restador_n File: C:/Users/Rachel/Desktop/rpereira_digital_design_lab_2023/Laboratorio 2/ALU/Operaciones aritmetricas/Restador/restador_n.sv Line: 1
Info (12021): Found 1 design units, including 1 entities, in source file /users/rachel/desktop/rpereira_digital_design_lab_2023/laboratorio 2/alu/operaciones aritmetricas/restador/restador_1bit.sv
    Info (12023): Found entity 1: restador_1bit File: C:/Users/Rachel/Desktop/rpereira_digital_design_lab_2023/Laboratorio 2/ALU/Operaciones aritmetricas/Restador/restador_1bit.sv Line: 1
Info (12021): Found 1 design units, including 1 entities, in source file zeroflag.sv
    Info (12023): Found entity 1: zeroflag File: C:/Users/Rachel/Desktop/rpereira_digital_design_lab_2023/Laboratorio 2/ALU/alu/zeroflag.sv Line: 1
Info (12021): Found 1 design units, including 1 entities, in source file testbench.sv
    Info (12023): Found entity 1: testbench File: C:/Users/Rachel/Desktop/rpereira_digital_design_lab_2023/Laboratorio 2/ALU/alu/testbench.sv Line: 1
Info (12021): Found 1 design units, including 1 entities, in source file mux_.sv
    Info (12023): Found entity 1: mux_ File: C:/Users/Rachel/Desktop/rpereira_digital_design_lab_2023/Laboratorio 2/ALU/alu/mux_.sv Line: 1
Info (12021): Found 1 design units, including 1 entities, in source file alu.sv
    Info (12023): Found entity 1: alu File: C:/Users/Rachel/Desktop/rpereira_digital_design_lab_2023/Laboratorio 2/ALU/alu/alu.sv Line: 1
Warning (10236): Verilog HDL Implicit Net warning at testbench_sumador_n.sv(9): created implicit net for "caOut" File: C:/Users/Rachel/Desktop/rpereira_digital_design_lab_2023/Laboratorio 2/ALU/Operaciones aritmetricas/Sumador/testbench_sumador_n.sv Line: 9
Warning (10236): Verilog HDL Implicit Net warning at sumador_1bit.sv(4): created implicit net for "N1" File: C:/Users/Rachel/Desktop/rpereira_digital_design_lab_2023/Laboratorio 2/ALU/Operaciones aritmetricas/Sumador/sumador_1bit.sv Line: 4
Warning (10236): Verilog HDL Implicit Net warning at sumador_1bit.sv(6): created implicit net for "N3" File: C:/Users/Rachel/Desktop/rpereira_digital_design_lab_2023/Laboratorio 2/ALU/Operaciones aritmetricas/Sumador/sumador_1bit.sv Line: 6
Warning (10236): Verilog HDL Implicit Net warning at sumador_1bit.sv(7): created implicit net for "N4" File: C:/Users/Rachel/Desktop/rpereira_digital_design_lab_2023/Laboratorio 2/ALU/Operaciones aritmetricas/Sumador/sumador_1bit.sv Line: 7
Warning (10236): Verilog HDL Implicit Net warning at tb_restador_n.sv(9): created implicit net for "caOut" File: C:/Users/Rachel/Desktop/rpereira_digital_design_lab_2023/Laboratorio 2/ALU/Operaciones aritmetricas/Restador/tb_restador_n.sv Line: 9
Warning (10236): Verilog HDL Implicit Net warning at restador_1bit.sv(4): created implicit net for "R0" File: C:/Users/Rachel/Desktop/rpereira_digital_design_lab_2023/Laboratorio 2/ALU/Operaciones aritmetricas/Restador/restador_1bit.sv Line: 4
Warning (10236): Verilog HDL Implicit Net warning at restador_1bit.sv(5): created implicit net for "R1" File: C:/Users/Rachel/Desktop/rpereira_digital_design_lab_2023/Laboratorio 2/ALU/Operaciones aritmetricas/Restador/restador_1bit.sv Line: 5
Warning (10236): Verilog HDL Implicit Net warning at restador_1bit.sv(7): created implicit net for "R2" File: C:/Users/Rachel/Desktop/rpereira_digital_design_lab_2023/Laboratorio 2/ALU/Operaciones aritmetricas/Restador/restador_1bit.sv Line: 7
Warning (10236): Verilog HDL Implicit Net warning at restador_1bit.sv(8): created implicit net for "R3" File: C:/Users/Rachel/Desktop/rpereira_digital_design_lab_2023/Laboratorio 2/ALU/Operaciones aritmetricas/Restador/restador_1bit.sv Line: 8
Info (12127): Elaborating entity "alu" for the top level hierarchy
Warning (10034): Output port "fo" at alu.sv(6) has no driver File: C:/Users/Rachel/Desktop/rpereira_digital_design_lab_2023/Laboratorio 2/ALU/alu/alu.sv Line: 6
Info (12128): Elaborating entity "sumador_n" for hierarchy "sumador_n:sum1" File: C:/Users/Rachel/Desktop/rpereira_digital_design_lab_2023/Laboratorio 2/ALU/alu/alu.sv Line: 20
Info (12128): Elaborating entity "sumador_1bit" for hierarchy "sumador_n:sum1|sumador_1bit:sumador[0].dut" File: C:/Users/Rachel/Desktop/rpereira_digital_design_lab_2023/Laboratorio 2/ALU/Operaciones aritmetricas/Sumador/sumador_n.sv Line: 10
Info (12128): Elaborating entity "restador_n" for hierarchy "restador_n:res1" File: C:/Users/Rachel/Desktop/rpereira_digital_design_lab_2023/Laboratorio 2/ALU/alu/alu.sv Line: 21
Info (12128): Elaborating entity "restador_1bit" for hierarchy "restador_n:res1|restador_1bit:restador[0].dut" File: C:/Users/Rachel/Desktop/rpereira_digital_design_lab_2023/Laboratorio 2/ALU/Operaciones aritmetricas/Restador/restador_n.sv Line: 11
Info (12128): Elaborating entity "lsl_arithmetic" for hierarchy "lsl_arithmetic:lsl1" File: C:/Users/Rachel/Desktop/rpereira_digital_design_lab_2023/Laboratorio 2/ALU/alu/alu.sv Line: 22
Info (12128): Elaborating entity "lrl_arithmetic" for hierarchy "lrl_arithmetic:lrl1" File: C:/Users/Rachel/Desktop/rpereira_digital_design_lab_2023/Laboratorio 2/ALU/alu/alu.sv Line: 23
Info (12128): Elaborating entity "and_gate_n" for hierarchy "and_gate_n:and1" File: C:/Users/Rachel/Desktop/rpereira_digital_design_lab_2023/Laboratorio 2/ALU/alu/alu.sv Line: 24
Info (12128): Elaborating entity "and_gate" for hierarchy "and_gate_n:and1|and_gate:and_gen[0].and_inst" File: C:/Users/Rachel/Desktop/rpereira_digital_design_lab_2023/Laboratorio 2/ALU/Operandos_logicos/and_gate_n.sv Line: 16
Info (12128): Elaborating entity "or_gate_n" for hierarchy "or_gate_n:or1" File: C:/Users/Rachel/Desktop/rpereira_digital_design_lab_2023/Laboratorio 2/ALU/alu/alu.sv Line: 25
Info (12128): Elaborating entity "or_gate" for hierarchy "or_gate_n:or1|or_gate:or_gen[0].or_inst" File: C:/Users/Rachel/Desktop/rpereira_digital_design_lab_2023/Laboratorio 2/ALU/Operandos_logicos/or_gate_n.sv Line: 16
Info (12128): Elaborating entity "xor_gate_n" for hierarchy "xor_gate_n:xor1" File: C:/Users/Rachel/Desktop/rpereira_digital_design_lab_2023/Laboratorio 2/ALU/alu/alu.sv Line: 26
Info (12128): Elaborating entity "xor_gate" for hierarchy "xor_gate_n:xor1|xor_gate:xor_gen[0].xor_inst" File: C:/Users/Rachel/Desktop/rpereira_digital_design_lab_2023/Laboratorio 2/ALU/Operandos_logicos/xor_gate_n.sv Line: 16
Info (12128): Elaborating entity "lsl_logic" for hierarchy "lsl_logic:lsl2" File: C:/Users/Rachel/Desktop/rpereira_digital_design_lab_2023/Laboratorio 2/ALU/alu/alu.sv Line: 27
Info (12128): Elaborating entity "lrl_logic" for hierarchy "lrl_logic:lrl2" File: C:/Users/Rachel/Desktop/rpereira_digital_design_lab_2023/Laboratorio 2/ALU/alu/alu.sv Line: 28
Info (12128): Elaborating entity "n_not_gate" for hierarchy "n_not_gate:not1" File: C:/Users/Rachel/Desktop/rpereira_digital_design_lab_2023/Laboratorio 2/ALU/alu/alu.sv Line: 29
Info (12128): Elaborating entity "mux_" for hierarchy "mux_:mux1" File: C:/Users/Rachel/Desktop/rpereira_digital_design_lab_2023/Laboratorio 2/ALU/alu/alu.sv Line: 30
Info (12128): Elaborating entity "zeroflag" for hierarchy "zeroflag:zf" File: C:/Users/Rachel/Desktop/rpereira_digital_design_lab_2023/Laboratorio 2/ALU/alu/alu.sv Line: 31
Warning (10240): Verilog HDL Always Construct warning at zeroflag.sv(4): inferring latch(es) for variable "out", which holds its previous value in one or more paths through the always construct File: C:/Users/Rachel/Desktop/rpereira_digital_design_lab_2023/Laboratorio 2/ALU/alu/zeroflag.sv Line: 4
Info (10041): Inferred latch for "out" at zeroflag.sv(4) File: C:/Users/Rachel/Desktop/rpereira_digital_design_lab_2023/Laboratorio 2/ALU/alu/zeroflag.sv Line: 4
Warning (12241): 1 hierarchies have connectivity warnings - see the Connectivity Checks report folder
Info: Quartus Prime Analysis & Elaboration was successful. 0 errors, 13 warnings
    Info: Peak virtual memory: 4795 megabytes
    Info: Processing ended: Tue Mar 21 10:30:13 2023
    Info: Elapsed time: 00:00:06
    Info: Total CPU time (on all processors): 00:00:07


