Analysis & Synthesis report for 1bitadder
Mon Mar  6 15:19:05 2023
Quartus Prime Version 22.1std.0 Build 915 10/25/2022 SC Lite Edition


---------------------
; Table of Contents ;
---------------------
  1. Legal Notice
  2. Analysis & Synthesis Summary
  3. Analysis & Synthesis Settings
  4. Parallel Compilation
  5. Analysis & Synthesis Source Files Read
  6. Analysis & Synthesis Resource Usage Summary
  7. Analysis & Synthesis Resource Utilization by Entity
  8. General Register Statistics
  9. Post-Synthesis Netlist Statistics for Top Partition
 10. Elapsed Time Per Partition
 11. Analysis & Synthesis Messages



----------------
; Legal Notice ;
----------------
Copyright (C) 2022  Intel Corporation. All rights reserved.
Your use of Intel Corporation's design tools, logic functions 
and other software and tools, and any partner logic 
functions, and any output files from any of the foregoing 
(including device programming or simulation files), and any 
associated documentation or information are expressly subject 
to the terms and conditions of the Intel Program License 
Subscription Agreement, the Intel Quartus Prime License Agreement,
the Intel FPGA IP License Agreement, or other applicable license
agreement, including, without limitation, that your use is for
the sole purpose of programming logic devices manufactured by
Intel and sold by Intel or its authorized distributors.  Please
refer to the applicable agreement for further details, at
https://fpgasoftware.intel.com/eula.



+----------------------------------------------------------------------------------+
; Analysis & Synthesis Summary                                                     ;
+---------------------------------+------------------------------------------------+
; Analysis & Synthesis Status     ; Successful - Mon Mar  6 15:19:05 2023          ;
; Quartus Prime Version           ; 22.1std.0 Build 915 10/25/2022 SC Lite Edition ;
; Revision Name                   ; 1bitadder                                      ;
; Top-level Entity Name           ; final_design                                   ;
; Family                          ; Cyclone V                                      ;
; Logic utilization (in ALMs)     ; N/A                                            ;
; Total registers                 ; 0                                              ;
; Total pins                      ; 17                                             ;
; Total virtual pins              ; 0                                              ;
; Total block memory bits         ; 0                                              ;
; Total DSP Blocks                ; 0                                              ;
; Total HSSI RX PCSs              ; 0                                              ;
; Total HSSI PMA RX Deserializers ; 0                                              ;
; Total HSSI TX PCSs              ; 0                                              ;
; Total HSSI PMA TX Serializers   ; 0                                              ;
; Total PLLs                      ; 0                                              ;
; Total DLLs                      ; 0                                              ;
+---------------------------------+------------------------------------------------+


+---------------------------------------------------------------------------------------------------------------------------+
; Analysis & Synthesis Settings                                                                                             ;
+---------------------------------------------------------------------------------+--------------------+--------------------+
; Option                                                                          ; Setting            ; Default Value      ;
+---------------------------------------------------------------------------------+--------------------+--------------------+
; Device                                                                          ; 5CSEMA5F31C6       ;                    ;
; Top-level entity name                                                           ; final_design       ; 1bitadder          ;
; Family name                                                                     ; Cyclone V          ; Cyclone V          ;
; Use smart compilation                                                           ; Off                ; Off                ;
; Enable parallel Assembler and Timing Analyzer during compilation                ; On                 ; On                 ;
; Enable compact report table                                                     ; Off                ; Off                ;
; Restructure Multiplexers                                                        ; Auto               ; Auto               ;
; MLAB Add Timing Constraints For Mixed-Port Feed-Through Mode Setting Don't Care ; Off                ; Off                ;
; Create Debugging Nodes for IP Cores                                             ; Off                ; Off                ;
; Preserve fewer node names                                                       ; On                 ; On                 ;
; Intel FPGA IP Evaluation Mode                                                   ; Enable             ; Enable             ;
; Verilog Version                                                                 ; Verilog_2001       ; Verilog_2001       ;
; VHDL Version                                                                    ; VHDL_1993          ; VHDL_1993          ;
; State Machine Processing                                                        ; Auto               ; Auto               ;
; Safe State Machine                                                              ; Off                ; Off                ;
; Extract Verilog State Machines                                                  ; On                 ; On                 ;
; Extract VHDL State Machines                                                     ; On                 ; On                 ;
; Ignore Verilog initial constructs                                               ; Off                ; Off                ;
; Iteration limit for constant Verilog loops                                      ; 5000               ; 5000               ;
; Iteration limit for non-constant Verilog loops                                  ; 250                ; 250                ;
; Add Pass-Through Logic to Inferred RAMs                                         ; On                 ; On                 ;
; Infer RAMs from Raw Logic                                                       ; On                 ; On                 ;
; Parallel Synthesis                                                              ; On                 ; On                 ;
; DSP Block Balancing                                                             ; Auto               ; Auto               ;
; NOT Gate Push-Back                                                              ; On                 ; On                 ;
; Power-Up Don't Care                                                             ; On                 ; On                 ;
; Remove Redundant Logic Cells                                                    ; Off                ; Off                ;
; Remove Duplicate Registers                                                      ; On                 ; On                 ;
; Ignore CARRY Buffers                                                            ; Off                ; Off                ;
; Ignore CASCADE Buffers                                                          ; Off                ; Off                ;
; Ignore GLOBAL Buffers                                                           ; Off                ; Off                ;
; Ignore ROW GLOBAL Buffers                                                       ; Off                ; Off                ;
; Ignore LCELL Buffers                                                            ; Off                ; Off                ;
; Ignore SOFT Buffers                                                             ; On                 ; On                 ;
; Limit AHDL Integers to 32 Bits                                                  ; Off                ; Off                ;
; Optimization Technique                                                          ; Balanced           ; Balanced           ;
; Carry Chain Length                                                              ; 70                 ; 70                 ;
; Auto Carry Chains                                                               ; On                 ; On                 ;
; Auto Open-Drain Pins                                                            ; On                 ; On                 ;
; Perform WYSIWYG Primitive Resynthesis                                           ; Off                ; Off                ;
; Auto ROM Replacement                                                            ; On                 ; On                 ;
; Auto RAM Replacement                                                            ; On                 ; On                 ;
; Auto DSP Block Replacement                                                      ; On                 ; On                 ;
; Auto Shift Register Replacement                                                 ; Auto               ; Auto               ;
; Allow Shift Register Merging across Hierarchies                                 ; Auto               ; Auto               ;
; Auto Clock Enable Replacement                                                   ; On                 ; On                 ;
; Strict RAM Replacement                                                          ; Off                ; Off                ;
; Allow Synchronous Control Signals                                               ; On                 ; On                 ;
; Force Use of Synchronous Clear Signals                                          ; Off                ; Off                ;
; Auto Resource Sharing                                                           ; Off                ; Off                ;
; Allow Any RAM Size For Recognition                                              ; Off                ; Off                ;
; Allow Any ROM Size For Recognition                                              ; Off                ; Off                ;
; Allow Any Shift Register Size For Recognition                                   ; Off                ; Off                ;
; Use LogicLock Constraints during Resource Balancing                             ; On                 ; On                 ;
; Ignore translate_off and synthesis_off directives                               ; Off                ; Off                ;
; Timing-Driven Synthesis                                                         ; On                 ; On                 ;
; Report Parameter Settings                                                       ; On                 ; On                 ;
; Report Source Assignments                                                       ; On                 ; On                 ;
; Report Connectivity Checks                                                      ; On                 ; On                 ;
; Ignore Maximum Fan-Out Assignments                                              ; Off                ; Off                ;
; Synchronization Register Chain Length                                           ; 3                  ; 3                  ;
; Power Optimization During Synthesis                                             ; Normal compilation ; Normal compilation ;
; HDL message level                                                               ; Level2             ; Level2             ;
; Suppress Register Optimization Related Messages                                 ; Off                ; Off                ;
; Number of Removed Registers Reported in Synthesis Report                        ; 5000               ; 5000               ;
; Number of Swept Nodes Reported in Synthesis Report                              ; 5000               ; 5000               ;
; Number of Inverted Registers Reported in Synthesis Report                       ; 100                ; 100                ;
; Clock MUX Protection                                                            ; On                 ; On                 ;
; Auto Gated Clock Conversion                                                     ; Off                ; Off                ;
; Block Design Naming                                                             ; Auto               ; Auto               ;
; SDC constraint protection                                                       ; Off                ; Off                ;
; Synthesis Effort                                                                ; Auto               ; Auto               ;
; Shift Register Replacement - Allow Asynchronous Clear Signal                    ; On                 ; On                 ;
; Pre-Mapping Resynthesis Optimization                                            ; Off                ; Off                ;
; Analysis & Synthesis Message Level                                              ; Medium             ; Medium             ;
; Disable Register Merging Across Hierarchies                                     ; Auto               ; Auto               ;
; Resource Aware Inference For Block RAM                                          ; On                 ; On                 ;
; Automatic Parallel Synthesis                                                    ; On                 ; On                 ;
; Partial Reconfiguration Bitstream ID                                            ; Off                ; Off                ;
+---------------------------------------------------------------------------------+--------------------+--------------------+


+------------------------------------------+
; Parallel Compilation                     ;
+----------------------------+-------------+
; Processors                 ; Number      ;
+----------------------------+-------------+
; Number detected on machine ; 8           ;
; Maximum allowed            ; 4           ;
;                            ;             ;
; Average used               ; 1.00        ;
; Maximum used               ; 1           ;
;                            ;             ;
; Usage by Processor         ; % Time Used ;
;     Processor 1            ; 100.0%      ;
+----------------------------+-------------+


+-------------------------------------------------------------------------------------------------------------------+
; Analysis & Synthesis Source Files Read                                                                            ;
+----------------------------------+-----------------+-----------------+----------------------------------+---------+
; File Name with User-Entered Path ; Used in Netlist ; File Type       ; File Name with Absolute Path     ; Library ;
+----------------------------------+-----------------+-----------------+----------------------------------+---------+
; bitadder.vhd                     ; yes             ; User VHDL File  ; D:/1bitadder/bitadder.vhd        ;         ;
; xor_gate.vhd                     ; yes             ; User VHDL File  ; D:/1bitadder/xor_gate.vhd        ;         ;
; and_gate.vhd                     ; yes             ; User VHDL File  ; D:/1bitadder/and_gate.vhd        ;         ;
; or_gate.vhd                      ; yes             ; User VHDL File  ; D:/1bitadder/or_gate.vhd         ;         ;
; full_adder_4bit.vhd              ; yes             ; User VHDL File  ; D:/1bitadder/full_adder_4bit.vhd ;         ;
; to_7seg.vhd                      ; yes             ; User VHDL File  ; D:/1bitadder/to_7seg.vhd         ;         ;
; final_design.vhd                 ; yes             ; User VHDL File  ; D:/1bitadder/final_design.vhd    ;         ;
+----------------------------------+-----------------+-----------------+----------------------------------+---------+


+-------------------------------------------------------------------------------------------------------------+
; Analysis & Synthesis Resource Usage Summary                                                                 ;
+---------------------------------------------+---------------------------------------------------------------+
; Resource                                    ; Usage                                                         ;
+---------------------------------------------+---------------------------------------------------------------+
; Estimate of Logic utilization (ALMs needed) ; 7                                                             ;
;                                             ;                                                               ;
; Combinational ALUT usage for logic          ; 13                                                            ;
;     -- 7 input functions                    ; 0                                                             ;
;     -- 6 input functions                    ; 0                                                             ;
;     -- 5 input functions                    ; 4                                                             ;
;     -- 4 input functions                    ; 7                                                             ;
;     -- <=3 input functions                  ; 2                                                             ;
;                                             ;                                                               ;
; Dedicated logic registers                   ; 0                                                             ;
;                                             ;                                                               ;
; I/O pins                                    ; 17                                                            ;
;                                             ;                                                               ;
; Total DSP Blocks                            ; 0                                                             ;
;                                             ;                                                               ;
; Maximum fan-out node                        ; full_adder_4bit:full_4bit_adder0|bitadder:fa0|xor_gate:xor1|f ;
; Maximum fan-out                             ; 7                                                             ;
; Total fan-out                               ; 79                                                            ;
; Average fan-out                             ; 1.68                                                          ;
+---------------------------------------------+---------------------------------------------------------------+


+-------------------------------------------------------------------------------------------------------------------------------------------------------------------------------------------------------------------------------------------------------------+
; Analysis & Synthesis Resource Utilization by Entity                                                                                                                                                                                                         ;
+---------------------------------------+---------------------+---------------------------+-------------------+------------+------+--------------+---------------------------------------------------------------------------+-----------------+--------------+
; Compilation Hierarchy Node            ; Combinational ALUTs ; Dedicated Logic Registers ; Block Memory Bits ; DSP Blocks ; Pins ; Virtual Pins ; Full Hierarchy Name                                                       ; Entity Name     ; Library Name ;
+---------------------------------------+---------------------+---------------------------+-------------------+------------+------+--------------+---------------------------------------------------------------------------+-----------------+--------------+
; |final_design                         ; 13 (0)              ; 0 (0)                     ; 0                 ; 0          ; 17   ; 0            ; |final_design                                                             ; final_design    ; work         ;
;    |full_adder_4bit:full_4bit_adder0| ; 6 (0)               ; 0 (0)                     ; 0                 ; 0          ; 0    ; 0            ; |final_design|full_adder_4bit:full_4bit_adder0                            ; full_adder_4bit ; work         ;
;       |bitadder:fa0|                  ; 1 (0)               ; 0 (0)                     ; 0                 ; 0          ; 0    ; 0            ; |final_design|full_adder_4bit:full_4bit_adder0|bitadder:fa0               ; bitadder        ; work         ;
;          |xor_gate:xor1|              ; 1 (1)               ; 0 (0)                     ; 0                 ; 0          ; 0    ; 0            ; |final_design|full_adder_4bit:full_4bit_adder0|bitadder:fa0|xor_gate:xor1 ; xor_gate        ; work         ;
;       |bitadder:fa1|                  ; 2 (0)               ; 0 (0)                     ; 0                 ; 0          ; 0    ; 0            ; |final_design|full_adder_4bit:full_4bit_adder0|bitadder:fa1               ; bitadder        ; work         ;
;          |or_gate:or1|                ; 1 (1)               ; 0 (0)                     ; 0                 ; 0          ; 0    ; 0            ; |final_design|full_adder_4bit:full_4bit_adder0|bitadder:fa1|or_gate:or1   ; or_gate         ; work         ;
;          |xor_gate:xor1|              ; 1 (1)               ; 0 (0)                     ; 0                 ; 0          ; 0    ; 0            ; |final_design|full_adder_4bit:full_4bit_adder0|bitadder:fa1|xor_gate:xor1 ; xor_gate        ; work         ;
;       |bitadder:fa2|                  ; 1 (0)               ; 0 (0)                     ; 0                 ; 0          ; 0    ; 0            ; |final_design|full_adder_4bit:full_4bit_adder0|bitadder:fa2               ; bitadder        ; work         ;
;          |xor_gate:xor1|              ; 1 (1)               ; 0 (0)                     ; 0                 ; 0          ; 0    ; 0            ; |final_design|full_adder_4bit:full_4bit_adder0|bitadder:fa2|xor_gate:xor1 ; xor_gate        ; work         ;
;       |bitadder:fa3|                  ; 2 (0)               ; 0 (0)                     ; 0                 ; 0          ; 0    ; 0            ; |final_design|full_adder_4bit:full_4bit_adder0|bitadder:fa3               ; bitadder        ; work         ;
;          |or_gate:or1|                ; 1 (1)               ; 0 (0)                     ; 0                 ; 0          ; 0    ; 0            ; |final_design|full_adder_4bit:full_4bit_adder0|bitadder:fa3|or_gate:or1   ; or_gate         ; work         ;
;          |xor_gate:xor1|              ; 1 (1)               ; 0 (0)                     ; 0                 ; 0          ; 0    ; 0            ; |final_design|full_adder_4bit:full_4bit_adder0|bitadder:fa3|xor_gate:xor1 ; xor_gate        ; work         ;
;    |to_7seg:drv_7seg|                 ; 7 (7)               ; 0 (0)                     ; 0                 ; 0          ; 0    ; 0            ; |final_design|to_7seg:drv_7seg                                            ; to_7seg         ; work         ;
+---------------------------------------+---------------------+---------------------------+-------------------+------------+------+--------------+---------------------------------------------------------------------------+-----------------+--------------+
Note: For table entries with two numbers listed, the numbers in parentheses indicate the number of resources of the given type used by the specific entity alone. The numbers listed outside of parentheses indicate the total resources of the given type used by the specific entity and all of its sub-entities in the hierarchy.


+------------------------------------------------------+
; General Register Statistics                          ;
+----------------------------------------------+-------+
; Statistic                                    ; Value ;
+----------------------------------------------+-------+
; Total registers                              ; 0     ;
; Number of registers using Synchronous Clear  ; 0     ;
; Number of registers using Synchronous Load   ; 0     ;
; Number of registers using Asynchronous Clear ; 0     ;
; Number of registers using Asynchronous Load  ; 0     ;
; Number of registers using Clock Enable       ; 0     ;
; Number of registers using Preset             ; 0     ;
+----------------------------------------------+-------+


+-----------------------------------------------------+
; Post-Synthesis Netlist Statistics for Top Partition ;
+-----------------------+-----------------------------+
; Type                  ; Count                       ;
+-----------------------+-----------------------------+
; arriav_lcell_comb     ; 14                          ;
;     normal            ; 14                          ;
;         1 data inputs ; 1                           ;
;         3 data inputs ; 2                           ;
;         4 data inputs ; 7                           ;
;         5 data inputs ; 4                           ;
; boundary_port         ; 17                          ;
;                       ;                             ;
; Max LUT depth         ; 4.00                        ;
; Average LUT depth     ; 3.39                        ;
+-----------------------+-----------------------------+


+-------------------------------+
; Elapsed Time Per Partition    ;
+----------------+--------------+
; Partition Name ; Elapsed Time ;
+----------------+--------------+
; Top            ; 00:00:00     ;
+----------------+--------------+


+-------------------------------+
; Analysis & Synthesis Messages ;
+-------------------------------+
Info: *******************************************************************
Info: Running Quartus Prime Analysis & Synthesis
    Info: Version 22.1std.0 Build 915 10/25/2022 SC Lite Edition
    Info: Processing started: Mon Mar  6 15:18:57 2023
Info: Command: quartus_map --read_settings_files=on --write_settings_files=off 1bitadder -c 1bitadder
Warning (18236): Number of processors has not been specified which may cause overloading on shared machines.  Set the global assignment NUM_PARALLEL_PROCESSORS in your QSF to an appropriate value for best performance.
Info (20030): Parallel compilation is enabled and will use 4 of the 4 processors detected
Info (12021): Found 2 design units, including 1 entities, in source file bitadder.vhd
    Info (12022): Found design unit 1: bitadder-struct File: D:/1bitadder/bitadder.vhd Line: 12
    Info (12023): Found entity 1: bitadder File: D:/1bitadder/bitadder.vhd Line: 4
Info (12021): Found 2 design units, including 1 entities, in source file xor_gate.vhd
    Info (12022): Found design unit 1: xor_gate-synth File: D:/1bitadder/xor_gate.vhd Line: 11
    Info (12023): Found entity 1: xor_gate File: D:/1bitadder/xor_gate.vhd Line: 4
Info (12021): Found 2 design units, including 1 entities, in source file and_gate.vhd
    Info (12022): Found design unit 1: and_gate-synth File: D:/1bitadder/and_gate.vhd Line: 10
    Info (12023): Found entity 1: and_gate File: D:/1bitadder/and_gate.vhd Line: 4
Info (12021): Found 2 design units, including 1 entities, in source file or_gate.vhd
    Info (12022): Found design unit 1: or_gate-synth File: D:/1bitadder/or_gate.vhd Line: 11
    Info (12023): Found entity 1: or_gate File: D:/1bitadder/or_gate.vhd Line: 4
Info (12021): Found 2 design units, including 1 entities, in source file full_adder_4bit.vhd
    Info (12022): Found design unit 1: full_adder_4bit-struct File: D:/1bitadder/full_adder_4bit.vhd Line: 12
    Info (12023): Found entity 1: full_adder_4bit File: D:/1bitadder/full_adder_4bit.vhd Line: 4
Info (12021): Found 2 design units, including 1 entities, in source file testbench_1.vhd
    Info (12022): Found design unit 1: testbench_1-sim File: D:/1bitadder/testbench_1.vhd Line: 7
    Info (12023): Found entity 1: testbench_1 File: D:/1bitadder/testbench_1.vhd Line: 4
Info (12021): Found 2 design units, including 1 entities, in source file to_7seg.vhd
    Info (12022): Found design unit 1: to_7seg-Behavioral File: D:/1bitadder/to_7seg.vhd Line: 10
    Info (12023): Found entity 1: to_7seg File: D:/1bitadder/to_7seg.vhd Line: 4
Info (12021): Found 2 design units, including 1 entities, in source file final_design.vhd
    Info (12022): Found design unit 1: final_design-final_design_1 File: D:/1bitadder/final_design.vhd Line: 10
    Info (12023): Found entity 1: final_design File: D:/1bitadder/final_design.vhd Line: 3
Info (12127): Elaborating entity "final_design" for the top level hierarchy
Info (12128): Elaborating entity "full_adder_4bit" for hierarchy "full_adder_4bit:full_4bit_adder0" File: D:/1bitadder/final_design.vhd Line: 15
Info (12128): Elaborating entity "bitadder" for hierarchy "full_adder_4bit:full_4bit_adder0|bitadder:fa0" File: D:/1bitadder/full_adder_4bit.vhd Line: 27
Info (12128): Elaborating entity "xor_gate" for hierarchy "full_adder_4bit:full_4bit_adder0|bitadder:fa0|xor_gate:xor1" File: D:/1bitadder/bitadder.vhd Line: 40
Info (12128): Elaborating entity "and_gate" for hierarchy "full_adder_4bit:full_4bit_adder0|bitadder:fa0|and_gate:and1" File: D:/1bitadder/bitadder.vhd Line: 41
Info (12128): Elaborating entity "or_gate" for hierarchy "full_adder_4bit:full_4bit_adder0|bitadder:fa0|or_gate:or1" File: D:/1bitadder/bitadder.vhd Line: 44
Info (12128): Elaborating entity "to_7seg" for hierarchy "to_7seg:drv_7seg" File: D:/1bitadder/final_design.vhd Line: 17
Info (286030): Timing-Driven Synthesis is running
Info (16010): Generating hard_block partition "hard_block:auto_generated_inst"
    Info (16011): Adding 0 node(s), including 0 DDIO, 0 PLL, 0 transceiver and 0 LCELL
Info (21057): Implemented 30 device resources after synthesis - the final resource count might be different
    Info (21058): Implemented 9 input pins
    Info (21059): Implemented 8 output pins
    Info (21061): Implemented 13 logic cells
Info: Quartus Prime Analysis & Synthesis was successful. 0 errors, 1 warning
    Info: Peak virtual memory: 4867 megabytes
    Info: Processing ended: Mon Mar  6 15:19:05 2023
    Info: Elapsed time: 00:00:08
    Info: Total CPU time (on all processors): 00:00:19


