Analysis & Elaboration report for cpu
Wed Jun 14 23:06:40 2023
Quartus Prime Version 22.1std.0 Build 915 10/25/2022 SC Lite Edition


---------------------
; Table of Contents ;
---------------------
  1. Legal Notice
  2. Analysis & Elaboration Summary
  3. Parallel Compilation
  4. Parameter Settings for User Entity Instance: top:t1|arm:arm|controller:c|condlogic:cl|flopenr:flagreg1
  5. Parameter Settings for User Entity Instance: top:t1|arm:arm|controller:c|condlogic:cl|flopenr:flagreg0
  6. Parameter Settings for User Entity Instance: top:t1|arm:arm|datapath:dp|mux2:pcmux
  7. Parameter Settings for User Entity Instance: top:t1|arm:arm|datapath:dp|flopr:pcreg
  8. Parameter Settings for User Entity Instance: top:t1|arm:arm|datapath:dp|adder:pcadd1
  9. Parameter Settings for User Entity Instance: top:t1|arm:arm|datapath:dp|adder:pcadd2
 10. Parameter Settings for User Entity Instance: top:t1|arm:arm|datapath:dp|mux2:ra1mux
 11. Parameter Settings for User Entity Instance: top:t1|arm:arm|datapath:dp|mux2:ra2mux
 12. Parameter Settings for User Entity Instance: top:t1|arm:arm|datapath:dp|mux2:resmux
 13. Parameter Settings for User Entity Instance: top:t1|arm:arm|datapath:dp|mux2:srcbmux
 14. Parameter Settings for User Entity Instance: top:t1|arm:arm|datapath:dp|alu:alu
 15. Analysis & Elaboration Settings
 16. Port Connectivity Checks: "top:t1|arm:arm|datapath:dp|mux2:ra1mux"
 17. Port Connectivity Checks: "top:t1|arm:arm|datapath:dp|adder:pcadd2"
 18. Port Connectivity Checks: "top:t1|arm:arm|datapath:dp|adder:pcadd1"
 19. Port Connectivity Checks: "top:t1"
 20. Analysis & Elaboration Messages
 21. Analysis & Elaboration Suppressed Messages



----------------
; Legal Notice ;
----------------
Copyright (C) 2022  Intel Corporation. All rights reserved.
Your use of Intel Corporation's design tools, logic functions 
and other software and tools, and any partner logic 
functions, and any output files from any of the foregoing 
(including device programming or simulation files), and any 
associated documentation or information are expressly subject 
to the terms and conditions of the Intel Program License 
Subscription Agreement, the Intel Quartus Prime License Agreement,
the Intel FPGA IP License Agreement, or other applicable license
agreement, including, without limitation, that your use is for
the sole purpose of programming logic devices manufactured by
Intel and sold by Intel or its authorized distributors.  Please
refer to the applicable agreement for further details, at
https://fpgasoftware.intel.com/eula.



+--------------------------------------------------------------------------------+
; Analysis & Elaboration Summary                                                 ;
+-------------------------------+------------------------------------------------+
; Analysis & Elaboration Status ; Successful - Wed Jun 14 23:06:40 2023          ;
; Quartus Prime Version         ; 22.1std.0 Build 915 10/25/2022 SC Lite Edition ;
; Revision Name                 ; cpu                                            ;
; Top-level Entity Name         ; main                                           ;
; Family                        ; Cyclone V                                      ;
; Logic utilization (in ALMs)   ; N/A until Partition Merge                      ;
; Total registers               ; N/A until Partition Merge                      ;
; Total pins                    ; N/A until Partition Merge                      ;
; Total virtual pins            ; N/A until Partition Merge                      ;
; Total block memory bits       ; N/A until Partition Merge                      ;
; Total PLLs                    ; N/A until Partition Merge                      ;
; Total DLLs                    ; N/A until Partition Merge                      ;
+-------------------------------+------------------------------------------------+


+------------------------------------------+
; Parallel Compilation                     ;
+----------------------------+-------------+
; Processors                 ; Number      ;
+----------------------------+-------------+
; Number detected on machine ; 8           ;
; Maximum allowed            ; 4           ;
;                            ;             ;
; Average used               ; 1.00        ;
; Maximum used               ; 1           ;
;                            ;             ;
; Usage by Processor         ; % Time Used ;
;     Processor 1            ; 100.0%      ;
+----------------------------+-------------+


+--------------------------------------------------------------------------------------------------------+
; Parameter Settings for User Entity Instance: top:t1|arm:arm|controller:c|condlogic:cl|flopenr:flagreg1 ;
+----------------+-------+-------------------------------------------------------------------------------+
; Parameter Name ; Value ; Type                                                                          ;
+----------------+-------+-------------------------------------------------------------------------------+
; WIDTH          ; 2     ; Signed Integer                                                                ;
+----------------+-------+-------------------------------------------------------------------------------+
Note: In order to hide this table in the UI and the text report file, please set the "Show Parameter Settings in Synthesis Report" option in "Analysis and Synthesis Settings -> More Settings" to "Off".


+--------------------------------------------------------------------------------------------------------+
; Parameter Settings for User Entity Instance: top:t1|arm:arm|controller:c|condlogic:cl|flopenr:flagreg0 ;
+----------------+-------+-------------------------------------------------------------------------------+
; Parameter Name ; Value ; Type                                                                          ;
+----------------+-------+-------------------------------------------------------------------------------+
; WIDTH          ; 2     ; Signed Integer                                                                ;
+----------------+-------+-------------------------------------------------------------------------------+
Note: In order to hide this table in the UI and the text report file, please set the "Show Parameter Settings in Synthesis Report" option in "Analysis and Synthesis Settings -> More Settings" to "Off".


+------------------------------------------------------------------------------------+
; Parameter Settings for User Entity Instance: top:t1|arm:arm|datapath:dp|mux2:pcmux ;
+----------------+-------+-----------------------------------------------------------+
; Parameter Name ; Value ; Type                                                      ;
+----------------+-------+-----------------------------------------------------------+
; WIDTH          ; 32    ; Signed Integer                                            ;
+----------------+-------+-----------------------------------------------------------+
Note: In order to hide this table in the UI and the text report file, please set the "Show Parameter Settings in Synthesis Report" option in "Analysis and Synthesis Settings -> More Settings" to "Off".


+-------------------------------------------------------------------------------------+
; Parameter Settings for User Entity Instance: top:t1|arm:arm|datapath:dp|flopr:pcreg ;
+----------------+-------+------------------------------------------------------------+
; Parameter Name ; Value ; Type                                                       ;
+----------------+-------+------------------------------------------------------------+
; WIDTH          ; 32    ; Signed Integer                                             ;
+----------------+-------+------------------------------------------------------------+
Note: In order to hide this table in the UI and the text report file, please set the "Show Parameter Settings in Synthesis Report" option in "Analysis and Synthesis Settings -> More Settings" to "Off".


+--------------------------------------------------------------------------------------+
; Parameter Settings for User Entity Instance: top:t1|arm:arm|datapath:dp|adder:pcadd1 ;
+----------------+-------+-------------------------------------------------------------+
; Parameter Name ; Value ; Type                                                        ;
+----------------+-------+-------------------------------------------------------------+
; WIDTH          ; 32    ; Signed Integer                                              ;
+----------------+-------+-------------------------------------------------------------+
Note: In order to hide this table in the UI and the text report file, please set the "Show Parameter Settings in Synthesis Report" option in "Analysis and Synthesis Settings -> More Settings" to "Off".


+--------------------------------------------------------------------------------------+
; Parameter Settings for User Entity Instance: top:t1|arm:arm|datapath:dp|adder:pcadd2 ;
+----------------+-------+-------------------------------------------------------------+
; Parameter Name ; Value ; Type                                                        ;
+----------------+-------+-------------------------------------------------------------+
; WIDTH          ; 32    ; Signed Integer                                              ;
+----------------+-------+-------------------------------------------------------------+
Note: In order to hide this table in the UI and the text report file, please set the "Show Parameter Settings in Synthesis Report" option in "Analysis and Synthesis Settings -> More Settings" to "Off".


+-------------------------------------------------------------------------------------+
; Parameter Settings for User Entity Instance: top:t1|arm:arm|datapath:dp|mux2:ra1mux ;
+----------------+-------+------------------------------------------------------------+
; Parameter Name ; Value ; Type                                                       ;
+----------------+-------+------------------------------------------------------------+
; WIDTH          ; 4     ; Signed Integer                                             ;
+----------------+-------+------------------------------------------------------------+
Note: In order to hide this table in the UI and the text report file, please set the "Show Parameter Settings in Synthesis Report" option in "Analysis and Synthesis Settings -> More Settings" to "Off".


+-------------------------------------------------------------------------------------+
; Parameter Settings for User Entity Instance: top:t1|arm:arm|datapath:dp|mux2:ra2mux ;
+----------------+-------+------------------------------------------------------------+
; Parameter Name ; Value ; Type                                                       ;
+----------------+-------+------------------------------------------------------------+
; WIDTH          ; 4     ; Signed Integer                                             ;
+----------------+-------+------------------------------------------------------------+
Note: In order to hide this table in the UI and the text report file, please set the "Show Parameter Settings in Synthesis Report" option in "Analysis and Synthesis Settings -> More Settings" to "Off".


+-------------------------------------------------------------------------------------+
; Parameter Settings for User Entity Instance: top:t1|arm:arm|datapath:dp|mux2:resmux ;
+----------------+-------+------------------------------------------------------------+
; Parameter Name ; Value ; Type                                                       ;
+----------------+-------+------------------------------------------------------------+
; WIDTH          ; 32    ; Signed Integer                                             ;
+----------------+-------+------------------------------------------------------------+
Note: In order to hide this table in the UI and the text report file, please set the "Show Parameter Settings in Synthesis Report" option in "Analysis and Synthesis Settings -> More Settings" to "Off".


+--------------------------------------------------------------------------------------+
; Parameter Settings for User Entity Instance: top:t1|arm:arm|datapath:dp|mux2:srcbmux ;
+----------------+-------+-------------------------------------------------------------+
; Parameter Name ; Value ; Type                                                        ;
+----------------+-------+-------------------------------------------------------------+
; WIDTH          ; 32    ; Signed Integer                                              ;
+----------------+-------+-------------------------------------------------------------+
Note: In order to hide this table in the UI and the text report file, please set the "Show Parameter Settings in Synthesis Report" option in "Analysis and Synthesis Settings -> More Settings" to "Off".


+---------------------------------------------------------------------------------+
; Parameter Settings for User Entity Instance: top:t1|arm:arm|datapath:dp|alu:alu ;
+----------------+-------+--------------------------------------------------------+
; Parameter Name ; Value ; Type                                                   ;
+----------------+-------+--------------------------------------------------------+
; N              ; 32    ; Signed Integer                                         ;
+----------------+-------+--------------------------------------------------------+
Note: In order to hide this table in the UI and the text report file, please set the "Show Parameter Settings in Synthesis Report" option in "Analysis and Synthesis Settings -> More Settings" to "Off".


+---------------------------------------------------------------------------------------------------------------------------+
; Analysis & Elaboration Settings                                                                                           ;
+---------------------------------------------------------------------------------+--------------------+--------------------+
; Option                                                                          ; Setting            ; Default Value      ;
+---------------------------------------------------------------------------------+--------------------+--------------------+
; Device                                                                          ; 5CSEMA5F31C6       ;                    ;
; Top-level entity name                                                           ; main               ; cpu                ;
; Family name                                                                     ; Cyclone V          ; Cyclone V          ;
; Use smart compilation                                                           ; Off                ; Off                ;
; Enable parallel Assembler and Timing Analyzer during compilation                ; On                 ; On                 ;
; Enable compact report table                                                     ; Off                ; Off                ;
; Restructure Multiplexers                                                        ; Auto               ; Auto               ;
; MLAB Add Timing Constraints For Mixed-Port Feed-Through Mode Setting Don't Care ; Off                ; Off                ;
; Create Debugging Nodes for IP Cores                                             ; Off                ; Off                ;
; Preserve fewer node names                                                       ; On                 ; On                 ;
; Intel FPGA IP Evaluation Mode                                                   ; Enable             ; Enable             ;
; Verilog Version                                                                 ; Verilog_2001       ; Verilog_2001       ;
; VHDL Version                                                                    ; VHDL_1993          ; VHDL_1993          ;
; State Machine Processing                                                        ; Auto               ; Auto               ;
; Safe State Machine                                                              ; Off                ; Off                ;
; Extract Verilog State Machines                                                  ; On                 ; On                 ;
; Extract VHDL State Machines                                                     ; On                 ; On                 ;
; Ignore Verilog initial constructs                                               ; Off                ; Off                ;
; Iteration limit for constant Verilog loops                                      ; 5000               ; 5000               ;
; Iteration limit for non-constant Verilog loops                                  ; 250                ; 250                ;
; Add Pass-Through Logic to Inferred RAMs                                         ; On                 ; On                 ;
; Infer RAMs from Raw Logic                                                       ; On                 ; On                 ;
; Parallel Synthesis                                                              ; On                 ; On                 ;
; DSP Block Balancing                                                             ; Auto               ; Auto               ;
; NOT Gate Push-Back                                                              ; On                 ; On                 ;
; Power-Up Don't Care                                                             ; On                 ; On                 ;
; Remove Redundant Logic Cells                                                    ; Off                ; Off                ;
; Remove Duplicate Registers                                                      ; On                 ; On                 ;
; Ignore CARRY Buffers                                                            ; Off                ; Off                ;
; Ignore CASCADE Buffers                                                          ; Off                ; Off                ;
; Ignore GLOBAL Buffers                                                           ; Off                ; Off                ;
; Ignore ROW GLOBAL Buffers                                                       ; Off                ; Off                ;
; Ignore LCELL Buffers                                                            ; Off                ; Off                ;
; Ignore SOFT Buffers                                                             ; On                 ; On                 ;
; Limit AHDL Integers to 32 Bits                                                  ; Off                ; Off                ;
; Optimization Technique                                                          ; Balanced           ; Balanced           ;
; Carry Chain Length                                                              ; 70                 ; 70                 ;
; Auto Carry Chains                                                               ; On                 ; On                 ;
; Auto Open-Drain Pins                                                            ; On                 ; On                 ;
; Perform WYSIWYG Primitive Resynthesis                                           ; Off                ; Off                ;
; Auto ROM Replacement                                                            ; On                 ; On                 ;
; Auto RAM Replacement                                                            ; On                 ; On                 ;
; Auto DSP Block Replacement                                                      ; On                 ; On                 ;
; Auto Shift Register Replacement                                                 ; Auto               ; Auto               ;
; Allow Shift Register Merging across Hierarchies                                 ; Auto               ; Auto               ;
; Auto Clock Enable Replacement                                                   ; On                 ; On                 ;
; Strict RAM Replacement                                                          ; Off                ; Off                ;
; Allow Synchronous Control Signals                                               ; On                 ; On                 ;
; Force Use of Synchronous Clear Signals                                          ; Off                ; Off                ;
; Auto Resource Sharing                                                           ; Off                ; Off                ;
; Allow Any RAM Size For Recognition                                              ; Off                ; Off                ;
; Allow Any ROM Size For Recognition                                              ; Off                ; Off                ;
; Allow Any Shift Register Size For Recognition                                   ; Off                ; Off                ;
; Use LogicLock Constraints during Resource Balancing                             ; On                 ; On                 ;
; Ignore translate_off and synthesis_off directives                               ; Off                ; Off                ;
; Timing-Driven Synthesis                                                         ; On                 ; On                 ;
; Report Parameter Settings                                                       ; On                 ; On                 ;
; Report Source Assignments                                                       ; On                 ; On                 ;
; Report Connectivity Checks                                                      ; On                 ; On                 ;
; Ignore Maximum Fan-Out Assignments                                              ; Off                ; Off                ;
; Synchronization Register Chain Length                                           ; 3                  ; 3                  ;
; Power Optimization During Synthesis                                             ; Normal compilation ; Normal compilation ;
; HDL message level                                                               ; Level2             ; Level2             ;
; Suppress Register Optimization Related Messages                                 ; Off                ; Off                ;
; Number of Removed Registers Reported in Synthesis Report                        ; 5000               ; 5000               ;
; Number of Swept Nodes Reported in Synthesis Report                              ; 5000               ; 5000               ;
; Number of Inverted Registers Reported in Synthesis Report                       ; 100                ; 100                ;
; Clock MUX Protection                                                            ; On                 ; On                 ;
; Auto Gated Clock Conversion                                                     ; Off                ; Off                ;
; Block Design Naming                                                             ; Auto               ; Auto               ;
; SDC constraint protection                                                       ; Off                ; Off                ;
; Synthesis Effort                                                                ; Auto               ; Auto               ;
; Shift Register Replacement - Allow Asynchronous Clear Signal                    ; On                 ; On                 ;
; Pre-Mapping Resynthesis Optimization                                            ; Off                ; Off                ;
; Analysis & Synthesis Message Level                                              ; Medium             ; Medium             ;
; Disable Register Merging Across Hierarchies                                     ; Auto               ; Auto               ;
; Resource Aware Inference For Block RAM                                          ; On                 ; On                 ;
; Automatic Parallel Synthesis                                                    ; On                 ; On                 ;
; Partial Reconfiguration Bitstream ID                                            ; Off                ; Off                ;
+---------------------------------------------------------------------------------+--------------------+--------------------+


+--------------------------------------------------------------------+
; Port Connectivity Checks: "top:t1|arm:arm|datapath:dp|mux2:ra1mux" ;
+------+-------+----------+------------------------------------------+
; Port ; Type  ; Severity ; Details                                  ;
+------+-------+----------+------------------------------------------+
; d1   ; Input ; Info     ; Stuck at VCC                             ;
+------+-------+----------+------------------------------------------+


+---------------------------------------------------------------------+
; Port Connectivity Checks: "top:t1|arm:arm|datapath:dp|adder:pcadd2" ;
+----------+-------+----------+---------------------------------------+
; Port     ; Type  ; Severity ; Details                               ;
+----------+-------+----------+---------------------------------------+
; b[31..3] ; Input ; Info     ; Stuck at GND                          ;
; b[1..0]  ; Input ; Info     ; Stuck at GND                          ;
; b[2]     ; Input ; Info     ; Stuck at VCC                          ;
+----------+-------+----------+---------------------------------------+


+---------------------------------------------------------------------+
; Port Connectivity Checks: "top:t1|arm:arm|datapath:dp|adder:pcadd1" ;
+----------+-------+----------+---------------------------------------+
; Port     ; Type  ; Severity ; Details                               ;
+----------+-------+----------+---------------------------------------+
; b[31..3] ; Input ; Info     ; Stuck at GND                          ;
; b[1..0]  ; Input ; Info     ; Stuck at GND                          ;
; b[2]     ; Input ; Info     ; Stuck at VCC                          ;
+----------+-------+----------+---------------------------------------+


+---------------------------------------------------------------------------------------------------------------------+
; Port Connectivity Checks: "top:t1"                                                                                  ;
+-----------+--------+----------+-------------------------------------------------------------------------------------+
; Port      ; Type   ; Severity ; Details                                                                             ;
+-----------+--------+----------+-------------------------------------------------------------------------------------+
; reset     ; Input  ; Info     ; Stuck at GND                                                                        ;
; WriteData ; Output ; Info     ; Connected to dangling logic. Logic that only feeds a dangling port will be removed. ;
; DataAdr   ; Output ; Info     ; Connected to dangling logic. Logic that only feeds a dangling port will be removed. ;
; MemWrite  ; Output ; Info     ; Connected to dangling logic. Logic that only feeds a dangling port will be removed. ;
; RAMout    ; Output ; Info     ; Connected to dangling logic. Logic that only feeds a dangling port will be removed. ;
; ROMout    ; Output ; Info     ; Connected to dangling logic. Logic that only feeds a dangling port will be removed. ;
+-----------+--------+----------+-------------------------------------------------------------------------------------+


+---------------------------------+
; Analysis & Elaboration Messages ;
+---------------------------------+
Info: *******************************************************************
Info: Running Quartus Prime Analysis & Elaboration
    Info: Version 22.1std.0 Build 915 10/25/2022 SC Lite Edition
    Info: Processing started: Wed Jun 14 23:06:32 2023
Info: Command: quartus_map --read_settings_files=on --write_settings_files=off cpu -c cpu --analysis_and_elaboration
Warning (18236): Number of processors has not been specified which may cause overloading on shared machines.  Set the global assignment NUM_PARALLEL_PROCESSORS in your QSF to an appropriate value for best performance.
Info (20030): Parallel compilation is enabled and will use 4 of the 4 processors detected
Info (12021): Found 1 design units, including 1 entities, in source file vgacontroller.sv
    Info (12023): Found entity 1: vgaController File: C:/Users/Rachel/Desktop/Proyecto de Taller/Archivos/vgaController.sv Line: 1
Info (12021): Found 1 design units, including 1 entities, in source file top.sv
    Info (12023): Found entity 1: top File: C:/Users/Rachel/Desktop/Proyecto de Taller/Archivos/top.sv Line: 1
Info (12021): Found 1 design units, including 1 entities, in source file test_alu.sv
    Info (12023): Found entity 1: test_alu File: C:/Users/Rachel/Desktop/Proyecto de Taller/Archivos/test_alu.sv Line: 1
Info (12021): Found 1 design units, including 1 entities, in source file testbench.sv
    Info (12023): Found entity 1: testbench File: C:/Users/Rachel/Desktop/Proyecto de Taller/Archivos/testbench.sv Line: 1
Info (12021): Found 1 design units, including 1 entities, in source file tablero.sv
    Info (12023): Found entity 1: tablero File: C:/Users/Rachel/Desktop/Proyecto de Taller/Archivos/tablero.sv Line: 1
Info (12021): Found 1 design units, including 1 entities, in source file syncxy.sv
    Info (12023): Found entity 1: SyncXY File: C:/Users/Rachel/Desktop/Proyecto de Taller/Archivos/SyncXY.sv Line: 1
Info (12021): Found 1 design units, including 1 entities, in source file screendraw.sv
    Info (12023): Found entity 1: screenDraw File: C:/Users/Rachel/Desktop/Proyecto de Taller/Archivos/screenDraw.sv Line: 1
Info (12021): Found 1 design units, including 1 entities, in source file rom.sv
    Info (12023): Found entity 1: ROM File: C:/Users/Rachel/Desktop/Proyecto de Taller/Archivos/ROM.sv Line: 1
Info (12021): Found 1 design units, including 1 entities, in source file regfile.sv
    Info (12023): Found entity 1: regfile File: C:/Users/Rachel/Desktop/Proyecto de Taller/Archivos/regfile.sv Line: 1
Info (12021): Found 1 design units, including 1 entities, in source file mux_space.sv
    Info (12023): Found entity 1: mux_space File: C:/Users/Rachel/Desktop/Proyecto de Taller/Archivos/mux_space.sv Line: 1
Info (12021): Found 1 design units, including 1 entities, in source file mux_dibujar.sv
    Info (12023): Found entity 1: mux_dibujar File: C:/Users/Rachel/Desktop/Proyecto de Taller/Archivos/mux_dibujar.sv Line: 1
Info (12021): Found 1 design units, including 1 entities, in source file mux2.sv
    Info (12023): Found entity 1: mux2 File: C:/Users/Rachel/Desktop/Proyecto de Taller/Archivos/mux2.sv Line: 1
Info (12021): Found 1 design units, including 1 entities, in source file memory_tb.sv
    Info (12023): Found entity 1: memory_tb File: C:/Users/Rachel/Desktop/Proyecto de Taller/Archivos/memory_tb.sv Line: 1
Info (12021): Found 1 design units, including 1 entities, in source file memory.sv
    Info (12023): Found entity 1: memory File: C:/Users/Rachel/Desktop/Proyecto de Taller/Archivos/memory.sv Line: 1
Info (12021): Found 1 design units, including 1 entities, in source file main_vga.sv
    Info (12023): Found entity 1: main_vga File: C:/Users/Rachel/Desktop/Proyecto de Taller/Archivos/main_vga.sv Line: 1
Info (12021): Found 1 design units, including 1 entities, in source file imem.sv
    Info (12023): Found entity 1: imem File: C:/Users/Rachel/Desktop/Proyecto de Taller/Archivos/imem.sv Line: 1
Info (12021): Found 1 design units, including 1 entities, in source file flopr.sv
    Info (12023): Found entity 1: flopr File: C:/Users/Rachel/Desktop/Proyecto de Taller/Archivos/flopr.sv Line: 1
Info (12021): Found 1 design units, including 1 entities, in source file flopenr.sv
    Info (12023): Found entity 1: flopenr File: C:/Users/Rachel/Desktop/Proyecto de Taller/Archivos/flopenr.sv Line: 1
Info (12021): Found 1 design units, including 1 entities, in source file extend.sv
    Info (12023): Found entity 1: extend File: C:/Users/Rachel/Desktop/Proyecto de Taller/Archivos/extend.sv Line: 1
Info (12021): Found 1 design units, including 1 entities, in source file dmem.sv
    Info (12023): Found entity 1: dmem File: C:/Users/Rachel/Desktop/Proyecto de Taller/Archivos/dmem.sv Line: 1
Info (12021): Found 1 design units, including 1 entities, in source file decoder.sv
    Info (12023): Found entity 1: decoder File: C:/Users/Rachel/Desktop/Proyecto de Taller/Archivos/decoder.sv Line: 1
Info (12021): Found 1 design units, including 1 entities, in source file datapath.sv
    Info (12023): Found entity 1: datapath File: C:/Users/Rachel/Desktop/Proyecto de Taller/Archivos/datapath.sv Line: 1
Info (12021): Found 1 design units, including 1 entities, in source file controller.sv
    Info (12023): Found entity 1: controller File: C:/Users/Rachel/Desktop/Proyecto de Taller/Archivos/controller.sv Line: 1
Info (12021): Found 2 design units, including 2 entities, in source file condlogic.sv
    Info (12023): Found entity 1: condlogic File: C:/Users/Rachel/Desktop/Proyecto de Taller/Archivos/condlogic.sv Line: 1
    Info (12023): Found entity 2: condcheck File: C:/Users/Rachel/Desktop/Proyecto de Taller/Archivos/condlogic.sv Line: 29
Info (12021): Found 1 design units, including 1 entities, in source file clkdiv.sv
    Info (12023): Found entity 1: clkdiv File: C:/Users/Rachel/Desktop/Proyecto de Taller/Archivos/clkdiv.sv Line: 1
Info (12021): Found 1 design units, including 1 entities, in source file checkpos.sv
    Info (12023): Found entity 1: CheckPos File: C:/Users/Rachel/Desktop/Proyecto de Taller/Archivos/CheckPos.sv Line: 1
Info (12021): Found 1 design units, including 1 entities, in source file arm.sv
    Info (12023): Found entity 1: arm File: C:/Users/Rachel/Desktop/Proyecto de Taller/Archivos/arm.sv Line: 1
Info (12021): Found 1 design units, including 1 entities, in source file alu.sv
    Info (12023): Found entity 1: alu File: C:/Users/Rachel/Desktop/Proyecto de Taller/Archivos/alu.sv Line: 1
Info (12021): Found 1 design units, including 1 entities, in source file adder.sv
    Info (12023): Found entity 1: adder File: C:/Users/Rachel/Desktop/Proyecto de Taller/Archivos/adder.sv Line: 1
Info (12021): Found 1 design units, including 1 entities, in source file main.sv
    Info (12023): Found entity 1: main File: C:/Users/Rachel/Desktop/Proyecto de Taller/Archivos/main.sv Line: 1
Warning (10236): Verilog HDL Implicit Net warning at main.sv(14): created implicit net for "reset" File: C:/Users/Rachel/Desktop/Proyecto de Taller/Archivos/main.sv Line: 14
Warning (10236): Verilog HDL Implicit Net warning at main.sv(14): created implicit net for "WriteData" File: C:/Users/Rachel/Desktop/Proyecto de Taller/Archivos/main.sv Line: 14
Warning (10236): Verilog HDL Implicit Net warning at main.sv(14): created implicit net for "DataAdr" File: C:/Users/Rachel/Desktop/Proyecto de Taller/Archivos/main.sv Line: 14
Info (12127): Elaborating entity "main" for the top level hierarchy
Warning (10036): Verilog HDL or VHDL warning at main.sv(10): object "RAMout" assigned a value but never read File: C:/Users/Rachel/Desktop/Proyecto de Taller/Archivos/main.sv Line: 10
Warning (10036): Verilog HDL or VHDL warning at main.sv(11): object "ROMout" assigned a value but never read File: C:/Users/Rachel/Desktop/Proyecto de Taller/Archivos/main.sv Line: 11
Warning (10030): Net "reset" at main.sv(14) has no driver or initial value, using a default initial value '0' File: C:/Users/Rachel/Desktop/Proyecto de Taller/Archivos/main.sv Line: 14
Info (12128): Elaborating entity "top" for hierarchy "top:t1" File: C:/Users/Rachel/Desktop/Proyecto de Taller/Archivos/main.sv Line: 14
Info (12128): Elaborating entity "arm" for hierarchy "top:t1|arm:arm" File: C:/Users/Rachel/Desktop/Proyecto de Taller/Archivos/top.sv Line: 11
Info (12128): Elaborating entity "controller" for hierarchy "top:t1|arm:arm|controller:c" File: C:/Users/Rachel/Desktop/Proyecto de Taller/Archivos/arm.sv Line: 15
Info (12128): Elaborating entity "decoder" for hierarchy "top:t1|arm:arm|controller:c|decoder:dec" File: C:/Users/Rachel/Desktop/Proyecto de Taller/Archivos/controller.sv Line: 15
Info (12128): Elaborating entity "condlogic" for hierarchy "top:t1|arm:arm|controller:c|condlogic:cl" File: C:/Users/Rachel/Desktop/Proyecto de Taller/Archivos/controller.sv Line: 17
Info (12128): Elaborating entity "flopenr" for hierarchy "top:t1|arm:arm|controller:c|condlogic:cl|flopenr:flagreg1" File: C:/Users/Rachel/Desktop/Proyecto de Taller/Archivos/condlogic.sv Line: 12
Info (12128): Elaborating entity "condcheck" for hierarchy "top:t1|arm:arm|controller:c|condlogic:cl|condcheck:cc" File: C:/Users/Rachel/Desktop/Proyecto de Taller/Archivos/condlogic.sv Line: 17
Info (12128): Elaborating entity "datapath" for hierarchy "top:t1|arm:arm|datapath:dp" File: C:/Users/Rachel/Desktop/Proyecto de Taller/Archivos/arm.sv Line: 17
Info (12128): Elaborating entity "mux2" for hierarchy "top:t1|arm:arm|datapath:dp|mux2:pcmux" File: C:/Users/Rachel/Desktop/Proyecto de Taller/Archivos/datapath.sv Line: 21
Info (12128): Elaborating entity "flopr" for hierarchy "top:t1|arm:arm|datapath:dp|flopr:pcreg" File: C:/Users/Rachel/Desktop/Proyecto de Taller/Archivos/datapath.sv Line: 23
Info (12128): Elaborating entity "adder" for hierarchy "top:t1|arm:arm|datapath:dp|adder:pcadd1" File: C:/Users/Rachel/Desktop/Proyecto de Taller/Archivos/datapath.sv Line: 25
Info (12128): Elaborating entity "mux2" for hierarchy "top:t1|arm:arm|datapath:dp|mux2:ra1mux" File: C:/Users/Rachel/Desktop/Proyecto de Taller/Archivos/datapath.sv Line: 34
Info (12128): Elaborating entity "regfile" for hierarchy "top:t1|arm:arm|datapath:dp|regfile:rf" File: C:/Users/Rachel/Desktop/Proyecto de Taller/Archivos/datapath.sv Line: 38
Info (12128): Elaborating entity "extend" for hierarchy "top:t1|arm:arm|datapath:dp|extend:ext" File: C:/Users/Rachel/Desktop/Proyecto de Taller/Archivos/datapath.sv Line: 42
Info (12128): Elaborating entity "alu" for hierarchy "top:t1|arm:arm|datapath:dp|alu:alu" File: C:/Users/Rachel/Desktop/Proyecto de Taller/Archivos/datapath.sv Line: 49
Warning (10230): Verilog HDL assignment warning at alu.sv(31): truncated value with size 63 to match size of target (32) File: C:/Users/Rachel/Desktop/Proyecto de Taller/Archivos/alu.sv Line: 31
Warning (10230): Verilog HDL assignment warning at alu.sv(32): truncated value with size 32 to match size of target (1) File: C:/Users/Rachel/Desktop/Proyecto de Taller/Archivos/alu.sv Line: 32
Warning (10230): Verilog HDL assignment warning at alu.sv(33): truncated value with size 32 to match size of target (1) File: C:/Users/Rachel/Desktop/Proyecto de Taller/Archivos/alu.sv Line: 33
Warning (10230): Verilog HDL assignment warning at alu.sv(34): truncated value with size 32 to match size of target (1) File: C:/Users/Rachel/Desktop/Proyecto de Taller/Archivos/alu.sv Line: 34
Warning (10230): Verilog HDL assignment warning at alu.sv(35): truncated value with size 32 to match size of target (1) File: C:/Users/Rachel/Desktop/Proyecto de Taller/Archivos/alu.sv Line: 35
Info (12128): Elaborating entity "imem" for hierarchy "top:t1|imem:imem" File: C:/Users/Rachel/Desktop/Proyecto de Taller/Archivos/top.sv Line: 13
Warning (10850): Verilog HDL warning at imem.sv(6): number of words (27) in memory file does not match the number of elements in the address range [0:63] File: C:/Users/Rachel/Desktop/Proyecto de Taller/Archivos/imem.sv Line: 6
Warning (10030): Net "RAM.data_a" at imem.sv(3) has no driver or initial value, using a default initial value '0' File: C:/Users/Rachel/Desktop/Proyecto de Taller/Archivos/imem.sv Line: 3
Warning (10030): Net "RAM.waddr_a" at imem.sv(3) has no driver or initial value, using a default initial value '0' File: C:/Users/Rachel/Desktop/Proyecto de Taller/Archivos/imem.sv Line: 3
Warning (10030): Net "RAM.we_a" at imem.sv(3) has no driver or initial value, using a default initial value '0' File: C:/Users/Rachel/Desktop/Proyecto de Taller/Archivos/imem.sv Line: 3
Info (12128): Elaborating entity "memory" for hierarchy "top:t1|memory:mem" File: C:/Users/Rachel/Desktop/Proyecto de Taller/Archivos/top.sv Line: 15
Info (12128): Elaborating entity "dmem" for hierarchy "top:t1|memory:mem|dmem:dmem" File: C:/Users/Rachel/Desktop/Proyecto de Taller/Archivos/memory.sv Line: 12
Info (12128): Elaborating entity "ROM" for hierarchy "top:t1|memory:mem|ROM:rom" File: C:/Users/Rachel/Desktop/Proyecto de Taller/Archivos/memory.sv Line: 13
Warning (10850): Verilog HDL warning at ROM.sv(8): number of words (25) in memory file does not match the number of elements in the address range [0:255] File: C:/Users/Rachel/Desktop/Proyecto de Taller/Archivos/ROM.sv Line: 8
Warning (10855): Verilog HDL warning at ROM.sv(7): initial value for variable ROM should be constant File: C:/Users/Rachel/Desktop/Proyecto de Taller/Archivos/ROM.sv Line: 7
Warning (10030): Net "ROM" at ROM.sv(5) has no driver or initial value, using a default initial value '0' File: C:/Users/Rachel/Desktop/Proyecto de Taller/Archivos/ROM.sv Line: 5
Info (12128): Elaborating entity "main_vga" for hierarchy "main_vga:vga1" File: C:/Users/Rachel/Desktop/Proyecto de Taller/Archivos/main.sv Line: 16
Info (12128): Elaborating entity "clkdiv" for hierarchy "main_vga:vga1|clkdiv:div" File: C:/Users/Rachel/Desktop/Proyecto de Taller/Archivos/main_vga.sv Line: 9
Info (12128): Elaborating entity "vgaController" for hierarchy "main_vga:vga1|vgaController:cgr" File: C:/Users/Rachel/Desktop/Proyecto de Taller/Archivos/main_vga.sv Line: 11
Info (12128): Elaborating entity "screenDraw" for hierarchy "main_vga:vga1|screenDraw:sd2" File: C:/Users/Rachel/Desktop/Proyecto de Taller/Archivos/main_vga.sv Line: 14
Info (12128): Elaborating entity "CheckPos" for hierarchy "main_vga:vga1|screenDraw:sd2|CheckPos:check" File: C:/Users/Rachel/Desktop/Proyecto de Taller/Archivos/screenDraw.sv Line: 14
Warning (10230): Verilog HDL assignment warning at CheckPos.sv(5): truncated value with size 32 to match size of target (1) File: C:/Users/Rachel/Desktop/Proyecto de Taller/Archivos/CheckPos.sv Line: 5
Info (144001): Generated suppressed messages file C:/Users/Rachel/Desktop/Proyecto de Taller/Archivos/cpu.map.smsg
Info: Quartus Prime Analysis & Elaboration was successful. 0 errors, 20 warnings
    Info: Peak virtual memory: 4875 megabytes
    Info: Processing ended: Wed Jun 14 23:06:40 2023
    Info: Elapsed time: 00:00:08
    Info: Total CPU time (on all processors): 00:00:08


+--------------------------------------------+
; Analysis & Elaboration Suppressed Messages ;
+--------------------------------------------+
The suppressed messages can be found in C:/Users/Rachel/Desktop/Proyecto de Taller/Archivos/cpu.map.smsg.


