Analysis & Elaboration report for Fsm_2048
Thu Apr 20 11:02:17 2023
Quartus Prime Version 22.1std.0 Build 915 10/25/2022 SC Lite Edition


---------------------
; Table of Contents ;
---------------------
  1. Legal Notice
  2. Analysis & Elaboration Summary
  3. Parallel Compilation
  4. Analysis & Elaboration Settings
  5. Analysis & Elaboration Messages
  6. Analysis & Elaboration Suppressed Messages



----------------
; Legal Notice ;
----------------
Copyright (C) 2022  Intel Corporation. All rights reserved.
Your use of Intel Corporation's design tools, logic functions 
and other software and tools, and any partner logic 
functions, and any output files from any of the foregoing 
(including device programming or simulation files), and any 
associated documentation or information are expressly subject 
to the terms and conditions of the Intel Program License 
Subscription Agreement, the Intel Quartus Prime License Agreement,
the Intel FPGA IP License Agreement, or other applicable license
agreement, including, without limitation, that your use is for
the sole purpose of programming logic devices manufactured by
Intel and sold by Intel or its authorized distributors.  Please
refer to the applicable agreement for further details, at
https://fpgasoftware.intel.com/eula.



+--------------------------------------------------------------------------------+
; Analysis & Elaboration Summary                                                 ;
+-------------------------------+------------------------------------------------+
; Analysis & Elaboration Status ; Successful - Thu Apr 20 11:02:16 2023          ;
; Quartus Prime Version         ; 22.1std.0 Build 915 10/25/2022 SC Lite Edition ;
; Revision Name                 ; Fsm_2048                                       ;
; Top-level Entity Name         ; matrix_4_4                                     ;
; Family                        ; Cyclone V                                      ;
; Logic utilization (in ALMs)   ; N/A until Partition Merge                      ;
; Total registers               ; N/A until Partition Merge                      ;
; Total pins                    ; N/A until Partition Merge                      ;
; Total virtual pins            ; N/A until Partition Merge                      ;
; Total block memory bits       ; N/A until Partition Merge                      ;
; Total PLLs                    ; N/A until Partition Merge                      ;
; Total DLLs                    ; N/A until Partition Merge                      ;
+-------------------------------+------------------------------------------------+


+------------------------------------------+
; Parallel Compilation                     ;
+----------------------------+-------------+
; Processors                 ; Number      ;
+----------------------------+-------------+
; Number detected on machine ; 8           ;
; Maximum allowed            ; 4           ;
;                            ;             ;
; Average used               ; 1.00        ;
; Maximum used               ; 1           ;
;                            ;             ;
; Usage by Processor         ; % Time Used ;
;     Processor 1            ; 100.0%      ;
+----------------------------+-------------+


+---------------------------------------------------------------------------------------------------------------------------+
; Analysis & Elaboration Settings                                                                                           ;
+---------------------------------------------------------------------------------+--------------------+--------------------+
; Option                                                                          ; Setting            ; Default Value      ;
+---------------------------------------------------------------------------------+--------------------+--------------------+
; Device                                                                          ; 5CGXFC7C7F23C8     ;                    ;
; Top-level entity name                                                           ; matrix_4_4         ; Fsm_2048           ;
; Family name                                                                     ; Cyclone V          ; Cyclone V          ;
; Use smart compilation                                                           ; Off                ; Off                ;
; Enable parallel Assembler and Timing Analyzer during compilation                ; On                 ; On                 ;
; Enable compact report table                                                     ; Off                ; Off                ;
; Restructure Multiplexers                                                        ; Auto               ; Auto               ;
; MLAB Add Timing Constraints For Mixed-Port Feed-Through Mode Setting Don't Care ; Off                ; Off                ;
; Create Debugging Nodes for IP Cores                                             ; Off                ; Off                ;
; Preserve fewer node names                                                       ; On                 ; On                 ;
; Intel FPGA IP Evaluation Mode                                                   ; Enable             ; Enable             ;
; Verilog Version                                                                 ; Verilog_2001       ; Verilog_2001       ;
; VHDL Version                                                                    ; VHDL_1993          ; VHDL_1993          ;
; State Machine Processing                                                        ; Auto               ; Auto               ;
; Safe State Machine                                                              ; Off                ; Off                ;
; Extract Verilog State Machines                                                  ; On                 ; On                 ;
; Extract VHDL State Machines                                                     ; On                 ; On                 ;
; Ignore Verilog initial constructs                                               ; Off                ; Off                ;
; Iteration limit for constant Verilog loops                                      ; 5000               ; 5000               ;
; Iteration limit for non-constant Verilog loops                                  ; 250                ; 250                ;
; Add Pass-Through Logic to Inferred RAMs                                         ; On                 ; On                 ;
; Infer RAMs from Raw Logic                                                       ; On                 ; On                 ;
; Parallel Synthesis                                                              ; On                 ; On                 ;
; DSP Block Balancing                                                             ; Auto               ; Auto               ;
; NOT Gate Push-Back                                                              ; On                 ; On                 ;
; Power-Up Don't Care                                                             ; On                 ; On                 ;
; Remove Redundant Logic Cells                                                    ; Off                ; Off                ;
; Remove Duplicate Registers                                                      ; On                 ; On                 ;
; Ignore CARRY Buffers                                                            ; Off                ; Off                ;
; Ignore CASCADE Buffers                                                          ; Off                ; Off                ;
; Ignore GLOBAL Buffers                                                           ; Off                ; Off                ;
; Ignore ROW GLOBAL Buffers                                                       ; Off                ; Off                ;
; Ignore LCELL Buffers                                                            ; Off                ; Off                ;
; Ignore SOFT Buffers                                                             ; On                 ; On                 ;
; Limit AHDL Integers to 32 Bits                                                  ; Off                ; Off                ;
; Optimization Technique                                                          ; Balanced           ; Balanced           ;
; Carry Chain Length                                                              ; 70                 ; 70                 ;
; Auto Carry Chains                                                               ; On                 ; On                 ;
; Auto Open-Drain Pins                                                            ; On                 ; On                 ;
; Perform WYSIWYG Primitive Resynthesis                                           ; Off                ; Off                ;
; Auto ROM Replacement                                                            ; On                 ; On                 ;
; Auto RAM Replacement                                                            ; On                 ; On                 ;
; Auto DSP Block Replacement                                                      ; On                 ; On                 ;
; Auto Shift Register Replacement                                                 ; Auto               ; Auto               ;
; Allow Shift Register Merging across Hierarchies                                 ; Auto               ; Auto               ;
; Auto Clock Enable Replacement                                                   ; On                 ; On                 ;
; Strict RAM Replacement                                                          ; Off                ; Off                ;
; Allow Synchronous Control Signals                                               ; On                 ; On                 ;
; Force Use of Synchronous Clear Signals                                          ; Off                ; Off                ;
; Auto Resource Sharing                                                           ; Off                ; Off                ;
; Allow Any RAM Size For Recognition                                              ; Off                ; Off                ;
; Allow Any ROM Size For Recognition                                              ; Off                ; Off                ;
; Allow Any Shift Register Size For Recognition                                   ; Off                ; Off                ;
; Use LogicLock Constraints during Resource Balancing                             ; On                 ; On                 ;
; Ignore translate_off and synthesis_off directives                               ; Off                ; Off                ;
; Timing-Driven Synthesis                                                         ; On                 ; On                 ;
; Report Parameter Settings                                                       ; On                 ; On                 ;
; Report Source Assignments                                                       ; On                 ; On                 ;
; Report Connectivity Checks                                                      ; On                 ; On                 ;
; Ignore Maximum Fan-Out Assignments                                              ; Off                ; Off                ;
; Synchronization Register Chain Length                                           ; 3                  ; 3                  ;
; Power Optimization During Synthesis                                             ; Normal compilation ; Normal compilation ;
; HDL message level                                                               ; Level2             ; Level2             ;
; Suppress Register Optimization Related Messages                                 ; Off                ; Off                ;
; Number of Removed Registers Reported in Synthesis Report                        ; 5000               ; 5000               ;
; Number of Swept Nodes Reported in Synthesis Report                              ; 5000               ; 5000               ;
; Number of Inverted Registers Reported in Synthesis Report                       ; 100                ; 100                ;
; Clock MUX Protection                                                            ; On                 ; On                 ;
; Auto Gated Clock Conversion                                                     ; Off                ; Off                ;
; Block Design Naming                                                             ; Auto               ; Auto               ;
; SDC constraint protection                                                       ; Off                ; Off                ;
; Synthesis Effort                                                                ; Auto               ; Auto               ;
; Shift Register Replacement - Allow Asynchronous Clear Signal                    ; On                 ; On                 ;
; Pre-Mapping Resynthesis Optimization                                            ; Off                ; Off                ;
; Analysis & Synthesis Message Level                                              ; Medium             ; Medium             ;
; Disable Register Merging Across Hierarchies                                     ; Auto               ; Auto               ;
; Resource Aware Inference For Block RAM                                          ; On                 ; On                 ;
; Automatic Parallel Synthesis                                                    ; On                 ; On                 ;
; Partial Reconfiguration Bitstream ID                                            ; Off                ; Off                ;
+---------------------------------------------------------------------------------+--------------------+--------------------+


+---------------------------------+
; Analysis & Elaboration Messages ;
+---------------------------------+
Info: *******************************************************************
Info: Running Quartus Prime Analysis & Elaboration
    Info: Version 22.1std.0 Build 915 10/25/2022 SC Lite Edition
    Info: Processing started: Thu Apr 20 11:02:05 2023
Info: Command: quartus_map --read_settings_files=on --write_settings_files=off Fsm_2048 -c Fsm_2048 --analysis_and_elaboration
Warning (18236): Number of processors has not been specified which may cause overloading on shared machines.  Set the global assignment NUM_PARALLEL_PROCESSORS in your QSF to an appropriate value for best performance.
Info (20030): Parallel compilation is enabled and will use 4 of the 4 processors detected
Info (12021): Found 1 design units, including 1 entities, in source file game2048.sv
    Info (12023): Found entity 1: game2048 File: D:/Fsm_2048/game2048.sv Line: 1
Info (12021): Found 1 design units, including 1 entities, in source file matrix_4_4.sv
    Info (12023): Found entity 1: matrix_4_4 File: D:/Fsm_2048/matrix_4_4.sv Line: 1
Info (12021): Found 1 design units, including 1 entities, in source file matrix_tb.sv
    Info (12023): Found entity 1: matrix_tb File: D:/Fsm_2048/matrix_tb.sv Line: 1
Info (12127): Elaborating entity "matrix_4_4" for the top level hierarchy
Info (10041): Inferred latch for "matrix[3][3][0]" at matrix_4_4.sv(11) File: D:/Fsm_2048/matrix_4_4.sv Line: 11
Info (10041): Inferred latch for "matrix[3][3][1]" at matrix_4_4.sv(11) File: D:/Fsm_2048/matrix_4_4.sv Line: 11
Info (10041): Inferred latch for "matrix[3][3][2]" at matrix_4_4.sv(11) File: D:/Fsm_2048/matrix_4_4.sv Line: 11
Info (10041): Inferred latch for "matrix[3][3][3]" at matrix_4_4.sv(11) File: D:/Fsm_2048/matrix_4_4.sv Line: 11
Info (10041): Inferred latch for "matrix[3][3][4]" at matrix_4_4.sv(11) File: D:/Fsm_2048/matrix_4_4.sv Line: 11
Info (10041): Inferred latch for "matrix[3][3][5]" at matrix_4_4.sv(11) File: D:/Fsm_2048/matrix_4_4.sv Line: 11
Info (10041): Inferred latch for "matrix[3][3][6]" at matrix_4_4.sv(11) File: D:/Fsm_2048/matrix_4_4.sv Line: 11
Info (10041): Inferred latch for "matrix[3][3][7]" at matrix_4_4.sv(11) File: D:/Fsm_2048/matrix_4_4.sv Line: 11
Info (10041): Inferred latch for "matrix[3][3][8]" at matrix_4_4.sv(11) File: D:/Fsm_2048/matrix_4_4.sv Line: 11
Info (10041): Inferred latch for "matrix[3][3][9]" at matrix_4_4.sv(11) File: D:/Fsm_2048/matrix_4_4.sv Line: 11
Info (10041): Inferred latch for "matrix[3][3][10]" at matrix_4_4.sv(11) File: D:/Fsm_2048/matrix_4_4.sv Line: 11
Info (10041): Inferred latch for "matrix[3][3][11]" at matrix_4_4.sv(11) File: D:/Fsm_2048/matrix_4_4.sv Line: 11
Info (10041): Inferred latch for "matrix[3][3][12]" at matrix_4_4.sv(11) File: D:/Fsm_2048/matrix_4_4.sv Line: 11
Info (10041): Inferred latch for "matrix[3][3][13]" at matrix_4_4.sv(11) File: D:/Fsm_2048/matrix_4_4.sv Line: 11
Info (10041): Inferred latch for "matrix[3][3][14]" at matrix_4_4.sv(11) File: D:/Fsm_2048/matrix_4_4.sv Line: 11
Info (10041): Inferred latch for "matrix[3][3][15]" at matrix_4_4.sv(11) File: D:/Fsm_2048/matrix_4_4.sv Line: 11
Info (10041): Inferred latch for "matrix[3][2][0]" at matrix_4_4.sv(11) File: D:/Fsm_2048/matrix_4_4.sv Line: 11
Info (10041): Inferred latch for "matrix[3][2][1]" at matrix_4_4.sv(11) File: D:/Fsm_2048/matrix_4_4.sv Line: 11
Info (10041): Inferred latch for "matrix[3][2][2]" at matrix_4_4.sv(11) File: D:/Fsm_2048/matrix_4_4.sv Line: 11
Info (10041): Inferred latch for "matrix[3][2][3]" at matrix_4_4.sv(11) File: D:/Fsm_2048/matrix_4_4.sv Line: 11
Info (10041): Inferred latch for "matrix[3][2][4]" at matrix_4_4.sv(11) File: D:/Fsm_2048/matrix_4_4.sv Line: 11
Info (10041): Inferred latch for "matrix[3][2][5]" at matrix_4_4.sv(11) File: D:/Fsm_2048/matrix_4_4.sv Line: 11
Info (10041): Inferred latch for "matrix[3][2][6]" at matrix_4_4.sv(11) File: D:/Fsm_2048/matrix_4_4.sv Line: 11
Info (10041): Inferred latch for "matrix[3][2][7]" at matrix_4_4.sv(11) File: D:/Fsm_2048/matrix_4_4.sv Line: 11
Info (10041): Inferred latch for "matrix[3][2][8]" at matrix_4_4.sv(11) File: D:/Fsm_2048/matrix_4_4.sv Line: 11
Info (10041): Inferred latch for "matrix[3][2][9]" at matrix_4_4.sv(11) File: D:/Fsm_2048/matrix_4_4.sv Line: 11
Info (10041): Inferred latch for "matrix[3][2][10]" at matrix_4_4.sv(11) File: D:/Fsm_2048/matrix_4_4.sv Line: 11
Info (10041): Inferred latch for "matrix[3][2][11]" at matrix_4_4.sv(11) File: D:/Fsm_2048/matrix_4_4.sv Line: 11
Info (10041): Inferred latch for "matrix[3][2][12]" at matrix_4_4.sv(11) File: D:/Fsm_2048/matrix_4_4.sv Line: 11
Info (10041): Inferred latch for "matrix[3][2][13]" at matrix_4_4.sv(11) File: D:/Fsm_2048/matrix_4_4.sv Line: 11
Info (10041): Inferred latch for "matrix[3][2][14]" at matrix_4_4.sv(11) File: D:/Fsm_2048/matrix_4_4.sv Line: 11
Info (10041): Inferred latch for "matrix[3][2][15]" at matrix_4_4.sv(11) File: D:/Fsm_2048/matrix_4_4.sv Line: 11
Info (10041): Inferred latch for "matrix[3][1][0]" at matrix_4_4.sv(11) File: D:/Fsm_2048/matrix_4_4.sv Line: 11
Info (10041): Inferred latch for "matrix[3][1][1]" at matrix_4_4.sv(11) File: D:/Fsm_2048/matrix_4_4.sv Line: 11
Info (10041): Inferred latch for "matrix[3][1][2]" at matrix_4_4.sv(11) File: D:/Fsm_2048/matrix_4_4.sv Line: 11
Info (10041): Inferred latch for "matrix[3][1][3]" at matrix_4_4.sv(11) File: D:/Fsm_2048/matrix_4_4.sv Line: 11
Info (10041): Inferred latch for "matrix[3][1][4]" at matrix_4_4.sv(11) File: D:/Fsm_2048/matrix_4_4.sv Line: 11
Info (10041): Inferred latch for "matrix[3][1][5]" at matrix_4_4.sv(11) File: D:/Fsm_2048/matrix_4_4.sv Line: 11
Info (10041): Inferred latch for "matrix[3][1][6]" at matrix_4_4.sv(11) File: D:/Fsm_2048/matrix_4_4.sv Line: 11
Info (10041): Inferred latch for "matrix[3][1][7]" at matrix_4_4.sv(11) File: D:/Fsm_2048/matrix_4_4.sv Line: 11
Info (10041): Inferred latch for "matrix[3][1][8]" at matrix_4_4.sv(11) File: D:/Fsm_2048/matrix_4_4.sv Line: 11
Info (10041): Inferred latch for "matrix[3][1][9]" at matrix_4_4.sv(11) File: D:/Fsm_2048/matrix_4_4.sv Line: 11
Info (10041): Inferred latch for "matrix[3][1][10]" at matrix_4_4.sv(11) File: D:/Fsm_2048/matrix_4_4.sv Line: 11
Info (10041): Inferred latch for "matrix[3][1][11]" at matrix_4_4.sv(11) File: D:/Fsm_2048/matrix_4_4.sv Line: 11
Info (10041): Inferred latch for "matrix[3][1][12]" at matrix_4_4.sv(11) File: D:/Fsm_2048/matrix_4_4.sv Line: 11
Info (10041): Inferred latch for "matrix[3][1][13]" at matrix_4_4.sv(11) File: D:/Fsm_2048/matrix_4_4.sv Line: 11
Info (10041): Inferred latch for "matrix[3][1][14]" at matrix_4_4.sv(11) File: D:/Fsm_2048/matrix_4_4.sv Line: 11
Info (10041): Inferred latch for "matrix[3][1][15]" at matrix_4_4.sv(11) File: D:/Fsm_2048/matrix_4_4.sv Line: 11
Info (10041): Inferred latch for "matrix[3][0][0]" at matrix_4_4.sv(11) File: D:/Fsm_2048/matrix_4_4.sv Line: 11
Info (10041): Inferred latch for "matrix[3][0][1]" at matrix_4_4.sv(11) File: D:/Fsm_2048/matrix_4_4.sv Line: 11
Info (10041): Inferred latch for "matrix[3][0][2]" at matrix_4_4.sv(11) File: D:/Fsm_2048/matrix_4_4.sv Line: 11
Info (10041): Inferred latch for "matrix[3][0][3]" at matrix_4_4.sv(11) File: D:/Fsm_2048/matrix_4_4.sv Line: 11
Info (10041): Inferred latch for "matrix[3][0][4]" at matrix_4_4.sv(11) File: D:/Fsm_2048/matrix_4_4.sv Line: 11
Info (10041): Inferred latch for "matrix[3][0][5]" at matrix_4_4.sv(11) File: D:/Fsm_2048/matrix_4_4.sv Line: 11
Info (10041): Inferred latch for "matrix[3][0][6]" at matrix_4_4.sv(11) File: D:/Fsm_2048/matrix_4_4.sv Line: 11
Info (10041): Inferred latch for "matrix[3][0][7]" at matrix_4_4.sv(11) File: D:/Fsm_2048/matrix_4_4.sv Line: 11
Info (10041): Inferred latch for "matrix[3][0][8]" at matrix_4_4.sv(11) File: D:/Fsm_2048/matrix_4_4.sv Line: 11
Info (10041): Inferred latch for "matrix[3][0][9]" at matrix_4_4.sv(11) File: D:/Fsm_2048/matrix_4_4.sv Line: 11
Info (10041): Inferred latch for "matrix[3][0][10]" at matrix_4_4.sv(11) File: D:/Fsm_2048/matrix_4_4.sv Line: 11
Info (10041): Inferred latch for "matrix[3][0][11]" at matrix_4_4.sv(11) File: D:/Fsm_2048/matrix_4_4.sv Line: 11
Info (10041): Inferred latch for "matrix[3][0][12]" at matrix_4_4.sv(11) File: D:/Fsm_2048/matrix_4_4.sv Line: 11
Info (10041): Inferred latch for "matrix[3][0][13]" at matrix_4_4.sv(11) File: D:/Fsm_2048/matrix_4_4.sv Line: 11
Info (10041): Inferred latch for "matrix[3][0][14]" at matrix_4_4.sv(11) File: D:/Fsm_2048/matrix_4_4.sv Line: 11
Info (10041): Inferred latch for "matrix[3][0][15]" at matrix_4_4.sv(11) File: D:/Fsm_2048/matrix_4_4.sv Line: 11
Info (10041): Inferred latch for "matrix[2][3][0]" at matrix_4_4.sv(11) File: D:/Fsm_2048/matrix_4_4.sv Line: 11
Info (10041): Inferred latch for "matrix[2][3][1]" at matrix_4_4.sv(11) File: D:/Fsm_2048/matrix_4_4.sv Line: 11
Info (10041): Inferred latch for "matrix[2][3][2]" at matrix_4_4.sv(11) File: D:/Fsm_2048/matrix_4_4.sv Line: 11
Info (10041): Inferred latch for "matrix[2][3][3]" at matrix_4_4.sv(11) File: D:/Fsm_2048/matrix_4_4.sv Line: 11
Info (10041): Inferred latch for "matrix[2][3][4]" at matrix_4_4.sv(11) File: D:/Fsm_2048/matrix_4_4.sv Line: 11
Info (10041): Inferred latch for "matrix[2][3][5]" at matrix_4_4.sv(11) File: D:/Fsm_2048/matrix_4_4.sv Line: 11
Info (10041): Inferred latch for "matrix[2][3][6]" at matrix_4_4.sv(11) File: D:/Fsm_2048/matrix_4_4.sv Line: 11
Info (10041): Inferred latch for "matrix[2][3][7]" at matrix_4_4.sv(11) File: D:/Fsm_2048/matrix_4_4.sv Line: 11
Info (10041): Inferred latch for "matrix[2][3][8]" at matrix_4_4.sv(11) File: D:/Fsm_2048/matrix_4_4.sv Line: 11
Info (10041): Inferred latch for "matrix[2][3][9]" at matrix_4_4.sv(11) File: D:/Fsm_2048/matrix_4_4.sv Line: 11
Info (10041): Inferred latch for "matrix[2][3][10]" at matrix_4_4.sv(11) File: D:/Fsm_2048/matrix_4_4.sv Line: 11
Info (10041): Inferred latch for "matrix[2][3][11]" at matrix_4_4.sv(11) File: D:/Fsm_2048/matrix_4_4.sv Line: 11
Info (10041): Inferred latch for "matrix[2][3][12]" at matrix_4_4.sv(11) File: D:/Fsm_2048/matrix_4_4.sv Line: 11
Info (10041): Inferred latch for "matrix[2][3][13]" at matrix_4_4.sv(11) File: D:/Fsm_2048/matrix_4_4.sv Line: 11
Info (10041): Inferred latch for "matrix[2][3][14]" at matrix_4_4.sv(11) File: D:/Fsm_2048/matrix_4_4.sv Line: 11
Info (10041): Inferred latch for "matrix[2][3][15]" at matrix_4_4.sv(11) File: D:/Fsm_2048/matrix_4_4.sv Line: 11
Info (10041): Inferred latch for "matrix[2][2][0]" at matrix_4_4.sv(11) File: D:/Fsm_2048/matrix_4_4.sv Line: 11
Info (10041): Inferred latch for "matrix[2][2][1]" at matrix_4_4.sv(11) File: D:/Fsm_2048/matrix_4_4.sv Line: 11
Info (10041): Inferred latch for "matrix[2][2][2]" at matrix_4_4.sv(11) File: D:/Fsm_2048/matrix_4_4.sv Line: 11
Info (10041): Inferred latch for "matrix[2][2][3]" at matrix_4_4.sv(11) File: D:/Fsm_2048/matrix_4_4.sv Line: 11
Info (10041): Inferred latch for "matrix[2][2][4]" at matrix_4_4.sv(11) File: D:/Fsm_2048/matrix_4_4.sv Line: 11
Info (10041): Inferred latch for "matrix[2][2][5]" at matrix_4_4.sv(11) File: D:/Fsm_2048/matrix_4_4.sv Line: 11
Info (10041): Inferred latch for "matrix[2][2][6]" at matrix_4_4.sv(11) File: D:/Fsm_2048/matrix_4_4.sv Line: 11
Info (10041): Inferred latch for "matrix[2][2][7]" at matrix_4_4.sv(11) File: D:/Fsm_2048/matrix_4_4.sv Line: 11
Info (10041): Inferred latch for "matrix[2][2][8]" at matrix_4_4.sv(11) File: D:/Fsm_2048/matrix_4_4.sv Line: 11
Info (10041): Inferred latch for "matrix[2][2][9]" at matrix_4_4.sv(11) File: D:/Fsm_2048/matrix_4_4.sv Line: 11
Info (10041): Inferred latch for "matrix[2][2][10]" at matrix_4_4.sv(11) File: D:/Fsm_2048/matrix_4_4.sv Line: 11
Info (10041): Inferred latch for "matrix[2][2][11]" at matrix_4_4.sv(11) File: D:/Fsm_2048/matrix_4_4.sv Line: 11
Info (10041): Inferred latch for "matrix[2][2][12]" at matrix_4_4.sv(11) File: D:/Fsm_2048/matrix_4_4.sv Line: 11
Info (10041): Inferred latch for "matrix[2][2][13]" at matrix_4_4.sv(11) File: D:/Fsm_2048/matrix_4_4.sv Line: 11
Info (10041): Inferred latch for "matrix[2][2][14]" at matrix_4_4.sv(11) File: D:/Fsm_2048/matrix_4_4.sv Line: 11
Info (10041): Inferred latch for "matrix[2][2][15]" at matrix_4_4.sv(11) File: D:/Fsm_2048/matrix_4_4.sv Line: 11
Info (10041): Inferred latch for "matrix[2][1][0]" at matrix_4_4.sv(11) File: D:/Fsm_2048/matrix_4_4.sv Line: 11
Info (10041): Inferred latch for "matrix[2][1][1]" at matrix_4_4.sv(11) File: D:/Fsm_2048/matrix_4_4.sv Line: 11
Info (10041): Inferred latch for "matrix[2][1][2]" at matrix_4_4.sv(11) File: D:/Fsm_2048/matrix_4_4.sv Line: 11
Info (10041): Inferred latch for "matrix[2][1][3]" at matrix_4_4.sv(11) File: D:/Fsm_2048/matrix_4_4.sv Line: 11
Info (10041): Inferred latch for "matrix[2][1][4]" at matrix_4_4.sv(11) File: D:/Fsm_2048/matrix_4_4.sv Line: 11
Info (10041): Inferred latch for "matrix[2][1][5]" at matrix_4_4.sv(11) File: D:/Fsm_2048/matrix_4_4.sv Line: 11
Info (10041): Inferred latch for "matrix[2][1][6]" at matrix_4_4.sv(11) File: D:/Fsm_2048/matrix_4_4.sv Line: 11
Info (10041): Inferred latch for "matrix[2][1][7]" at matrix_4_4.sv(11) File: D:/Fsm_2048/matrix_4_4.sv Line: 11
Info (10041): Inferred latch for "matrix[2][1][8]" at matrix_4_4.sv(11) File: D:/Fsm_2048/matrix_4_4.sv Line: 11
Info (10041): Inferred latch for "matrix[2][1][9]" at matrix_4_4.sv(11) File: D:/Fsm_2048/matrix_4_4.sv Line: 11
Info (10041): Inferred latch for "matrix[2][1][10]" at matrix_4_4.sv(11) File: D:/Fsm_2048/matrix_4_4.sv Line: 11
Info (10041): Inferred latch for "matrix[2][1][11]" at matrix_4_4.sv(11) File: D:/Fsm_2048/matrix_4_4.sv Line: 11
Info (10041): Inferred latch for "matrix[2][1][12]" at matrix_4_4.sv(11) File: D:/Fsm_2048/matrix_4_4.sv Line: 11
Info (10041): Inferred latch for "matrix[2][1][13]" at matrix_4_4.sv(11) File: D:/Fsm_2048/matrix_4_4.sv Line: 11
Info (10041): Inferred latch for "matrix[2][1][14]" at matrix_4_4.sv(11) File: D:/Fsm_2048/matrix_4_4.sv Line: 11
Info (10041): Inferred latch for "matrix[2][1][15]" at matrix_4_4.sv(11) File: D:/Fsm_2048/matrix_4_4.sv Line: 11
Info (10041): Inferred latch for "matrix[2][0][0]" at matrix_4_4.sv(11) File: D:/Fsm_2048/matrix_4_4.sv Line: 11
Info (10041): Inferred latch for "matrix[2][0][1]" at matrix_4_4.sv(11) File: D:/Fsm_2048/matrix_4_4.sv Line: 11
Info (10041): Inferred latch for "matrix[2][0][2]" at matrix_4_4.sv(11) File: D:/Fsm_2048/matrix_4_4.sv Line: 11
Info (10041): Inferred latch for "matrix[2][0][3]" at matrix_4_4.sv(11) File: D:/Fsm_2048/matrix_4_4.sv Line: 11
Info (10041): Inferred latch for "matrix[2][0][4]" at matrix_4_4.sv(11) File: D:/Fsm_2048/matrix_4_4.sv Line: 11
Info (10041): Inferred latch for "matrix[2][0][5]" at matrix_4_4.sv(11) File: D:/Fsm_2048/matrix_4_4.sv Line: 11
Info (10041): Inferred latch for "matrix[2][0][6]" at matrix_4_4.sv(11) File: D:/Fsm_2048/matrix_4_4.sv Line: 11
Info (10041): Inferred latch for "matrix[2][0][7]" at matrix_4_4.sv(11) File: D:/Fsm_2048/matrix_4_4.sv Line: 11
Info (10041): Inferred latch for "matrix[2][0][8]" at matrix_4_4.sv(11) File: D:/Fsm_2048/matrix_4_4.sv Line: 11
Info (10041): Inferred latch for "matrix[2][0][9]" at matrix_4_4.sv(11) File: D:/Fsm_2048/matrix_4_4.sv Line: 11
Info (10041): Inferred latch for "matrix[2][0][10]" at matrix_4_4.sv(11) File: D:/Fsm_2048/matrix_4_4.sv Line: 11
Info (10041): Inferred latch for "matrix[2][0][11]" at matrix_4_4.sv(11) File: D:/Fsm_2048/matrix_4_4.sv Line: 11
Info (10041): Inferred latch for "matrix[2][0][12]" at matrix_4_4.sv(11) File: D:/Fsm_2048/matrix_4_4.sv Line: 11
Info (10041): Inferred latch for "matrix[2][0][13]" at matrix_4_4.sv(11) File: D:/Fsm_2048/matrix_4_4.sv Line: 11
Info (10041): Inferred latch for "matrix[2][0][14]" at matrix_4_4.sv(11) File: D:/Fsm_2048/matrix_4_4.sv Line: 11
Info (10041): Inferred latch for "matrix[2][0][15]" at matrix_4_4.sv(11) File: D:/Fsm_2048/matrix_4_4.sv Line: 11
Info (10041): Inferred latch for "matrix[1][3][0]" at matrix_4_4.sv(11) File: D:/Fsm_2048/matrix_4_4.sv Line: 11
Info (10041): Inferred latch for "matrix[1][3][1]" at matrix_4_4.sv(11) File: D:/Fsm_2048/matrix_4_4.sv Line: 11
Info (10041): Inferred latch for "matrix[1][3][2]" at matrix_4_4.sv(11) File: D:/Fsm_2048/matrix_4_4.sv Line: 11
Info (10041): Inferred latch for "matrix[1][3][3]" at matrix_4_4.sv(11) File: D:/Fsm_2048/matrix_4_4.sv Line: 11
Info (10041): Inferred latch for "matrix[1][3][4]" at matrix_4_4.sv(11) File: D:/Fsm_2048/matrix_4_4.sv Line: 11
Info (10041): Inferred latch for "matrix[1][3][5]" at matrix_4_4.sv(11) File: D:/Fsm_2048/matrix_4_4.sv Line: 11
Info (10041): Inferred latch for "matrix[1][3][6]" at matrix_4_4.sv(11) File: D:/Fsm_2048/matrix_4_4.sv Line: 11
Info (10041): Inferred latch for "matrix[1][3][7]" at matrix_4_4.sv(11) File: D:/Fsm_2048/matrix_4_4.sv Line: 11
Info (10041): Inferred latch for "matrix[1][3][8]" at matrix_4_4.sv(11) File: D:/Fsm_2048/matrix_4_4.sv Line: 11
Info (10041): Inferred latch for "matrix[1][3][9]" at matrix_4_4.sv(11) File: D:/Fsm_2048/matrix_4_4.sv Line: 11
Info (10041): Inferred latch for "matrix[1][3][10]" at matrix_4_4.sv(11) File: D:/Fsm_2048/matrix_4_4.sv Line: 11
Info (10041): Inferred latch for "matrix[1][3][11]" at matrix_4_4.sv(11) File: D:/Fsm_2048/matrix_4_4.sv Line: 11
Info (10041): Inferred latch for "matrix[1][3][12]" at matrix_4_4.sv(11) File: D:/Fsm_2048/matrix_4_4.sv Line: 11
Info (10041): Inferred latch for "matrix[1][3][13]" at matrix_4_4.sv(11) File: D:/Fsm_2048/matrix_4_4.sv Line: 11
Info (10041): Inferred latch for "matrix[1][3][14]" at matrix_4_4.sv(11) File: D:/Fsm_2048/matrix_4_4.sv Line: 11
Info (10041): Inferred latch for "matrix[1][3][15]" at matrix_4_4.sv(11) File: D:/Fsm_2048/matrix_4_4.sv Line: 11
Info (10041): Inferred latch for "matrix[1][2][0]" at matrix_4_4.sv(11) File: D:/Fsm_2048/matrix_4_4.sv Line: 11
Info (10041): Inferred latch for "matrix[1][2][1]" at matrix_4_4.sv(11) File: D:/Fsm_2048/matrix_4_4.sv Line: 11
Info (10041): Inferred latch for "matrix[1][2][2]" at matrix_4_4.sv(11) File: D:/Fsm_2048/matrix_4_4.sv Line: 11
Info (10041): Inferred latch for "matrix[1][2][3]" at matrix_4_4.sv(11) File: D:/Fsm_2048/matrix_4_4.sv Line: 11
Info (10041): Inferred latch for "matrix[1][2][4]" at matrix_4_4.sv(11) File: D:/Fsm_2048/matrix_4_4.sv Line: 11
Info (10041): Inferred latch for "matrix[1][2][5]" at matrix_4_4.sv(11) File: D:/Fsm_2048/matrix_4_4.sv Line: 11
Info (10041): Inferred latch for "matrix[1][2][6]" at matrix_4_4.sv(11) File: D:/Fsm_2048/matrix_4_4.sv Line: 11
Info (10041): Inferred latch for "matrix[1][2][7]" at matrix_4_4.sv(11) File: D:/Fsm_2048/matrix_4_4.sv Line: 11
Info (10041): Inferred latch for "matrix[1][2][8]" at matrix_4_4.sv(11) File: D:/Fsm_2048/matrix_4_4.sv Line: 11
Info (10041): Inferred latch for "matrix[1][2][9]" at matrix_4_4.sv(11) File: D:/Fsm_2048/matrix_4_4.sv Line: 11
Info (10041): Inferred latch for "matrix[1][2][10]" at matrix_4_4.sv(11) File: D:/Fsm_2048/matrix_4_4.sv Line: 11
Info (10041): Inferred latch for "matrix[1][2][11]" at matrix_4_4.sv(11) File: D:/Fsm_2048/matrix_4_4.sv Line: 11
Info (10041): Inferred latch for "matrix[1][2][12]" at matrix_4_4.sv(11) File: D:/Fsm_2048/matrix_4_4.sv Line: 11
Info (10041): Inferred latch for "matrix[1][2][13]" at matrix_4_4.sv(11) File: D:/Fsm_2048/matrix_4_4.sv Line: 11
Info (10041): Inferred latch for "matrix[1][2][14]" at matrix_4_4.sv(11) File: D:/Fsm_2048/matrix_4_4.sv Line: 11
Info (10041): Inferred latch for "matrix[1][2][15]" at matrix_4_4.sv(11) File: D:/Fsm_2048/matrix_4_4.sv Line: 11
Info (10041): Inferred latch for "matrix[1][1][0]" at matrix_4_4.sv(11) File: D:/Fsm_2048/matrix_4_4.sv Line: 11
Info (10041): Inferred latch for "matrix[1][1][1]" at matrix_4_4.sv(11) File: D:/Fsm_2048/matrix_4_4.sv Line: 11
Info (10041): Inferred latch for "matrix[1][1][2]" at matrix_4_4.sv(11) File: D:/Fsm_2048/matrix_4_4.sv Line: 11
Info (10041): Inferred latch for "matrix[1][1][3]" at matrix_4_4.sv(11) File: D:/Fsm_2048/matrix_4_4.sv Line: 11
Info (10041): Inferred latch for "matrix[1][1][4]" at matrix_4_4.sv(11) File: D:/Fsm_2048/matrix_4_4.sv Line: 11
Info (10041): Inferred latch for "matrix[1][1][5]" at matrix_4_4.sv(11) File: D:/Fsm_2048/matrix_4_4.sv Line: 11
Info (10041): Inferred latch for "matrix[1][1][6]" at matrix_4_4.sv(11) File: D:/Fsm_2048/matrix_4_4.sv Line: 11
Info (10041): Inferred latch for "matrix[1][1][7]" at matrix_4_4.sv(11) File: D:/Fsm_2048/matrix_4_4.sv Line: 11
Info (10041): Inferred latch for "matrix[1][1][8]" at matrix_4_4.sv(11) File: D:/Fsm_2048/matrix_4_4.sv Line: 11
Info (10041): Inferred latch for "matrix[1][1][9]" at matrix_4_4.sv(11) File: D:/Fsm_2048/matrix_4_4.sv Line: 11
Info (10041): Inferred latch for "matrix[1][1][10]" at matrix_4_4.sv(11) File: D:/Fsm_2048/matrix_4_4.sv Line: 11
Info (10041): Inferred latch for "matrix[1][1][11]" at matrix_4_4.sv(11) File: D:/Fsm_2048/matrix_4_4.sv Line: 11
Info (10041): Inferred latch for "matrix[1][1][12]" at matrix_4_4.sv(11) File: D:/Fsm_2048/matrix_4_4.sv Line: 11
Info (10041): Inferred latch for "matrix[1][1][13]" at matrix_4_4.sv(11) File: D:/Fsm_2048/matrix_4_4.sv Line: 11
Info (10041): Inferred latch for "matrix[1][1][14]" at matrix_4_4.sv(11) File: D:/Fsm_2048/matrix_4_4.sv Line: 11
Info (10041): Inferred latch for "matrix[1][1][15]" at matrix_4_4.sv(11) File: D:/Fsm_2048/matrix_4_4.sv Line: 11
Info (10041): Inferred latch for "matrix[1][0][0]" at matrix_4_4.sv(11) File: D:/Fsm_2048/matrix_4_4.sv Line: 11
Info (10041): Inferred latch for "matrix[1][0][1]" at matrix_4_4.sv(11) File: D:/Fsm_2048/matrix_4_4.sv Line: 11
Info (10041): Inferred latch for "matrix[1][0][2]" at matrix_4_4.sv(11) File: D:/Fsm_2048/matrix_4_4.sv Line: 11
Info (10041): Inferred latch for "matrix[1][0][3]" at matrix_4_4.sv(11) File: D:/Fsm_2048/matrix_4_4.sv Line: 11
Info (10041): Inferred latch for "matrix[1][0][4]" at matrix_4_4.sv(11) File: D:/Fsm_2048/matrix_4_4.sv Line: 11
Info (10041): Inferred latch for "matrix[1][0][5]" at matrix_4_4.sv(11) File: D:/Fsm_2048/matrix_4_4.sv Line: 11
Info (10041): Inferred latch for "matrix[1][0][6]" at matrix_4_4.sv(11) File: D:/Fsm_2048/matrix_4_4.sv Line: 11
Info (10041): Inferred latch for "matrix[1][0][7]" at matrix_4_4.sv(11) File: D:/Fsm_2048/matrix_4_4.sv Line: 11
Info (10041): Inferred latch for "matrix[1][0][8]" at matrix_4_4.sv(11) File: D:/Fsm_2048/matrix_4_4.sv Line: 11
Info (10041): Inferred latch for "matrix[1][0][9]" at matrix_4_4.sv(11) File: D:/Fsm_2048/matrix_4_4.sv Line: 11
Info (10041): Inferred latch for "matrix[1][0][10]" at matrix_4_4.sv(11) File: D:/Fsm_2048/matrix_4_4.sv Line: 11
Info (10041): Inferred latch for "matrix[1][0][11]" at matrix_4_4.sv(11) File: D:/Fsm_2048/matrix_4_4.sv Line: 11
Info (10041): Inferred latch for "matrix[1][0][12]" at matrix_4_4.sv(11) File: D:/Fsm_2048/matrix_4_4.sv Line: 11
Info (10041): Inferred latch for "matrix[1][0][13]" at matrix_4_4.sv(11) File: D:/Fsm_2048/matrix_4_4.sv Line: 11
Info (10041): Inferred latch for "matrix[1][0][14]" at matrix_4_4.sv(11) File: D:/Fsm_2048/matrix_4_4.sv Line: 11
Info (10041): Inferred latch for "matrix[1][0][15]" at matrix_4_4.sv(11) File: D:/Fsm_2048/matrix_4_4.sv Line: 11
Info (10041): Inferred latch for "matrix[0][3][0]" at matrix_4_4.sv(11) File: D:/Fsm_2048/matrix_4_4.sv Line: 11
Info (10041): Inferred latch for "matrix[0][3][1]" at matrix_4_4.sv(11) File: D:/Fsm_2048/matrix_4_4.sv Line: 11
Info (10041): Inferred latch for "matrix[0][3][2]" at matrix_4_4.sv(11) File: D:/Fsm_2048/matrix_4_4.sv Line: 11
Info (10041): Inferred latch for "matrix[0][3][3]" at matrix_4_4.sv(11) File: D:/Fsm_2048/matrix_4_4.sv Line: 11
Info (10041): Inferred latch for "matrix[0][3][4]" at matrix_4_4.sv(11) File: D:/Fsm_2048/matrix_4_4.sv Line: 11
Info (10041): Inferred latch for "matrix[0][3][5]" at matrix_4_4.sv(11) File: D:/Fsm_2048/matrix_4_4.sv Line: 11
Info (10041): Inferred latch for "matrix[0][3][6]" at matrix_4_4.sv(11) File: D:/Fsm_2048/matrix_4_4.sv Line: 11
Info (10041): Inferred latch for "matrix[0][3][7]" at matrix_4_4.sv(11) File: D:/Fsm_2048/matrix_4_4.sv Line: 11
Info (10041): Inferred latch for "matrix[0][3][8]" at matrix_4_4.sv(11) File: D:/Fsm_2048/matrix_4_4.sv Line: 11
Info (10041): Inferred latch for "matrix[0][3][9]" at matrix_4_4.sv(11) File: D:/Fsm_2048/matrix_4_4.sv Line: 11
Info (10041): Inferred latch for "matrix[0][3][10]" at matrix_4_4.sv(11) File: D:/Fsm_2048/matrix_4_4.sv Line: 11
Info (10041): Inferred latch for "matrix[0][3][11]" at matrix_4_4.sv(11) File: D:/Fsm_2048/matrix_4_4.sv Line: 11
Info (10041): Inferred latch for "matrix[0][3][12]" at matrix_4_4.sv(11) File: D:/Fsm_2048/matrix_4_4.sv Line: 11
Info (10041): Inferred latch for "matrix[0][3][13]" at matrix_4_4.sv(11) File: D:/Fsm_2048/matrix_4_4.sv Line: 11
Info (10041): Inferred latch for "matrix[0][3][14]" at matrix_4_4.sv(11) File: D:/Fsm_2048/matrix_4_4.sv Line: 11
Info (10041): Inferred latch for "matrix[0][3][15]" at matrix_4_4.sv(11) File: D:/Fsm_2048/matrix_4_4.sv Line: 11
Info (10041): Inferred latch for "matrix[0][2][0]" at matrix_4_4.sv(11) File: D:/Fsm_2048/matrix_4_4.sv Line: 11
Info (10041): Inferred latch for "matrix[0][2][1]" at matrix_4_4.sv(11) File: D:/Fsm_2048/matrix_4_4.sv Line: 11
Info (10041): Inferred latch for "matrix[0][2][2]" at matrix_4_4.sv(11) File: D:/Fsm_2048/matrix_4_4.sv Line: 11
Info (10041): Inferred latch for "matrix[0][2][3]" at matrix_4_4.sv(11) File: D:/Fsm_2048/matrix_4_4.sv Line: 11
Info (10041): Inferred latch for "matrix[0][2][4]" at matrix_4_4.sv(11) File: D:/Fsm_2048/matrix_4_4.sv Line: 11
Info (10041): Inferred latch for "matrix[0][2][5]" at matrix_4_4.sv(11) File: D:/Fsm_2048/matrix_4_4.sv Line: 11
Info (10041): Inferred latch for "matrix[0][2][6]" at matrix_4_4.sv(11) File: D:/Fsm_2048/matrix_4_4.sv Line: 11
Info (10041): Inferred latch for "matrix[0][2][7]" at matrix_4_4.sv(11) File: D:/Fsm_2048/matrix_4_4.sv Line: 11
Info (10041): Inferred latch for "matrix[0][2][8]" at matrix_4_4.sv(11) File: D:/Fsm_2048/matrix_4_4.sv Line: 11
Info (10041): Inferred latch for "matrix[0][2][9]" at matrix_4_4.sv(11) File: D:/Fsm_2048/matrix_4_4.sv Line: 11
Info (10041): Inferred latch for "matrix[0][2][10]" at matrix_4_4.sv(11) File: D:/Fsm_2048/matrix_4_4.sv Line: 11
Info (10041): Inferred latch for "matrix[0][2][11]" at matrix_4_4.sv(11) File: D:/Fsm_2048/matrix_4_4.sv Line: 11
Info (10041): Inferred latch for "matrix[0][2][12]" at matrix_4_4.sv(11) File: D:/Fsm_2048/matrix_4_4.sv Line: 11
Info (10041): Inferred latch for "matrix[0][2][13]" at matrix_4_4.sv(11) File: D:/Fsm_2048/matrix_4_4.sv Line: 11
Info (10041): Inferred latch for "matrix[0][2][14]" at matrix_4_4.sv(11) File: D:/Fsm_2048/matrix_4_4.sv Line: 11
Info (10041): Inferred latch for "matrix[0][2][15]" at matrix_4_4.sv(11) File: D:/Fsm_2048/matrix_4_4.sv Line: 11
Info (10041): Inferred latch for "matrix[0][1][0]" at matrix_4_4.sv(11) File: D:/Fsm_2048/matrix_4_4.sv Line: 11
Info (10041): Inferred latch for "matrix[0][1][1]" at matrix_4_4.sv(11) File: D:/Fsm_2048/matrix_4_4.sv Line: 11
Info (10041): Inferred latch for "matrix[0][1][2]" at matrix_4_4.sv(11) File: D:/Fsm_2048/matrix_4_4.sv Line: 11
Info (10041): Inferred latch for "matrix[0][1][3]" at matrix_4_4.sv(11) File: D:/Fsm_2048/matrix_4_4.sv Line: 11
Info (10041): Inferred latch for "matrix[0][1][4]" at matrix_4_4.sv(11) File: D:/Fsm_2048/matrix_4_4.sv Line: 11
Info (10041): Inferred latch for "matrix[0][1][5]" at matrix_4_4.sv(11) File: D:/Fsm_2048/matrix_4_4.sv Line: 11
Info (10041): Inferred latch for "matrix[0][1][6]" at matrix_4_4.sv(11) File: D:/Fsm_2048/matrix_4_4.sv Line: 11
Info (10041): Inferred latch for "matrix[0][1][7]" at matrix_4_4.sv(11) File: D:/Fsm_2048/matrix_4_4.sv Line: 11
Info (10041): Inferred latch for "matrix[0][1][8]" at matrix_4_4.sv(11) File: D:/Fsm_2048/matrix_4_4.sv Line: 11
Info (10041): Inferred latch for "matrix[0][1][9]" at matrix_4_4.sv(11) File: D:/Fsm_2048/matrix_4_4.sv Line: 11
Info (10041): Inferred latch for "matrix[0][1][10]" at matrix_4_4.sv(11) File: D:/Fsm_2048/matrix_4_4.sv Line: 11
Info (10041): Inferred latch for "matrix[0][1][11]" at matrix_4_4.sv(11) File: D:/Fsm_2048/matrix_4_4.sv Line: 11
Info (10041): Inferred latch for "matrix[0][1][12]" at matrix_4_4.sv(11) File: D:/Fsm_2048/matrix_4_4.sv Line: 11
Info (10041): Inferred latch for "matrix[0][1][13]" at matrix_4_4.sv(11) File: D:/Fsm_2048/matrix_4_4.sv Line: 11
Info (10041): Inferred latch for "matrix[0][1][14]" at matrix_4_4.sv(11) File: D:/Fsm_2048/matrix_4_4.sv Line: 11
Info (10041): Inferred latch for "matrix[0][1][15]" at matrix_4_4.sv(11) File: D:/Fsm_2048/matrix_4_4.sv Line: 11
Info (10041): Inferred latch for "matrix[0][0][0]" at matrix_4_4.sv(11) File: D:/Fsm_2048/matrix_4_4.sv Line: 11
Info (10041): Inferred latch for "matrix[0][0][1]" at matrix_4_4.sv(11) File: D:/Fsm_2048/matrix_4_4.sv Line: 11
Info (10041): Inferred latch for "matrix[0][0][2]" at matrix_4_4.sv(11) File: D:/Fsm_2048/matrix_4_4.sv Line: 11
Info (10041): Inferred latch for "matrix[0][0][3]" at matrix_4_4.sv(11) File: D:/Fsm_2048/matrix_4_4.sv Line: 11
Info (10041): Inferred latch for "matrix[0][0][4]" at matrix_4_4.sv(11) File: D:/Fsm_2048/matrix_4_4.sv Line: 11
Info (10041): Inferred latch for "matrix[0][0][5]" at matrix_4_4.sv(11) File: D:/Fsm_2048/matrix_4_4.sv Line: 11
Info (10041): Inferred latch for "matrix[0][0][6]" at matrix_4_4.sv(11) File: D:/Fsm_2048/matrix_4_4.sv Line: 11
Info (10041): Inferred latch for "matrix[0][0][7]" at matrix_4_4.sv(11) File: D:/Fsm_2048/matrix_4_4.sv Line: 11
Info (10041): Inferred latch for "matrix[0][0][8]" at matrix_4_4.sv(11) File: D:/Fsm_2048/matrix_4_4.sv Line: 11
Info (10041): Inferred latch for "matrix[0][0][9]" at matrix_4_4.sv(11) File: D:/Fsm_2048/matrix_4_4.sv Line: 11
Info (10041): Inferred latch for "matrix[0][0][10]" at matrix_4_4.sv(11) File: D:/Fsm_2048/matrix_4_4.sv Line: 11
Info (10041): Inferred latch for "matrix[0][0][11]" at matrix_4_4.sv(11) File: D:/Fsm_2048/matrix_4_4.sv Line: 11
Info (10041): Inferred latch for "matrix[0][0][12]" at matrix_4_4.sv(11) File: D:/Fsm_2048/matrix_4_4.sv Line: 11
Info (10041): Inferred latch for "matrix[0][0][13]" at matrix_4_4.sv(11) File: D:/Fsm_2048/matrix_4_4.sv Line: 11
Info (10041): Inferred latch for "matrix[0][0][14]" at matrix_4_4.sv(11) File: D:/Fsm_2048/matrix_4_4.sv Line: 11
Info (10041): Inferred latch for "matrix[0][0][15]" at matrix_4_4.sv(11) File: D:/Fsm_2048/matrix_4_4.sv Line: 11
Info (10008): Verilog HDL or VHDL information: EDA Netlist Writer cannot regroup multidimensional array "matrix" into its bus
Info (10008): Verilog HDL or VHDL information: EDA Netlist Writer cannot regroup multidimensional array "matrix" into its bus
Info (144001): Generated suppressed messages file D:/Fsm_2048/output_files/Fsm_2048.map.smsg
Info: Quartus Prime Analysis & Elaboration was successful. 0 errors, 1 warning
    Info: Peak virtual memory: 4777 megabytes
    Info: Processing ended: Thu Apr 20 11:02:17 2023
    Info: Elapsed time: 00:00:12
    Info: Total CPU time (on all processors): 00:00:31


+--------------------------------------------+
; Analysis & Elaboration Suppressed Messages ;
+--------------------------------------------+
The suppressed messages can be found in D:/Fsm_2048/output_files/Fsm_2048.map.smsg.


