Analysis & Synthesis report for processor
Mon May 29 18:37:16 2023
Quartus Prime Version 22.1std.0 Build 915 10/25/2022 SC Lite Edition


---------------------
; Table of Contents ;
---------------------
  1. Legal Notice
  2. Analysis & Synthesis Summary
  3. Analysis & Synthesis Settings
  4. Parallel Compilation
  5. Analysis & Synthesis Source Files Read
  6. Analysis & Synthesis Resource Usage Summary
  7. Analysis & Synthesis Resource Utilization by Entity
  8. Registers Removed During Synthesis
  9. General Register Statistics
 10. Multiplexer Restructuring Statistics (Restructuring Performed)
 11. Parameter Settings for User Entity Instance: controller:c|condlogic:cl|flopenr:flagreg1
 12. Parameter Settings for User Entity Instance: controller:c|condlogic:cl|flopenr:flagreg0
 13. Parameter Settings for User Entity Instance: datapath:dp|mux2:pcmux
 14. Parameter Settings for User Entity Instance: datapath:dp|flopr:pcreg
 15. Parameter Settings for User Entity Instance: datapath:dp|adder:pcadd1
 16. Parameter Settings for User Entity Instance: datapath:dp|adder:pcadd2
 17. Parameter Settings for User Entity Instance: datapath:dp|mux2:ra1mux
 18. Parameter Settings for User Entity Instance: datapath:dp|mux2:ra2mux
 19. Parameter Settings for User Entity Instance: datapath:dp|mux2:resmux
 20. Parameter Settings for User Entity Instance: datapath:dp|mux2:srcbmux
 21. Parameter Settings for User Entity Instance: datapath:dp|alu:alu
 22. Parameter Settings for User Entity Instance: datapath:dp|alu:alu|sumador_n:sum1
 23. Parameter Settings for User Entity Instance: datapath:dp|alu:alu|restador_n:res1
 24. Parameter Settings for User Entity Instance: datapath:dp|alu:alu|lsl_arithmetic:lsl1
 25. Parameter Settings for User Entity Instance: datapath:dp|alu:alu|lrl_arithmetic:lrl1
 26. Parameter Settings for User Entity Instance: datapath:dp|alu:alu|and_gate_n:and1
 27. Parameter Settings for User Entity Instance: datapath:dp|alu:alu|or_gate_n:or1
 28. Parameter Settings for User Entity Instance: datapath:dp|alu:alu|xor_gate_n:xor1
 29. Parameter Settings for User Entity Instance: datapath:dp|alu:alu|lsl_logic:lsl2
 30. Parameter Settings for User Entity Instance: datapath:dp|alu:alu|lrl_logic:lrl2
 31. Parameter Settings for User Entity Instance: datapath:dp|alu:alu|n_not_gate:not1
 32. Parameter Settings for User Entity Instance: datapath:dp|alu:alu|mux_:mux1
 33. Parameter Settings for User Entity Instance: datapath:dp|alu:alu|zeroflag:zf
 34. Port Connectivity Checks: "datapath:dp|alu:alu|restador_n:res1"
 35. Port Connectivity Checks: "datapath:dp|alu:alu|sumador_n:sum1"
 36. Port Connectivity Checks: "datapath:dp|alu:alu"
 37. Port Connectivity Checks: "datapath:dp|register_file:rf"
 38. Port Connectivity Checks: "datapath:dp|mux2:ra1mux"
 39. Port Connectivity Checks: "datapath:dp|adder:pcadd2"
 40. Port Connectivity Checks: "datapath:dp|adder:pcadd1"
 41. Port Connectivity Checks: "controller:c"
 42. Post-Synthesis Netlist Statistics for Top Partition
 43. Elapsed Time Per Partition
 44. Analysis & Synthesis Messages
 45. Analysis & Synthesis Suppressed Messages



----------------
; Legal Notice ;
----------------
Copyright (C) 2022  Intel Corporation. All rights reserved.
Your use of Intel Corporation's design tools, logic functions 
and other software and tools, and any partner logic 
functions, and any output files from any of the foregoing 
(including device programming or simulation files), and any 
associated documentation or information are expressly subject 
to the terms and conditions of the Intel Program License 
Subscription Agreement, the Intel Quartus Prime License Agreement,
the Intel FPGA IP License Agreement, or other applicable license
agreement, including, without limitation, that your use is for
the sole purpose of programming logic devices manufactured by
Intel and sold by Intel or its authorized distributors.  Please
refer to the applicable agreement for further details, at
https://fpgasoftware.intel.com/eula.



+----------------------------------------------------------------------------------+
; Analysis & Synthesis Summary                                                     ;
+---------------------------------+------------------------------------------------+
; Analysis & Synthesis Status     ; Successful - Mon May 29 18:37:16 2023          ;
; Quartus Prime Version           ; 22.1std.0 Build 915 10/25/2022 SC Lite Edition ;
; Revision Name                   ; processor                                      ;
; Top-level Entity Name           ; arm                                            ;
; Family                          ; Cyclone V                                      ;
; Logic utilization (in ALMs)     ; N/A                                            ;
; Total registers                 ; 34                                             ;
; Total pins                      ; 163                                            ;
; Total virtual pins              ; 0                                              ;
; Total block memory bits         ; 0                                              ;
; Total DSP Blocks                ; 0                                              ;
; Total HSSI RX PCSs              ; 0                                              ;
; Total HSSI PMA RX Deserializers ; 0                                              ;
; Total HSSI TX PCSs              ; 0                                              ;
; Total HSSI PMA TX Serializers   ; 0                                              ;
; Total PLLs                      ; 0                                              ;
; Total DLLs                      ; 0                                              ;
+---------------------------------+------------------------------------------------+


+---------------------------------------------------------------------------------------------------------------------------+
; Analysis & Synthesis Settings                                                                                             ;
+---------------------------------------------------------------------------------+--------------------+--------------------+
; Option                                                                          ; Setting            ; Default Value      ;
+---------------------------------------------------------------------------------+--------------------+--------------------+
; Device                                                                          ; 5CGXFC7C7F23C8     ;                    ;
; Top-level entity name                                                           ; arm                ; processor          ;
; Family name                                                                     ; Cyclone V          ; Cyclone V          ;
; Use smart compilation                                                           ; Off                ; Off                ;
; Enable parallel Assembler and Timing Analyzer during compilation                ; On                 ; On                 ;
; Enable compact report table                                                     ; Off                ; Off                ;
; Restructure Multiplexers                                                        ; Auto               ; Auto               ;
; MLAB Add Timing Constraints For Mixed-Port Feed-Through Mode Setting Don't Care ; Off                ; Off                ;
; Create Debugging Nodes for IP Cores                                             ; Off                ; Off                ;
; Preserve fewer node names                                                       ; On                 ; On                 ;
; Intel FPGA IP Evaluation Mode                                                   ; Enable             ; Enable             ;
; Verilog Version                                                                 ; Verilog_2001       ; Verilog_2001       ;
; VHDL Version                                                                    ; VHDL_1993          ; VHDL_1993          ;
; State Machine Processing                                                        ; Auto               ; Auto               ;
; Safe State Machine                                                              ; Off                ; Off                ;
; Extract Verilog State Machines                                                  ; On                 ; On                 ;
; Extract VHDL State Machines                                                     ; On                 ; On                 ;
; Ignore Verilog initial constructs                                               ; Off                ; Off                ;
; Iteration limit for constant Verilog loops                                      ; 5000               ; 5000               ;
; Iteration limit for non-constant Verilog loops                                  ; 250                ; 250                ;
; Add Pass-Through Logic to Inferred RAMs                                         ; On                 ; On                 ;
; Infer RAMs from Raw Logic                                                       ; On                 ; On                 ;
; Parallel Synthesis                                                              ; On                 ; On                 ;
; DSP Block Balancing                                                             ; Auto               ; Auto               ;
; NOT Gate Push-Back                                                              ; On                 ; On                 ;
; Power-Up Don't Care                                                             ; On                 ; On                 ;
; Remove Redundant Logic Cells                                                    ; Off                ; Off                ;
; Remove Duplicate Registers                                                      ; On                 ; On                 ;
; Ignore CARRY Buffers                                                            ; Off                ; Off                ;
; Ignore CASCADE Buffers                                                          ; Off                ; Off                ;
; Ignore GLOBAL Buffers                                                           ; Off                ; Off                ;
; Ignore ROW GLOBAL Buffers                                                       ; Off                ; Off                ;
; Ignore LCELL Buffers                                                            ; Off                ; Off                ;
; Ignore SOFT Buffers                                                             ; On                 ; On                 ;
; Limit AHDL Integers to 32 Bits                                                  ; Off                ; Off                ;
; Optimization Technique                                                          ; Balanced           ; Balanced           ;
; Carry Chain Length                                                              ; 70                 ; 70                 ;
; Auto Carry Chains                                                               ; On                 ; On                 ;
; Auto Open-Drain Pins                                                            ; On                 ; On                 ;
; Perform WYSIWYG Primitive Resynthesis                                           ; Off                ; Off                ;
; Auto ROM Replacement                                                            ; On                 ; On                 ;
; Auto RAM Replacement                                                            ; On                 ; On                 ;
; Auto DSP Block Replacement                                                      ; On                 ; On                 ;
; Auto Shift Register Replacement                                                 ; Auto               ; Auto               ;
; Allow Shift Register Merging across Hierarchies                                 ; Auto               ; Auto               ;
; Auto Clock Enable Replacement                                                   ; On                 ; On                 ;
; Strict RAM Replacement                                                          ; Off                ; Off                ;
; Allow Synchronous Control Signals                                               ; On                 ; On                 ;
; Force Use of Synchronous Clear Signals                                          ; Off                ; Off                ;
; Auto Resource Sharing                                                           ; Off                ; Off                ;
; Allow Any RAM Size For Recognition                                              ; Off                ; Off                ;
; Allow Any ROM Size For Recognition                                              ; Off                ; Off                ;
; Allow Any Shift Register Size For Recognition                                   ; Off                ; Off                ;
; Use LogicLock Constraints during Resource Balancing                             ; On                 ; On                 ;
; Ignore translate_off and synthesis_off directives                               ; Off                ; Off                ;
; Timing-Driven Synthesis                                                         ; On                 ; On                 ;
; Report Parameter Settings                                                       ; On                 ; On                 ;
; Report Source Assignments                                                       ; On                 ; On                 ;
; Report Connectivity Checks                                                      ; On                 ; On                 ;
; Ignore Maximum Fan-Out Assignments                                              ; Off                ; Off                ;
; Synchronization Register Chain Length                                           ; 3                  ; 3                  ;
; Power Optimization During Synthesis                                             ; Normal compilation ; Normal compilation ;
; HDL message level                                                               ; Level2             ; Level2             ;
; Suppress Register Optimization Related Messages                                 ; Off                ; Off                ;
; Number of Removed Registers Reported in Synthesis Report                        ; 5000               ; 5000               ;
; Number of Swept Nodes Reported in Synthesis Report                              ; 5000               ; 5000               ;
; Number of Inverted Registers Reported in Synthesis Report                       ; 100                ; 100                ;
; Clock MUX Protection                                                            ; On                 ; On                 ;
; Auto Gated Clock Conversion                                                     ; Off                ; Off                ;
; Block Design Naming                                                             ; Auto               ; Auto               ;
; SDC constraint protection                                                       ; Off                ; Off                ;
; Synthesis Effort                                                                ; Auto               ; Auto               ;
; Shift Register Replacement - Allow Asynchronous Clear Signal                    ; On                 ; On                 ;
; Pre-Mapping Resynthesis Optimization                                            ; Off                ; Off                ;
; Analysis & Synthesis Message Level                                              ; Medium             ; Medium             ;
; Disable Register Merging Across Hierarchies                                     ; Auto               ; Auto               ;
; Resource Aware Inference For Block RAM                                          ; On                 ; On                 ;
; Automatic Parallel Synthesis                                                    ; On                 ; On                 ;
; Partial Reconfiguration Bitstream ID                                            ; Off                ; Off                ;
+---------------------------------------------------------------------------------+--------------------+--------------------+


+------------------------------------------+
; Parallel Compilation                     ;
+----------------------------+-------------+
; Processors                 ; Number      ;
+----------------------------+-------------+
; Number detected on machine ; 8           ;
; Maximum allowed            ; 4           ;
;                            ;             ;
; Average used               ; 1.00        ;
; Maximum used               ; 4           ;
;                            ;             ;
; Usage by Processor         ; % Time Used ;
;     Processor 1            ; 100.0%      ;
;     Processors 2-4         ;   0.0%      ;
+----------------------------+-------------+


+---------------------------------------------------------------------------------------------------------------------------------------------------------------------------------------------------------------------+
; Analysis & Synthesis Source Files Read                                                                                                                                                                              ;
+----------------------------------------------------------------------+-----------------+------------------------------+-----------------------------------------------------------------------------------+---------+
; File Name with User-Entered Path                                     ; Used in Netlist ; File Type                    ; File Name with Absolute Path                                                      ; Library ;
+----------------------------------------------------------------------+-----------------+------------------------------+-----------------------------------------------------------------------------------+---------+
; Laboratorio 3/ALU/alu/zeroflag.sv                                    ; yes             ; User SystemVerilog HDL File  ; D:/processor/Laboratorio 3/ALU/alu/zeroflag.sv                                    ;         ;
; Laboratorio 3/ALU/alu/neflag.sv                                      ; yes             ; User SystemVerilog HDL File  ; D:/processor/Laboratorio 3/ALU/alu/neflag.sv                                      ;         ;
; Laboratorio 3/ALU/alu/mux_.sv                                        ; yes             ; User SystemVerilog HDL File  ; D:/processor/Laboratorio 3/ALU/alu/mux_.sv                                        ;         ;
; Laboratorio 3/ALU/alu/caflag.sv                                      ; yes             ; User SystemVerilog HDL File  ; D:/processor/Laboratorio 3/ALU/alu/caflag.sv                                      ;         ;
; Laboratorio 3/ALU/alu/alu.sv                                         ; yes             ; User SystemVerilog HDL File  ; D:/processor/Laboratorio 3/ALU/alu/alu.sv                                         ;         ;
; Laboratorio 3/ALU/Operaciones aritmetricas/Sumador/sumador_n.sv      ; yes             ; User SystemVerilog HDL File  ; D:/processor/Laboratorio 3/ALU/Operaciones aritmetricas/Sumador/sumador_n.sv      ;         ;
; Laboratorio 3/ALU/Operaciones aritmetricas/Sumador/sumador_1bit.sv   ; yes             ; User SystemVerilog HDL File  ; D:/processor/Laboratorio 3/ALU/Operaciones aritmetricas/Sumador/sumador_1bit.sv   ;         ;
; Laboratorio 3/ALU/Operaciones aritmetricas/Restador/restador_n.sv    ; yes             ; User SystemVerilog HDL File  ; D:/processor/Laboratorio 3/ALU/Operaciones aritmetricas/Restador/restador_n.sv    ;         ;
; Laboratorio 3/ALU/Operaciones aritmetricas/Restador/restador_1bit.sv ; yes             ; User SystemVerilog HDL File  ; D:/processor/Laboratorio 3/ALU/Operaciones aritmetricas/Restador/restador_1bit.sv ;         ;
; Laboratorio 3/ALU/Operandos_logicos/xor_gate_n.sv                    ; yes             ; User SystemVerilog HDL File  ; D:/processor/Laboratorio 3/ALU/Operandos_logicos/xor_gate_n.sv                    ;         ;
; Laboratorio 3/ALU/Operandos_logicos/xor_gate.sv                      ; yes             ; User SystemVerilog HDL File  ; D:/processor/Laboratorio 3/ALU/Operandos_logicos/xor_gate.sv                      ;         ;
; Laboratorio 3/ALU/Operandos_logicos/or_gate_n.sv                     ; yes             ; User SystemVerilog HDL File  ; D:/processor/Laboratorio 3/ALU/Operandos_logicos/or_gate_n.sv                     ;         ;
; Laboratorio 3/ALU/Operandos_logicos/or_gate.sv                       ; yes             ; User SystemVerilog HDL File  ; D:/processor/Laboratorio 3/ALU/Operandos_logicos/or_gate.sv                       ;         ;
; Laboratorio 3/ALU/Operandos_logicos/n_not_gate.sv                    ; yes             ; User SystemVerilog HDL File  ; D:/processor/Laboratorio 3/ALU/Operandos_logicos/n_not_gate.sv                    ;         ;
; Laboratorio 3/ALU/Operandos_logicos/lsl_logic.sv                     ; yes             ; User SystemVerilog HDL File  ; D:/processor/Laboratorio 3/ALU/Operandos_logicos/lsl_logic.sv                     ;         ;
; Laboratorio 3/ALU/Operandos_logicos/lsl_arithmetic.sv                ; yes             ; User SystemVerilog HDL File  ; D:/processor/Laboratorio 3/ALU/Operandos_logicos/lsl_arithmetic.sv                ;         ;
; Laboratorio 3/ALU/Operandos_logicos/lrl_logic.sv                     ; yes             ; User SystemVerilog HDL File  ; D:/processor/Laboratorio 3/ALU/Operandos_logicos/lrl_logic.sv                     ;         ;
; Laboratorio 3/ALU/Operandos_logicos/lrl_arithmetic.sv                ; yes             ; User SystemVerilog HDL File  ; D:/processor/Laboratorio 3/ALU/Operandos_logicos/lrl_arithmetic.sv                ;         ;
; Laboratorio 3/ALU/Operandos_logicos/and_gate_n.sv                    ; yes             ; User SystemVerilog HDL File  ; D:/processor/Laboratorio 3/ALU/Operandos_logicos/and_gate_n.sv                    ;         ;
; Laboratorio 3/ALU/Operandos_logicos/and_gate.sv                      ; yes             ; User SystemVerilog HDL File  ; D:/processor/Laboratorio 3/ALU/Operandos_logicos/and_gate.sv                      ;         ;
; register_file.sv                                                     ; yes             ; User SystemVerilog HDL File  ; D:/processor/register_file.sv                                                     ;         ;
; adder.sv                                                             ; yes             ; User SystemVerilog HDL File  ; D:/processor/adder.sv                                                             ;         ;
; extend.sv                                                            ; yes             ; User SystemVerilog HDL File  ; D:/processor/extend.sv                                                            ;         ;
; flopr.sv                                                             ; yes             ; User SystemVerilog HDL File  ; D:/processor/flopr.sv                                                             ;         ;
; flopenr.sv                                                           ; yes             ; User SystemVerilog HDL File  ; D:/processor/flopenr.sv                                                           ;         ;
; mux2.sv                                                              ; yes             ; User SystemVerilog HDL File  ; D:/processor/mux2.sv                                                              ;         ;
; decoder.sv                                                           ; yes             ; User SystemVerilog HDL File  ; D:/processor/decoder.sv                                                           ;         ;
; condlogic.sv                                                         ; yes             ; User SystemVerilog HDL File  ; D:/processor/condlogic.sv                                                         ;         ;
; datapath.sv                                                          ; yes             ; User SystemVerilog HDL File  ; D:/processor/datapath.sv                                                          ;         ;
; arm.sv                                                               ; yes             ; User SystemVerilog HDL File  ; D:/processor/arm.sv                                                               ;         ;
; controller.sv                                                        ; yes             ; User SystemVerilog HDL File  ; D:/processor/controller.sv                                                        ;         ;
+----------------------------------------------------------------------+-----------------+------------------------------+-----------------------------------------------------------------------------------+---------+


+---------------------------------------------------------+
; Analysis & Synthesis Resource Usage Summary             ;
+---------------------------------------------+-----------+
; Resource                                    ; Usage     ;
+---------------------------------------------+-----------+
; Estimate of Logic utilization (ALMs needed) ; 64        ;
;                                             ;           ;
; Combinational ALUT usage for logic          ; 111       ;
;     -- 7 input functions                    ; 0         ;
;     -- 6 input functions                    ; 17        ;
;     -- 5 input functions                    ; 23        ;
;     -- 4 input functions                    ; 18        ;
;     -- <=3 input functions                  ; 53        ;
;                                             ;           ;
; Dedicated logic registers                   ; 34        ;
;                                             ;           ;
; I/O pins                                    ; 163       ;
;                                             ;           ;
; Total DSP Blocks                            ; 0         ;
;                                             ;           ;
; Maximum fan-out node                        ; clk~input ;
; Maximum fan-out                             ; 34        ;
; Total fan-out                               ; 797       ;
; Average fan-out                             ; 1.69      ;
+---------------------------------------------+-----------+


+----------------------------------------------------------------------------------------------------------------------------------------------------------------------------------------------------------------------------------------------------------------+
; Analysis & Synthesis Resource Utilization by Entity                                                                                                                                                                                                            ;
+----------------------------------------------+---------------------+---------------------------+-------------------+------------+------+--------------+-------------------------------------------------------------------------+---------------+--------------+
; Compilation Hierarchy Node                   ; Combinational ALUTs ; Dedicated Logic Registers ; Block Memory Bits ; DSP Blocks ; Pins ; Virtual Pins ; Full Hierarchy Name                                                     ; Entity Name   ; Library Name ;
+----------------------------------------------+---------------------+---------------------------+-------------------+------------+------+--------------+-------------------------------------------------------------------------+---------------+--------------+
; |arm                                         ; 111 (0)             ; 34 (0)                    ; 0                 ; 0          ; 163  ; 0            ; |arm                                                                    ; arm           ; work         ;
;    |controller:c|                            ; 8 (0)               ; 2 (0)                     ; 0                 ; 0          ; 0    ; 0            ; |arm|controller:c                                                       ; controller    ; work         ;
;       |condlogic:cl|                         ; 6 (5)               ; 2 (0)                     ; 0                 ; 0          ; 0    ; 0            ; |arm|controller:c|condlogic:cl                                          ; condlogic     ; work         ;
;          |condcheck:cc|                      ; 1 (1)               ; 0 (0)                     ; 0                 ; 0          ; 0    ; 0            ; |arm|controller:c|condlogic:cl|condcheck:cc                             ; condcheck     ; work         ;
;          |flopenr:flagreg0|                  ; 0 (0)               ; 2 (2)                     ; 0                 ; 0          ; 0    ; 0            ; |arm|controller:c|condlogic:cl|flopenr:flagreg0                         ; flopenr       ; work         ;
;       |decoder:dec|                          ; 2 (2)               ; 0 (0)                     ; 0                 ; 0          ; 0    ; 0            ; |arm|controller:c|decoder:dec                                           ; decoder       ; work         ;
;    |datapath:dp|                             ; 103 (0)             ; 32 (0)                    ; 0                 ; 0          ; 0    ; 0            ; |arm|datapath:dp                                                        ; datapath      ; work         ;
;       |adder:pcadd1|                         ; 30 (30)             ; 0 (0)                     ; 0                 ; 0          ; 0    ; 0            ; |arm|datapath:dp|adder:pcadd1                                           ; adder         ; work         ;
;       |alu:alu|                              ; 49 (0)              ; 0 (0)                     ; 0                 ; 0          ; 0    ; 0            ; |arm|datapath:dp|alu:alu                                                ; alu           ; work         ;
;          |mux_:mux1|                         ; 31 (31)             ; 0 (0)                     ; 0                 ; 0          ; 0    ; 0            ; |arm|datapath:dp|alu:alu|mux_:mux1                                      ; mux_          ; work         ;
;          |neflag:nf|                         ; 1 (1)               ; 0 (0)                     ; 0                 ; 0          ; 0    ; 0            ; |arm|datapath:dp|alu:alu|neflag:nf                                      ; neflag        ; work         ;
;          |restador_n:res1|                   ; 10 (0)              ; 0 (0)                     ; 0                 ; 0          ; 0    ; 0            ; |arm|datapath:dp|alu:alu|restador_n:res1                                ; restador_n    ; work         ;
;             |restador_1bit:restador[10].dut| ; 1 (1)               ; 0 (0)                     ; 0                 ; 0          ; 0    ; 0            ; |arm|datapath:dp|alu:alu|restador_n:res1|restador_1bit:restador[10].dut ; restador_1bit ; work         ;
;             |restador_1bit:restador[11].dut| ; 1 (1)               ; 0 (0)                     ; 0                 ; 0          ; 0    ; 0            ; |arm|datapath:dp|alu:alu|restador_n:res1|restador_1bit:restador[11].dut ; restador_1bit ; work         ;
;             |restador_1bit:restador[12].dut| ; 1 (1)               ; 0 (0)                     ; 0                 ; 0          ; 0    ; 0            ; |arm|datapath:dp|alu:alu|restador_n:res1|restador_1bit:restador[12].dut ; restador_1bit ; work         ;
;             |restador_1bit:restador[15].dut| ; 1 (1)               ; 0 (0)                     ; 0                 ; 0          ; 0    ; 0            ; |arm|datapath:dp|alu:alu|restador_n:res1|restador_1bit:restador[15].dut ; restador_1bit ; work         ;
;             |restador_1bit:restador[1].dut|  ; 1 (1)               ; 0 (0)                     ; 0                 ; 0          ; 0    ; 0            ; |arm|datapath:dp|alu:alu|restador_n:res1|restador_1bit:restador[1].dut  ; restador_1bit ; work         ;
;             |restador_1bit:restador[27].dut| ; 1 (1)               ; 0 (0)                     ; 0                 ; 0          ; 0    ; 0            ; |arm|datapath:dp|alu:alu|restador_n:res1|restador_1bit:restador[27].dut ; restador_1bit ; work         ;
;             |restador_1bit:restador[28].dut| ; 1 (1)               ; 0 (0)                     ; 0                 ; 0          ; 0    ; 0            ; |arm|datapath:dp|alu:alu|restador_n:res1|restador_1bit:restador[28].dut ; restador_1bit ; work         ;
;             |restador_1bit:restador[2].dut|  ; 1 (1)               ; 0 (0)                     ; 0                 ; 0          ; 0    ; 0            ; |arm|datapath:dp|alu:alu|restador_n:res1|restador_1bit:restador[2].dut  ; restador_1bit ; work         ;
;             |restador_1bit:restador[5].dut|  ; 1 (1)               ; 0 (0)                     ; 0                 ; 0          ; 0    ; 0            ; |arm|datapath:dp|alu:alu|restador_n:res1|restador_1bit:restador[5].dut  ; restador_1bit ; work         ;
;             |restador_1bit:restador[7].dut|  ; 1 (1)               ; 0 (0)                     ; 0                 ; 0          ; 0    ; 0            ; |arm|datapath:dp|alu:alu|restador_n:res1|restador_1bit:restador[7].dut  ; restador_1bit ; work         ;
;          |zeroflag:zf|                       ; 7 (7)               ; 0 (0)                     ; 0                 ; 0          ; 0    ; 0            ; |arm|datapath:dp|alu:alu|zeroflag:zf                                    ; zeroflag      ; work         ;
;       |flopr:pcreg|                          ; 0 (0)               ; 32 (32)                   ; 0                 ; 0          ; 0    ; 0            ; |arm|datapath:dp|flopr:pcreg                                            ; flopr         ; work         ;
;       |mux2:srcbmux|                         ; 24 (24)             ; 0 (0)                     ; 0                 ; 0          ; 0    ; 0            ; |arm|datapath:dp|mux2:srcbmux                                           ; mux2          ; work         ;
+----------------------------------------------+---------------------+---------------------------+-------------------+------------+------+--------------+-------------------------------------------------------------------------+---------------+--------------+
Note: For table entries with two numbers listed, the numbers in parentheses indicate the number of resources of the given type used by the specific entity alone. The numbers listed outside of parentheses indicate the total resources of the given type used by the specific entity and all of its sub-entities in the hierarchy.


+--------------------------------------------------------------------------------------------+
; Registers Removed During Synthesis                                                         ;
+---------------------------------------------------+----------------------------------------+
; Register name                                     ; Reason for Removal                     ;
+---------------------------------------------------+----------------------------------------+
; controller:c|condlogic:cl|flopenr:flagreg1|q[0,1] ; Stuck at GND due to stuck port data_in ;
; Total Number of Removed Registers = 2             ;                                        ;
+---------------------------------------------------+----------------------------------------+


+------------------------------------------------------+
; General Register Statistics                          ;
+----------------------------------------------+-------+
; Statistic                                    ; Value ;
+----------------------------------------------+-------+
; Total registers                              ; 34    ;
; Number of registers using Synchronous Clear  ; 0     ;
; Number of registers using Synchronous Load   ; 30    ;
; Number of registers using Asynchronous Clear ; 34    ;
; Number of registers using Asynchronous Load  ; 0     ;
; Number of registers using Clock Enable       ; 4     ;
; Number of registers using Preset             ; 0     ;
+----------------------------------------------+-------+


+--------------------------------------------------------------------------------------------------------------------------------------------------------+
; Multiplexer Restructuring Statistics (Restructuring Performed)                                                                                         ;
+--------------------+-----------+---------------+----------------------+------------------------+------------+------------------------------------------+
; Multiplexer Inputs ; Bus Width ; Baseline Area ; Area if Restructured ; Saving if Restructured ; Registered ; Example Multiplexer Output               ;
+--------------------+-----------+---------------+----------------------+------------------------+------------+------------------------------------------+
; 3:1                ; 14 bits   ; 28 LEs        ; 28 LEs               ; 0 LEs                  ; No         ; |arm|datapath:dp|mux2:srcbmux|y[15]      ;
; 3:1                ; 2 bits    ; 4 LEs         ; 4 LEs                ; 0 LEs                  ; No         ; |arm|datapath:dp|mux2:srcbmux|y[0]       ;
; 3:1                ; 6 bits    ; 12 LEs        ; 12 LEs               ; 0 LEs                  ; No         ; |arm|datapath:dp|mux2:srcbmux|y[5]       ;
; 3:1                ; 7 bits    ; 14 LEs        ; 14 LEs               ; 0 LEs                  ; No         ; |arm|datapath:dp|alu:alu|mux_:mux1|Mux4  ;
; 4:1                ; 24 bits   ; 48 LEs        ; 48 LEs               ; 0 LEs                  ; No         ; |arm|datapath:dp|alu:alu|mux_:mux1|Mux28 ;
; 4:1                ; 4 bits    ; 8 LEs         ; 8 LEs                ; 0 LEs                  ; No         ; |arm|datapath:dp|mux2:srcbmux|y[11]      ;
+--------------------+-----------+---------------+----------------------+------------------------+------------+------------------------------------------+


+-----------------------------------------------------------------------------------------+
; Parameter Settings for User Entity Instance: controller:c|condlogic:cl|flopenr:flagreg1 ;
+----------------+-------+----------------------------------------------------------------+
; Parameter Name ; Value ; Type                                                           ;
+----------------+-------+----------------------------------------------------------------+
; WIDTH          ; 2     ; Signed Integer                                                 ;
+----------------+-------+----------------------------------------------------------------+
Note: In order to hide this table in the UI and the text report file, please set the "Show Parameter Settings in Synthesis Report" option in "Analysis and Synthesis Settings -> More Settings" to "Off".


+-----------------------------------------------------------------------------------------+
; Parameter Settings for User Entity Instance: controller:c|condlogic:cl|flopenr:flagreg0 ;
+----------------+-------+----------------------------------------------------------------+
; Parameter Name ; Value ; Type                                                           ;
+----------------+-------+----------------------------------------------------------------+
; WIDTH          ; 2     ; Signed Integer                                                 ;
+----------------+-------+----------------------------------------------------------------+
Note: In order to hide this table in the UI and the text report file, please set the "Show Parameter Settings in Synthesis Report" option in "Analysis and Synthesis Settings -> More Settings" to "Off".


+---------------------------------------------------------------------+
; Parameter Settings for User Entity Instance: datapath:dp|mux2:pcmux ;
+----------------+-------+--------------------------------------------+
; Parameter Name ; Value ; Type                                       ;
+----------------+-------+--------------------------------------------+
; WIDTH          ; 32    ; Signed Integer                             ;
+----------------+-------+--------------------------------------------+
Note: In order to hide this table in the UI and the text report file, please set the "Show Parameter Settings in Synthesis Report" option in "Analysis and Synthesis Settings -> More Settings" to "Off".


+----------------------------------------------------------------------+
; Parameter Settings for User Entity Instance: datapath:dp|flopr:pcreg ;
+----------------+-------+---------------------------------------------+
; Parameter Name ; Value ; Type                                        ;
+----------------+-------+---------------------------------------------+
; WIDTH          ; 32    ; Signed Integer                              ;
+----------------+-------+---------------------------------------------+
Note: In order to hide this table in the UI and the text report file, please set the "Show Parameter Settings in Synthesis Report" option in "Analysis and Synthesis Settings -> More Settings" to "Off".


+-----------------------------------------------------------------------+
; Parameter Settings for User Entity Instance: datapath:dp|adder:pcadd1 ;
+----------------+-------+----------------------------------------------+
; Parameter Name ; Value ; Type                                         ;
+----------------+-------+----------------------------------------------+
; WIDTH          ; 32    ; Signed Integer                               ;
+----------------+-------+----------------------------------------------+
Note: In order to hide this table in the UI and the text report file, please set the "Show Parameter Settings in Synthesis Report" option in "Analysis and Synthesis Settings -> More Settings" to "Off".


+-----------------------------------------------------------------------+
; Parameter Settings for User Entity Instance: datapath:dp|adder:pcadd2 ;
+----------------+-------+----------------------------------------------+
; Parameter Name ; Value ; Type                                         ;
+----------------+-------+----------------------------------------------+
; WIDTH          ; 32    ; Signed Integer                               ;
+----------------+-------+----------------------------------------------+
Note: In order to hide this table in the UI and the text report file, please set the "Show Parameter Settings in Synthesis Report" option in "Analysis and Synthesis Settings -> More Settings" to "Off".


+----------------------------------------------------------------------+
; Parameter Settings for User Entity Instance: datapath:dp|mux2:ra1mux ;
+----------------+-------+---------------------------------------------+
; Parameter Name ; Value ; Type                                        ;
+----------------+-------+---------------------------------------------+
; WIDTH          ; 4     ; Signed Integer                              ;
+----------------+-------+---------------------------------------------+
Note: In order to hide this table in the UI and the text report file, please set the "Show Parameter Settings in Synthesis Report" option in "Analysis and Synthesis Settings -> More Settings" to "Off".


+----------------------------------------------------------------------+
; Parameter Settings for User Entity Instance: datapath:dp|mux2:ra2mux ;
+----------------+-------+---------------------------------------------+
; Parameter Name ; Value ; Type                                        ;
+----------------+-------+---------------------------------------------+
; WIDTH          ; 4     ; Signed Integer                              ;
+----------------+-------+---------------------------------------------+
Note: In order to hide this table in the UI and the text report file, please set the "Show Parameter Settings in Synthesis Report" option in "Analysis and Synthesis Settings -> More Settings" to "Off".


+----------------------------------------------------------------------+
; Parameter Settings for User Entity Instance: datapath:dp|mux2:resmux ;
+----------------+-------+---------------------------------------------+
; Parameter Name ; Value ; Type                                        ;
+----------------+-------+---------------------------------------------+
; WIDTH          ; 32    ; Signed Integer                              ;
+----------------+-------+---------------------------------------------+
Note: In order to hide this table in the UI and the text report file, please set the "Show Parameter Settings in Synthesis Report" option in "Analysis and Synthesis Settings -> More Settings" to "Off".


+-----------------------------------------------------------------------+
; Parameter Settings for User Entity Instance: datapath:dp|mux2:srcbmux ;
+----------------+-------+----------------------------------------------+
; Parameter Name ; Value ; Type                                         ;
+----------------+-------+----------------------------------------------+
; WIDTH          ; 32    ; Signed Integer                               ;
+----------------+-------+----------------------------------------------+
Note: In order to hide this table in the UI and the text report file, please set the "Show Parameter Settings in Synthesis Report" option in "Analysis and Synthesis Settings -> More Settings" to "Off".


+------------------------------------------------------------------+
; Parameter Settings for User Entity Instance: datapath:dp|alu:alu ;
+----------------+-------+-----------------------------------------+
; Parameter Name ; Value ; Type                                    ;
+----------------+-------+-----------------------------------------+
; N              ; 32    ; Signed Integer                          ;
+----------------+-------+-----------------------------------------+
Note: In order to hide this table in the UI and the text report file, please set the "Show Parameter Settings in Synthesis Report" option in "Analysis and Synthesis Settings -> More Settings" to "Off".


+---------------------------------------------------------------------------------+
; Parameter Settings for User Entity Instance: datapath:dp|alu:alu|sumador_n:sum1 ;
+----------------+-------+--------------------------------------------------------+
; Parameter Name ; Value ; Type                                                   ;
+----------------+-------+--------------------------------------------------------+
; n              ; 32    ; Signed Integer                                         ;
+----------------+-------+--------------------------------------------------------+
Note: In order to hide this table in the UI and the text report file, please set the "Show Parameter Settings in Synthesis Report" option in "Analysis and Synthesis Settings -> More Settings" to "Off".


+----------------------------------------------------------------------------------+
; Parameter Settings for User Entity Instance: datapath:dp|alu:alu|restador_n:res1 ;
+----------------+-------+---------------------------------------------------------+
; Parameter Name ; Value ; Type                                                    ;
+----------------+-------+---------------------------------------------------------+
; N              ; 32    ; Signed Integer                                          ;
+----------------+-------+---------------------------------------------------------+
Note: In order to hide this table in the UI and the text report file, please set the "Show Parameter Settings in Synthesis Report" option in "Analysis and Synthesis Settings -> More Settings" to "Off".


+--------------------------------------------------------------------------------------+
; Parameter Settings for User Entity Instance: datapath:dp|alu:alu|lsl_arithmetic:lsl1 ;
+----------------+-------+-------------------------------------------------------------+
; Parameter Name ; Value ; Type                                                        ;
+----------------+-------+-------------------------------------------------------------+
; N              ; 32    ; Signed Integer                                              ;
+----------------+-------+-------------------------------------------------------------+
Note: In order to hide this table in the UI and the text report file, please set the "Show Parameter Settings in Synthesis Report" option in "Analysis and Synthesis Settings -> More Settings" to "Off".


+--------------------------------------------------------------------------------------+
; Parameter Settings for User Entity Instance: datapath:dp|alu:alu|lrl_arithmetic:lrl1 ;
+----------------+-------+-------------------------------------------------------------+
; Parameter Name ; Value ; Type                                                        ;
+----------------+-------+-------------------------------------------------------------+
; N              ; 32    ; Signed Integer                                              ;
+----------------+-------+-------------------------------------------------------------+
Note: In order to hide this table in the UI and the text report file, please set the "Show Parameter Settings in Synthesis Report" option in "Analysis and Synthesis Settings -> More Settings" to "Off".


+----------------------------------------------------------------------------------+
; Parameter Settings for User Entity Instance: datapath:dp|alu:alu|and_gate_n:and1 ;
+----------------+-------+---------------------------------------------------------+
; Parameter Name ; Value ; Type                                                    ;
+----------------+-------+---------------------------------------------------------+
; N              ; 32    ; Signed Integer                                          ;
+----------------+-------+---------------------------------------------------------+
Note: In order to hide this table in the UI and the text report file, please set the "Show Parameter Settings in Synthesis Report" option in "Analysis and Synthesis Settings -> More Settings" to "Off".


+--------------------------------------------------------------------------------+
; Parameter Settings for User Entity Instance: datapath:dp|alu:alu|or_gate_n:or1 ;
+----------------+-------+-------------------------------------------------------+
; Parameter Name ; Value ; Type                                                  ;
+----------------+-------+-------------------------------------------------------+
; N              ; 32    ; Signed Integer                                        ;
+----------------+-------+-------------------------------------------------------+
Note: In order to hide this table in the UI and the text report file, please set the "Show Parameter Settings in Synthesis Report" option in "Analysis and Synthesis Settings -> More Settings" to "Off".


+----------------------------------------------------------------------------------+
; Parameter Settings for User Entity Instance: datapath:dp|alu:alu|xor_gate_n:xor1 ;
+----------------+-------+---------------------------------------------------------+
; Parameter Name ; Value ; Type                                                    ;
+----------------+-------+---------------------------------------------------------+
; N              ; 32    ; Signed Integer                                          ;
+----------------+-------+---------------------------------------------------------+
Note: In order to hide this table in the UI and the text report file, please set the "Show Parameter Settings in Synthesis Report" option in "Analysis and Synthesis Settings -> More Settings" to "Off".


+---------------------------------------------------------------------------------+
; Parameter Settings for User Entity Instance: datapath:dp|alu:alu|lsl_logic:lsl2 ;
+----------------+-------+--------------------------------------------------------+
; Parameter Name ; Value ; Type                                                   ;
+----------------+-------+--------------------------------------------------------+
; N              ; 32    ; Signed Integer                                         ;
+----------------+-------+--------------------------------------------------------+
Note: In order to hide this table in the UI and the text report file, please set the "Show Parameter Settings in Synthesis Report" option in "Analysis and Synthesis Settings -> More Settings" to "Off".


+---------------------------------------------------------------------------------+
; Parameter Settings for User Entity Instance: datapath:dp|alu:alu|lrl_logic:lrl2 ;
+----------------+-------+--------------------------------------------------------+
; Parameter Name ; Value ; Type                                                   ;
+----------------+-------+--------------------------------------------------------+
; N              ; 32    ; Signed Integer                                         ;
+----------------+-------+--------------------------------------------------------+
Note: In order to hide this table in the UI and the text report file, please set the "Show Parameter Settings in Synthesis Report" option in "Analysis and Synthesis Settings -> More Settings" to "Off".


+----------------------------------------------------------------------------------+
; Parameter Settings for User Entity Instance: datapath:dp|alu:alu|n_not_gate:not1 ;
+----------------+-------+---------------------------------------------------------+
; Parameter Name ; Value ; Type                                                    ;
+----------------+-------+---------------------------------------------------------+
; N              ; 32    ; Signed Integer                                          ;
+----------------+-------+---------------------------------------------------------+
Note: In order to hide this table in the UI and the text report file, please set the "Show Parameter Settings in Synthesis Report" option in "Analysis and Synthesis Settings -> More Settings" to "Off".


+----------------------------------------------------------------------------+
; Parameter Settings for User Entity Instance: datapath:dp|alu:alu|mux_:mux1 ;
+----------------+-------+---------------------------------------------------+
; Parameter Name ; Value ; Type                                              ;
+----------------+-------+---------------------------------------------------+
; N              ; 32    ; Signed Integer                                    ;
+----------------+-------+---------------------------------------------------+
Note: In order to hide this table in the UI and the text report file, please set the "Show Parameter Settings in Synthesis Report" option in "Analysis and Synthesis Settings -> More Settings" to "Off".


+------------------------------------------------------------------------------+
; Parameter Settings for User Entity Instance: datapath:dp|alu:alu|zeroflag:zf ;
+----------------+-------+-----------------------------------------------------+
; Parameter Name ; Value ; Type                                                ;
+----------------+-------+-----------------------------------------------------+
; N              ; 32    ; Signed Integer                                      ;
+----------------+-------+-----------------------------------------------------+
Note: In order to hide this table in the UI and the text report file, please set the "Show Parameter Settings in Synthesis Report" option in "Analysis and Synthesis Settings -> More Settings" to "Off".


+------------------------------------------------------------------------------------------------------------------------------------------------------------------------------------------------------------------+
; Port Connectivity Checks: "datapath:dp|alu:alu|restador_n:res1"                                                                                                                                                  ;
+----------+-------+----------+------------------------------------------------------------------------------------------------------------------------------------------------------------------------------------+
; Port     ; Type  ; Severity ; Details                                                                                                                                                                            ;
+----------+-------+----------+------------------------------------------------------------------------------------------------------------------------------------------------------------------------------------+
; caIn     ; Input ; Warning  ; Input port expression (32 bits) is wider than the input port (1 bits) it drives.  The 31 most-significant bit(s) in the expression will be dangling if they have no other fanouts. ;
; caIn[-1] ; Input ; Info     ; Stuck at GND                                                                                                                                                                       ;
+----------+-------+----------+------------------------------------------------------------------------------------------------------------------------------------------------------------------------------------+


+------------------------------------------------------------------------------------------------------------------------------------------------------------------------------------------------------------------+
; Port Connectivity Checks: "datapath:dp|alu:alu|sumador_n:sum1"                                                                                                                                                   ;
+----------+-------+----------+------------------------------------------------------------------------------------------------------------------------------------------------------------------------------------+
; Port     ; Type  ; Severity ; Details                                                                                                                                                                            ;
+----------+-------+----------+------------------------------------------------------------------------------------------------------------------------------------------------------------------------------------+
; caIn     ; Input ; Warning  ; Input port expression (32 bits) is wider than the input port (1 bits) it drives.  The 31 most-significant bit(s) in the expression will be dangling if they have no other fanouts. ;
; caIn[-1] ; Input ; Info     ; Stuck at GND                                                                                                                                                                       ;
+----------+-------+----------+------------------------------------------------------------------------------------------------------------------------------------------------------------------------------------+


+---------------------------------------------------------------------------------------------------------------------------------------------------------------------+
; Port Connectivity Checks: "datapath:dp|alu:alu"                                                                                                                     ;
+------+-------+----------+-------------------------------------------------------------------------------------------------------------------------------------------+
; Port ; Type  ; Severity ; Details                                                                                                                                   ;
+------+-------+----------+-------------------------------------------------------------------------------------------------------------------------------------------+
; s    ; Input ; Warning  ; Input port expression (2 bits) is smaller than the input port (4 bits) it drives.  Extra input bit(s) "s[3..2]" will be connected to GND. ;
+------+-------+----------+-------------------------------------------------------------------------------------------------------------------------------------------+


+----------------------------------------------------------------------------------------------------------------+
; Port Connectivity Checks: "datapath:dp|register_file:rf"                                                       ;
+------+--------+----------+-------------------------------------------------------------------------------------+
; Port ; Type   ; Severity ; Details                                                                             ;
+------+--------+----------+-------------------------------------------------------------------------------------+
; rd1  ; Output ; Info     ; Connected to dangling logic. Logic that only feeds a dangling port will be removed. ;
; rd2  ; Output ; Info     ; Connected to dangling logic. Logic that only feeds a dangling port will be removed. ;
+------+--------+----------+-------------------------------------------------------------------------------------+


+-----------------------------------------------------+
; Port Connectivity Checks: "datapath:dp|mux2:ra1mux" ;
+------+-------+----------+---------------------------+
; Port ; Type  ; Severity ; Details                   ;
+------+-------+----------+---------------------------+
; d1   ; Input ; Info     ; Stuck at VCC              ;
+------+-------+----------+---------------------------+


+------------------------------------------------------+
; Port Connectivity Checks: "datapath:dp|adder:pcadd2" ;
+----------+-------+----------+------------------------+
; Port     ; Type  ; Severity ; Details                ;
+----------+-------+----------+------------------------+
; b[31..3] ; Input ; Info     ; Stuck at GND           ;
; b[1..0]  ; Input ; Info     ; Stuck at GND           ;
; b[2]     ; Input ; Info     ; Stuck at VCC           ;
+----------+-------+----------+------------------------+


+------------------------------------------------------+
; Port Connectivity Checks: "datapath:dp|adder:pcadd1" ;
+----------+-------+----------+------------------------+
; Port     ; Type  ; Severity ; Details                ;
+----------+-------+----------+------------------------+
; b[31..3] ; Input ; Info     ; Stuck at GND           ;
; b[1..0]  ; Input ; Info     ; Stuck at GND           ;
; b[2]     ; Input ; Info     ; Stuck at VCC           ;
+----------+-------+----------+------------------------+


+--------------------------------------------------------------------------------------------------------------------+
; Port Connectivity Checks: "controller:c"                                                                           ;
+----------+--------+----------+-------------------------------------------------------------------------------------+
; Port     ; Type   ; Severity ; Details                                                                             ;
+----------+--------+----------+-------------------------------------------------------------------------------------+
; RegWrite ; Output ; Info     ; Connected to dangling logic. Logic that only feeds a dangling port will be removed. ;
; MemToReg ; Output ; Info     ; Connected to dangling logic. Logic that only feeds a dangling port will be removed. ;
+----------+--------+----------+-------------------------------------------------------------------------------------+


+-----------------------------------------------------+
; Post-Synthesis Netlist Statistics for Top Partition ;
+-----------------------+-----------------------------+
; Type                  ; Count                       ;
+-----------------------+-----------------------------+
; arriav_ff             ; 34                          ;
;     CLR SLD           ; 30                          ;
;     ENA CLR           ; 4                           ;
; arriav_lcell_comb     ; 112                         ;
;     arith             ; 30                          ;
;         1 data inputs ; 30                          ;
;     normal            ; 82                          ;
;         0 data inputs ; 1                           ;
;         2 data inputs ; 14                          ;
;         3 data inputs ; 9                           ;
;         4 data inputs ; 18                          ;
;         5 data inputs ; 23                          ;
;         6 data inputs ; 17                          ;
; boundary_port         ; 163                         ;
;                       ;                             ;
; Max LUT depth         ; 7.00                        ;
; Average LUT depth     ; 4.39                        ;
+-----------------------+-----------------------------+


+-------------------------------+
; Elapsed Time Per Partition    ;
+----------------+--------------+
; Partition Name ; Elapsed Time ;
+----------------+--------------+
; Top            ; 00:00:01     ;
+----------------+--------------+


+-------------------------------+
; Analysis & Synthesis Messages ;
+-------------------------------+
Info: *******************************************************************
Info: Running Quartus Prime Analysis & Synthesis
    Info: Version 22.1std.0 Build 915 10/25/2022 SC Lite Edition
    Info: Processing started: Mon May 29 18:37:02 2023
Info: Command: quartus_map --read_settings_files=on --write_settings_files=off processor -c processor
Warning (18236): Number of processors has not been specified which may cause overloading on shared machines.  Set the global assignment NUM_PARALLEL_PROCESSORS in your QSF to an appropriate value for best performance.
Info (20030): Parallel compilation is enabled and will use 4 of the 4 processors detected
Info (12021): Found 1 design units, including 1 entities, in source file laboratorio 3/alu/alu/zeroflag.sv
    Info (12023): Found entity 1: zeroflag File: D:/processor/Laboratorio 3/ALU/alu/zeroflag.sv Line: 1
Info (12021): Found 1 design units, including 1 entities, in source file laboratorio 3/alu/alu/testbench.sv
    Info (12023): Found entity 1: testbench File: D:/processor/Laboratorio 3/ALU/alu/testbench.sv Line: 1
Info (12021): Found 1 design units, including 1 entities, in source file laboratorio 3/alu/alu/neflag.sv
    Info (12023): Found entity 1: neflag File: D:/processor/Laboratorio 3/ALU/alu/neflag.sv Line: 1
Info (12021): Found 1 design units, including 1 entities, in source file laboratorio 3/alu/alu/mux_.sv
    Info (12023): Found entity 1: mux_ File: D:/processor/Laboratorio 3/ALU/alu/mux_.sv Line: 1
Info (12021): Found 1 design units, including 1 entities, in source file laboratorio 3/alu/alu/main.sv
    Info (12023): Found entity 1: main File: D:/processor/Laboratorio 3/ALU/alu/main.sv Line: 1
Info (12021): Found 1 design units, including 1 entities, in source file laboratorio 3/alu/alu/caflag.sv
    Info (12023): Found entity 1: caflag File: D:/processor/Laboratorio 3/ALU/alu/caflag.sv Line: 1
Info (12021): Found 1 design units, including 1 entities, in source file laboratorio 3/alu/alu/alu.sv
    Info (12023): Found entity 1: alu File: D:/processor/Laboratorio 3/ALU/alu/alu.sv Line: 1
Info (12021): Found 1 design units, including 1 entities, in source file laboratorio 3/alu/operaciones aritmetricas/sumador/testbench_sumador_n.sv
    Info (12023): Found entity 1: testbench_sumador_n File: D:/processor/Laboratorio 3/ALU/Operaciones aritmetricas/Sumador/testbench_sumador_n.sv Line: 1
Info (12021): Found 1 design units, including 1 entities, in source file laboratorio 3/alu/operaciones aritmetricas/sumador/testbench.sv
    Info (12023): Found entity 1: testbench_s File: D:/processor/Laboratorio 3/ALU/Operaciones aritmetricas/Sumador/testbench.sv Line: 1
Info (12021): Found 1 design units, including 1 entities, in source file laboratorio 3/alu/operaciones aritmetricas/sumador/sumador_n.sv
    Info (12023): Found entity 1: sumador_n File: D:/processor/Laboratorio 3/ALU/Operaciones aritmetricas/Sumador/sumador_n.sv Line: 1
Info (12021): Found 1 design units, including 1 entities, in source file laboratorio 3/alu/operaciones aritmetricas/sumador/sumador_1bit.sv
    Info (12023): Found entity 1: sumador_1bit File: D:/processor/Laboratorio 3/ALU/Operaciones aritmetricas/Sumador/sumador_1bit.sv Line: 1
Info (12021): Found 1 design units, including 1 entities, in source file laboratorio 3/alu/operaciones aritmetricas/restador/tb_restador_n.sv
    Info (12023): Found entity 1: tb_restador_n File: D:/processor/Laboratorio 3/ALU/Operaciones aritmetricas/Restador/tb_restador_n.sv Line: 1
Info (12021): Found 1 design units, including 1 entities, in source file laboratorio 3/alu/operaciones aritmetricas/restador/tb_restador.sv
    Info (12023): Found entity 1: tb_restador File: D:/processor/Laboratorio 3/ALU/Operaciones aritmetricas/Restador/tb_restador.sv Line: 1
Info (12021): Found 1 design units, including 1 entities, in source file laboratorio 3/alu/operaciones aritmetricas/restador/restador_n.sv
    Info (12023): Found entity 1: restador_n File: D:/processor/Laboratorio 3/ALU/Operaciones aritmetricas/Restador/restador_n.sv Line: 1
Info (12021): Found 1 design units, including 1 entities, in source file laboratorio 3/alu/operaciones aritmetricas/restador/restador_1bit.sv
    Info (12023): Found entity 1: restador_1bit File: D:/processor/Laboratorio 3/ALU/Operaciones aritmetricas/Restador/restador_1bit.sv Line: 1
Info (12021): Found 1 design units, including 1 entities, in source file laboratorio 3/alu/operandos_logicos/xor_gate_n.sv
    Info (12023): Found entity 1: xor_gate_n File: D:/processor/Laboratorio 3/ALU/Operandos_logicos/xor_gate_n.sv Line: 1
Info (12021): Found 1 design units, including 1 entities, in source file laboratorio 3/alu/operandos_logicos/xor_gate.sv
    Info (12023): Found entity 1: xor_gate File: D:/processor/Laboratorio 3/ALU/Operandos_logicos/xor_gate.sv Line: 1
Info (12021): Found 1 design units, including 1 entities, in source file laboratorio 3/alu/operandos_logicos/testbench_alu.sv
    Info (12023): Found entity 1: testbench_alu File: D:/processor/Laboratorio 3/ALU/Operandos_logicos/testbench_alu.sv Line: 1
Info (12021): Found 1 design units, including 1 entities, in source file laboratorio 3/alu/operandos_logicos/or_gate_n.sv
    Info (12023): Found entity 1: or_gate_n File: D:/processor/Laboratorio 3/ALU/Operandos_logicos/or_gate_n.sv Line: 1
Info (12021): Found 1 design units, including 1 entities, in source file laboratorio 3/alu/operandos_logicos/or_gate.sv
    Info (12023): Found entity 1: or_gate File: D:/processor/Laboratorio 3/ALU/Operandos_logicos/or_gate.sv Line: 1
Info (12021): Found 1 design units, including 1 entities, in source file laboratorio 3/alu/operandos_logicos/n_not_gate.sv
    Info (12023): Found entity 1: n_not_gate File: D:/processor/Laboratorio 3/ALU/Operandos_logicos/n_not_gate.sv Line: 1
Info (12021): Found 1 design units, including 1 entities, in source file laboratorio 3/alu/operandos_logicos/lsl_logic.sv
    Info (12023): Found entity 1: lsl_logic File: D:/processor/Laboratorio 3/ALU/Operandos_logicos/lsl_logic.sv Line: 1
Info (12021): Found 1 design units, including 1 entities, in source file laboratorio 3/alu/operandos_logicos/lsl_arithmetic.sv
    Info (12023): Found entity 1: lsl_arithmetic File: D:/processor/Laboratorio 3/ALU/Operandos_logicos/lsl_arithmetic.sv Line: 1
Info (12021): Found 1 design units, including 1 entities, in source file laboratorio 3/alu/operandos_logicos/lrl_logic.sv
    Info (12023): Found entity 1: lrl_logic File: D:/processor/Laboratorio 3/ALU/Operandos_logicos/lrl_logic.sv Line: 1
Info (12021): Found 1 design units, including 1 entities, in source file laboratorio 3/alu/operandos_logicos/lrl_arithmetic.sv
    Info (12023): Found entity 1: lrl_arithmetic File: D:/processor/Laboratorio 3/ALU/Operandos_logicos/lrl_arithmetic.sv Line: 1
Info (12021): Found 1 design units, including 1 entities, in source file laboratorio 3/alu/operandos_logicos/and_gate_n.sv
    Info (12023): Found entity 1: and_gate_n File: D:/processor/Laboratorio 3/ALU/Operandos_logicos/and_gate_n.sv Line: 1
Info (12021): Found 1 design units, including 1 entities, in source file laboratorio 3/alu/operandos_logicos/and_gate.sv
    Info (12023): Found entity 1: and_gate File: D:/processor/Laboratorio 3/ALU/Operandos_logicos/and_gate.sv Line: 1
Info (12021): Found 1 design units, including 1 entities, in source file register_file.sv
    Info (12023): Found entity 1: register_file File: D:/processor/register_file.sv Line: 1
Info (12021): Found 1 design units, including 1 entities, in source file adder.sv
    Info (12023): Found entity 1: adder File: D:/processor/adder.sv Line: 1
Info (12021): Found 1 design units, including 1 entities, in source file extend.sv
    Info (12023): Found entity 1: extend File: D:/processor/extend.sv Line: 1
Info (12021): Found 1 design units, including 1 entities, in source file flopr.sv
    Info (12023): Found entity 1: flopr File: D:/processor/flopr.sv Line: 2
Info (12021): Found 1 design units, including 1 entities, in source file flopenr.sv
    Info (12023): Found entity 1: flopenr File: D:/processor/flopenr.sv Line: 2
Info (12021): Found 1 design units, including 1 entities, in source file mux2.sv
    Info (12023): Found entity 1: mux2 File: D:/processor/mux2.sv Line: 1
Info (12021): Found 1 design units, including 1 entities, in source file decoder.sv
    Info (12023): Found entity 1: decoder File: D:/processor/decoder.sv Line: 1
Info (12021): Found 2 design units, including 2 entities, in source file condlogic.sv
    Info (12023): Found entity 1: condlogic File: D:/processor/condlogic.sv Line: 1
    Info (12023): Found entity 2: condcheck File: D:/processor/condlogic.sv Line: 25
Info (12021): Found 1 design units, including 1 entities, in source file datapath.sv
    Info (12023): Found entity 1: datapath File: D:/processor/datapath.sv Line: 1
Info (12021): Found 1 design units, including 1 entities, in source file arm.sv
    Info (12023): Found entity 1: arm File: D:/processor/arm.sv Line: 1
Info (12021): Found 1 design units, including 1 entities, in source file controller.sv
    Info (12023): Found entity 1: controller File: D:/processor/controller.sv Line: 1
Warning (10236): Verilog HDL Implicit Net warning at testbench_sumador_n.sv(9): created implicit net for "caOut" File: D:/processor/Laboratorio 3/ALU/Operaciones aritmetricas/Sumador/testbench_sumador_n.sv Line: 9
Warning (10236): Verilog HDL Implicit Net warning at sumador_1bit.sv(4): created implicit net for "N1" File: D:/processor/Laboratorio 3/ALU/Operaciones aritmetricas/Sumador/sumador_1bit.sv Line: 4
Warning (10236): Verilog HDL Implicit Net warning at sumador_1bit.sv(6): created implicit net for "N3" File: D:/processor/Laboratorio 3/ALU/Operaciones aritmetricas/Sumador/sumador_1bit.sv Line: 6
Warning (10236): Verilog HDL Implicit Net warning at sumador_1bit.sv(7): created implicit net for "N4" File: D:/processor/Laboratorio 3/ALU/Operaciones aritmetricas/Sumador/sumador_1bit.sv Line: 7
Warning (10236): Verilog HDL Implicit Net warning at tb_restador_n.sv(9): created implicit net for "caOut" File: D:/processor/Laboratorio 3/ALU/Operaciones aritmetricas/Restador/tb_restador_n.sv Line: 9
Warning (10236): Verilog HDL Implicit Net warning at restador_1bit.sv(5): created implicit net for "R1" File: D:/processor/Laboratorio 3/ALU/Operaciones aritmetricas/Restador/restador_1bit.sv Line: 5
Warning (10236): Verilog HDL Implicit Net warning at restador_1bit.sv(8): created implicit net for "R2" File: D:/processor/Laboratorio 3/ALU/Operaciones aritmetricas/Restador/restador_1bit.sv Line: 8
Warning (10236): Verilog HDL Implicit Net warning at restador_1bit.sv(10): created implicit net for "R3" File: D:/processor/Laboratorio 3/ALU/Operaciones aritmetricas/Restador/restador_1bit.sv Line: 10
Warning (10236): Verilog HDL Implicit Net warning at arm.sv(14): created implicit net for "RegWriteRegWrite" File: D:/processor/arm.sv Line: 14
Warning (10236): Verilog HDL Implicit Net warning at arm.sv(15): created implicit net for "MemToReg" File: D:/processor/arm.sv Line: 15
Info (12127): Elaborating entity "arm" for the top level hierarchy
Info (12128): Elaborating entity "controller" for hierarchy "controller:c" File: D:/processor/arm.sv Line: 15
Info (12128): Elaborating entity "decoder" for hierarchy "controller:c|decoder:dec" File: D:/processor/controller.sv Line: 17
Info (12128): Elaborating entity "condlogic" for hierarchy "controller:c|condlogic:cl" File: D:/processor/controller.sv Line: 20
Info (12128): Elaborating entity "flopenr" for hierarchy "controller:c|condlogic:cl|flopenr:flagreg1" File: D:/processor/condlogic.sv Line: 13
Info (12128): Elaborating entity "condcheck" for hierarchy "controller:c|condlogic:cl|condcheck:cc" File: D:/processor/condlogic.sv Line: 18
Info (12128): Elaborating entity "datapath" for hierarchy "datapath:dp" File: D:/processor/arm.sv Line: 21
Info (12128): Elaborating entity "mux2" for hierarchy "datapath:dp|mux2:pcmux" File: D:/processor/datapath.sv Line: 21
Info (12128): Elaborating entity "flopr" for hierarchy "datapath:dp|flopr:pcreg" File: D:/processor/datapath.sv Line: 22
Info (12128): Elaborating entity "adder" for hierarchy "datapath:dp|adder:pcadd1" File: D:/processor/datapath.sv Line: 23
Info (12128): Elaborating entity "mux2" for hierarchy "datapath:dp|mux2:ra1mux" File: D:/processor/datapath.sv Line: 27
Info (12128): Elaborating entity "register_file" for hierarchy "datapath:dp|register_file:rf" File: D:/processor/datapath.sv Line: 31
Info (12128): Elaborating entity "extend" for hierarchy "datapath:dp|extend:ext" File: D:/processor/datapath.sv Line: 33
Info (12128): Elaborating entity "alu" for hierarchy "datapath:dp|alu:alu" File: D:/processor/datapath.sv Line: 39
Warning (10034): Output port "fo" at alu.sv(5) has no driver File: D:/processor/Laboratorio 3/ALU/alu/alu.sv Line: 5
Info (12128): Elaborating entity "sumador_n" for hierarchy "datapath:dp|alu:alu|sumador_n:sum1" File: D:/processor/Laboratorio 3/ALU/alu/alu.sv Line: 22
Info (12128): Elaborating entity "sumador_1bit" for hierarchy "datapath:dp|alu:alu|sumador_n:sum1|sumador_1bit:sumador[0].dut" File: D:/processor/Laboratorio 3/ALU/Operaciones aritmetricas/Sumador/sumador_n.sv Line: 10
Info (12128): Elaborating entity "caflag" for hierarchy "datapath:dp|alu:alu|caflag:cf" File: D:/processor/Laboratorio 3/ALU/alu/alu.sv Line: 23
Info (12128): Elaborating entity "restador_n" for hierarchy "datapath:dp|alu:alu|restador_n:res1" File: D:/processor/Laboratorio 3/ALU/alu/alu.sv Line: 24
Info (12128): Elaborating entity "restador_1bit" for hierarchy "datapath:dp|alu:alu|restador_n:res1|restador_1bit:restador[0].dut" File: D:/processor/Laboratorio 3/ALU/Operaciones aritmetricas/Restador/restador_n.sv Line: 11
Info (12128): Elaborating entity "neflag" for hierarchy "datapath:dp|alu:alu|neflag:nf" File: D:/processor/Laboratorio 3/ALU/alu/alu.sv Line: 25
Info (12128): Elaborating entity "lsl_arithmetic" for hierarchy "datapath:dp|alu:alu|lsl_arithmetic:lsl1" File: D:/processor/Laboratorio 3/ALU/alu/alu.sv Line: 26
Info (12128): Elaborating entity "lrl_arithmetic" for hierarchy "datapath:dp|alu:alu|lrl_arithmetic:lrl1" File: D:/processor/Laboratorio 3/ALU/alu/alu.sv Line: 27
Info (12128): Elaborating entity "and_gate_n" for hierarchy "datapath:dp|alu:alu|and_gate_n:and1" File: D:/processor/Laboratorio 3/ALU/alu/alu.sv Line: 28
Info (12128): Elaborating entity "and_gate" for hierarchy "datapath:dp|alu:alu|and_gate_n:and1|and_gate:and_gen[0].and_inst" File: D:/processor/Laboratorio 3/ALU/Operandos_logicos/and_gate_n.sv Line: 16
Info (12128): Elaborating entity "or_gate_n" for hierarchy "datapath:dp|alu:alu|or_gate_n:or1" File: D:/processor/Laboratorio 3/ALU/alu/alu.sv Line: 29
Info (12128): Elaborating entity "or_gate" for hierarchy "datapath:dp|alu:alu|or_gate_n:or1|or_gate:or_gen[0].or_inst" File: D:/processor/Laboratorio 3/ALU/Operandos_logicos/or_gate_n.sv Line: 16
Info (12128): Elaborating entity "xor_gate_n" for hierarchy "datapath:dp|alu:alu|xor_gate_n:xor1" File: D:/processor/Laboratorio 3/ALU/alu/alu.sv Line: 30
Info (12128): Elaborating entity "xor_gate" for hierarchy "datapath:dp|alu:alu|xor_gate_n:xor1|xor_gate:xor_gen[0].xor_inst" File: D:/processor/Laboratorio 3/ALU/Operandos_logicos/xor_gate_n.sv Line: 16
Info (12128): Elaborating entity "lsl_logic" for hierarchy "datapath:dp|alu:alu|lsl_logic:lsl2" File: D:/processor/Laboratorio 3/ALU/alu/alu.sv Line: 31
Info (12128): Elaborating entity "lrl_logic" for hierarchy "datapath:dp|alu:alu|lrl_logic:lrl2" File: D:/processor/Laboratorio 3/ALU/alu/alu.sv Line: 32
Info (12128): Elaborating entity "n_not_gate" for hierarchy "datapath:dp|alu:alu|n_not_gate:not1" File: D:/processor/Laboratorio 3/ALU/alu/alu.sv Line: 33
Info (12128): Elaborating entity "mux_" for hierarchy "datapath:dp|alu:alu|mux_:mux1" File: D:/processor/Laboratorio 3/ALU/alu/alu.sv Line: 34
Info (12128): Elaborating entity "zeroflag" for hierarchy "datapath:dp|alu:alu|zeroflag:zf" File: D:/processor/Laboratorio 3/ALU/alu/alu.sv Line: 35
Warning (10240): Verilog HDL Always Construct warning at zeroflag.sv(4): inferring latch(es) for variable "out", which holds its previous value in one or more paths through the always construct File: D:/processor/Laboratorio 3/ALU/alu/zeroflag.sv Line: 4
Info (10041): Inferred latch for "out" at zeroflag.sv(4) File: D:/processor/Laboratorio 3/ALU/alu/zeroflag.sv Line: 4
Warning (12241): 3 hierarchies have connectivity warnings - see the Connectivity Checks report folder
Warning (13024): Output pins are stuck at VCC or GND
    Warning (13410): Pin "WriteData[0]" is stuck at GND File: D:/processor/arm.sv Line: 5
    Warning (13410): Pin "WriteData[1]" is stuck at GND File: D:/processor/arm.sv Line: 5
    Warning (13410): Pin "WriteData[2]" is stuck at GND File: D:/processor/arm.sv Line: 5
    Warning (13410): Pin "WriteData[3]" is stuck at GND File: D:/processor/arm.sv Line: 5
    Warning (13410): Pin "WriteData[4]" is stuck at GND File: D:/processor/arm.sv Line: 5
    Warning (13410): Pin "WriteData[5]" is stuck at GND File: D:/processor/arm.sv Line: 5
    Warning (13410): Pin "WriteData[6]" is stuck at GND File: D:/processor/arm.sv Line: 5
    Warning (13410): Pin "WriteData[7]" is stuck at GND File: D:/processor/arm.sv Line: 5
    Warning (13410): Pin "WriteData[8]" is stuck at GND File: D:/processor/arm.sv Line: 5
    Warning (13410): Pin "WriteData[9]" is stuck at GND File: D:/processor/arm.sv Line: 5
    Warning (13410): Pin "WriteData[10]" is stuck at GND File: D:/processor/arm.sv Line: 5
    Warning (13410): Pin "WriteData[11]" is stuck at GND File: D:/processor/arm.sv Line: 5
    Warning (13410): Pin "WriteData[12]" is stuck at GND File: D:/processor/arm.sv Line: 5
    Warning (13410): Pin "WriteData[13]" is stuck at GND File: D:/processor/arm.sv Line: 5
    Warning (13410): Pin "WriteData[14]" is stuck at GND File: D:/processor/arm.sv Line: 5
    Warning (13410): Pin "WriteData[15]" is stuck at GND File: D:/processor/arm.sv Line: 5
    Warning (13410): Pin "WriteData[16]" is stuck at GND File: D:/processor/arm.sv Line: 5
    Warning (13410): Pin "WriteData[17]" is stuck at GND File: D:/processor/arm.sv Line: 5
    Warning (13410): Pin "WriteData[18]" is stuck at GND File: D:/processor/arm.sv Line: 5
    Warning (13410): Pin "WriteData[19]" is stuck at GND File: D:/processor/arm.sv Line: 5
    Warning (13410): Pin "WriteData[20]" is stuck at GND File: D:/processor/arm.sv Line: 5
    Warning (13410): Pin "WriteData[21]" is stuck at GND File: D:/processor/arm.sv Line: 5
    Warning (13410): Pin "WriteData[22]" is stuck at GND File: D:/processor/arm.sv Line: 5
    Warning (13410): Pin "WriteData[23]" is stuck at GND File: D:/processor/arm.sv Line: 5
    Warning (13410): Pin "WriteData[24]" is stuck at GND File: D:/processor/arm.sv Line: 5
    Warning (13410): Pin "WriteData[25]" is stuck at GND File: D:/processor/arm.sv Line: 5
    Warning (13410): Pin "WriteData[26]" is stuck at GND File: D:/processor/arm.sv Line: 5
    Warning (13410): Pin "WriteData[27]" is stuck at GND File: D:/processor/arm.sv Line: 5
    Warning (13410): Pin "WriteData[28]" is stuck at GND File: D:/processor/arm.sv Line: 5
    Warning (13410): Pin "WriteData[29]" is stuck at GND File: D:/processor/arm.sv Line: 5
    Warning (13410): Pin "WriteData[30]" is stuck at GND File: D:/processor/arm.sv Line: 5
    Warning (13410): Pin "WriteData[31]" is stuck at GND File: D:/processor/arm.sv Line: 5
Info (286030): Timing-Driven Synthesis is running
Info (144001): Generated suppressed messages file D:/processor/output_files/processor.map.smsg
Info (16010): Generating hard_block partition "hard_block:auto_generated_inst"
    Info (16011): Adding 0 node(s), including 0 DDIO, 0 PLL, 0 transceiver and 0 LCELL
Warning (21074): Design contains 32 input pin(s) that do not drive logic
    Warning (15610): No output dependent on input pin "ReadData[0]" File: D:/processor/arm.sv Line: 6
    Warning (15610): No output dependent on input pin "ReadData[1]" File: D:/processor/arm.sv Line: 6
    Warning (15610): No output dependent on input pin "ReadData[2]" File: D:/processor/arm.sv Line: 6
    Warning (15610): No output dependent on input pin "ReadData[3]" File: D:/processor/arm.sv Line: 6
    Warning (15610): No output dependent on input pin "ReadData[4]" File: D:/processor/arm.sv Line: 6
    Warning (15610): No output dependent on input pin "ReadData[5]" File: D:/processor/arm.sv Line: 6
    Warning (15610): No output dependent on input pin "ReadData[6]" File: D:/processor/arm.sv Line: 6
    Warning (15610): No output dependent on input pin "ReadData[7]" File: D:/processor/arm.sv Line: 6
    Warning (15610): No output dependent on input pin "ReadData[8]" File: D:/processor/arm.sv Line: 6
    Warning (15610): No output dependent on input pin "ReadData[9]" File: D:/processor/arm.sv Line: 6
    Warning (15610): No output dependent on input pin "ReadData[10]" File: D:/processor/arm.sv Line: 6
    Warning (15610): No output dependent on input pin "ReadData[11]" File: D:/processor/arm.sv Line: 6
    Warning (15610): No output dependent on input pin "ReadData[12]" File: D:/processor/arm.sv Line: 6
    Warning (15610): No output dependent on input pin "ReadData[13]" File: D:/processor/arm.sv Line: 6
    Warning (15610): No output dependent on input pin "ReadData[14]" File: D:/processor/arm.sv Line: 6
    Warning (15610): No output dependent on input pin "ReadData[15]" File: D:/processor/arm.sv Line: 6
    Warning (15610): No output dependent on input pin "ReadData[16]" File: D:/processor/arm.sv Line: 6
    Warning (15610): No output dependent on input pin "ReadData[17]" File: D:/processor/arm.sv Line: 6
    Warning (15610): No output dependent on input pin "ReadData[18]" File: D:/processor/arm.sv Line: 6
    Warning (15610): No output dependent on input pin "ReadData[19]" File: D:/processor/arm.sv Line: 6
    Warning (15610): No output dependent on input pin "ReadData[20]" File: D:/processor/arm.sv Line: 6
    Warning (15610): No output dependent on input pin "ReadData[21]" File: D:/processor/arm.sv Line: 6
    Warning (15610): No output dependent on input pin "ReadData[22]" File: D:/processor/arm.sv Line: 6
    Warning (15610): No output dependent on input pin "ReadData[23]" File: D:/processor/arm.sv Line: 6
    Warning (15610): No output dependent on input pin "ReadData[24]" File: D:/processor/arm.sv Line: 6
    Warning (15610): No output dependent on input pin "ReadData[25]" File: D:/processor/arm.sv Line: 6
    Warning (15610): No output dependent on input pin "ReadData[26]" File: D:/processor/arm.sv Line: 6
    Warning (15610): No output dependent on input pin "ReadData[27]" File: D:/processor/arm.sv Line: 6
    Warning (15610): No output dependent on input pin "ReadData[28]" File: D:/processor/arm.sv Line: 6
    Warning (15610): No output dependent on input pin "ReadData[29]" File: D:/processor/arm.sv Line: 6
    Warning (15610): No output dependent on input pin "ReadData[30]" File: D:/processor/arm.sv Line: 6
    Warning (15610): No output dependent on input pin "ReadData[31]" File: D:/processor/arm.sv Line: 6
Info (21057): Implemented 276 device resources after synthesis - the final resource count might be different
    Info (21058): Implemented 66 input pins
    Info (21059): Implemented 97 output pins
    Info (21061): Implemented 113 logic cells
Info: Quartus Prime Analysis & Synthesis was successful. 0 errors, 80 warnings
    Info: Peak virtual memory: 4847 megabytes
    Info: Processing ended: Mon May 29 18:37:16 2023
    Info: Elapsed time: 00:00:14
    Info: Total CPU time (on all processors): 00:00:34


+------------------------------------------+
; Analysis & Synthesis Suppressed Messages ;
+------------------------------------------+
The suppressed messages can be found in D:/processor/output_files/processor.map.smsg.


